#-----------------------------------------------------------
# Vivado v2018.2 (64-bit)
# SW Build 2258646 on Thu Jun 14 20:03:12 MDT 2018
# IP Build 2256618 on Thu Jun 14 22:10:49 MDT 2018
# Start of session at: Sat Apr 11 17:07:22 2020
# Process ID: 16764
# Current directory: F:/1fr/HWnLABS/CA/labs/lab2/RV321_Core
# Command line: vivado.exe -gui_launcher_event rodinguilauncherevent23512 F:\1fr\HWnLABS\CA\labs\lab2\RV321_Core\RV321_Core.xpr
# Log file: F:/1fr/HWnLABS/CA/labs/lab2/RV321_Core/vivado.log
# Journal file: F:/1fr/HWnLABS/CA/labs/lab2/RV321_Core\vivado.jou
#-----------------------------------------------------------
start_gui
open_project F:/1fr/HWnLABS/CA/labs/lab2/RV321_Core/RV321_Core.xpr
Scanning sources...
Finished scanning sources
INFO: [IP_Flow 19-234] Refreshing IP repositories
INFO: [IP_Flow 19-1704] No user IP repositories specified
INFO: [IP_Flow 19-2313] Loaded Vivado IP repository 'D:/Xilinx/Vivado/2018.2/data/ip'.
open_project: Time (s): cpu = 00:00:10 ; elapsed = 00:00:14 . Memory (MB): peak = 739.996 ; gain = 66.844
update_compile_order -fileset sources_1
update_compile_order -fileset sources_1
exit
INFO: [Common 17-206] Exiting Vivado at Sun Apr 12 20:25:37 2020...
