Vivado Simulator 2018.2
Copyright 1986-1999, 2001-2018 Xilinx, Inc. All Rights Reserved.
Running: D:/Xilinx/Vivado/2018.2/bin/unwrapped/win64.o/xelab.exe -wto feafc26b86bf4ababae2ddbe1e35ab93 --incr --debug typical --relax --mt 2 -L xil_defaultlib -L unisims_ver -L unimacro_ver -L secureip --snapshot testBench_behav xil_defaultlib.testBench xil_defaultlib.glbl -log elaborate.log 
Using 2 slave threads.
WARNING: [XSIM 43-3431] One or more environment variables have been detected which affect the operation of the C compiler. These are typically not set in standard installations and are not tested by Xilinx, however they may be appropriate for your system, so the flow will attempt to continue.  If errors occur, try running xelab with the "-mt off -v 1" switches to see more information from the C compiler. The following environment variables have been detected:
Starting static elaboration
WARNING: [VRFC 10-278] actual bit length 2 differs from formal bit length 3 for port src_reg_en_EX [F:/1fr/HWnLABS/CA/labs/ustc_ca2020_lab/Lab2/CSR/RV32ICore.v:306]
Completed static elaboration
Starting simulation data flow analysis
Completed simulation data flow analysis
Time Resolution for simulation is 1ps
Compiling module xil_defaultlib.NPC_Generator
Compiling module xil_defaultlib.PC_IF
Compiling module xil_defaultlib.PC_ID
Compiling module xil_defaultlib.InstructionCache
Compiling module xil_defaultlib.IR_ID
Compiling module xil_defaultlib.RegisterFile
Compiling module xil_defaultlib.CSR_RegisterFile
Compiling module xil_defaultlib.ControllerDecoder
Compiling module xil_defaultlib.ImmExtend
Compiling module xil_defaultlib.PC_EX
Compiling module xil_defaultlib.BR_Target_EX
Compiling module xil_defaultlib.Op1_EX
Compiling module xil_defaultlib.Op2_EX
Compiling module xil_defaultlib.Reg2_EX
Compiling module xil_defaultlib.Addr_EX
Compiling module xil_defaultlib.Ctrl_EX
Compiling module xil_defaultlib.ALU
Compiling module xil_defaultlib.CSRALU
Compiling module xil_defaultlib.BranchDecision
Compiling module xil_defaultlib.Result_MEM
Compiling module xil_defaultlib.Reg2_MEM
Compiling module xil_defaultlib.Addr_MEM
Compiling module xil_defaultlib.Ctrl_MEM
Compiling module xil_defaultlib.DataCache
Compiling module xil_defaultlib.DataExtend
Compiling module xil_defaultlib.WB_Data_WB
Compiling module xil_defaultlib.Addr_WB
Compiling module xil_defaultlib.Ctrl_WB
Compiling module xil_defaultlib.HarzardUnit
Compiling module xil_defaultlib.RV32ICore
Compiling module xil_defaultlib.testBench
WARNING: [XSIM 43-3373] "F:/1fr/HWnLABS/CA/labs/ustc_ca2020_lab/Lab2/CSR/Simulation/testBench.v" Line 76. System function $fscanf is used as system task. This system function should have a LHS e.g. x=$fscanf().
WARNING: [XSIM 43-3373] "F:/1fr/HWnLABS/CA/labs/ustc_ca2020_lab/Lab2/CSR/Simulation/testBench.v" Line 90. System function $fscanf is used as system task. This system function should have a LHS e.g. x=$fscanf().
WARNING: [XSIM 43-3373] "F:/1fr/HWnLABS/CA/labs/ustc_ca2020_lab/Lab2/CSR/Simulation/testBench.v" Line 101. System function $fscanf is used as system task. This system function should have a LHS e.g. x=$fscanf().
WARNING: [XSIM 43-3373] "F:/1fr/HWnLABS/CA/labs/ustc_ca2020_lab/Lab2/CSR/Simulation/testBench.v" Line 115. System function $fscanf is used as system task. This system function should have a LHS e.g. x=$fscanf().
Compiling module xil_defaultlib.glbl
Built simulation snapshot testBench_behav
