#
# A fatal error has been detected by the Java Runtime Environment:
#
#  EXCEPTION_ACCESS_VIOLATION (0xc0000005) at pc=0x00007ffaa10b4980, pid=16380, tid=0x0000000000004820
#
# JRE version: Java(TM) SE Runtime Environment (8.0_112-b15) (build 1.8.0_112-b15)
# Java VM: Java HotSpot(TM) 64-Bit Server VM (25.112-b15 mixed mode windows-amd64 compressed oops)
# Problematic frame:
# C  [librdi_wavedata.dll+0x414980]
#
# Failed to write core dump. Minidumps are not enabled by default on client versions of Windows
#
# If you would like to submit a bug report, please visit:
#   http://bugreport.java.com/bugreport/crash.jsp
# The crash happened outside the Java Virtual Machine in native code.
# See problematic frame for where to report the bug.
#

---------------  T H R E A D  ---------------

Current thread (0x000001afff693800):  JavaThread "AWT-EventQueue-0" [_thread_in_native, id=18464, stack(0x00000064da200000,0x00000064da700000)]

siginfo: ExceptionCode=0xc0000005, ExceptionInformation=0x0000000000000008 0x00007ffaa10b4980

Registers:
RAX=0x00007ffaa105f0e0, RBX=0x0000000000000000, RCX=0x000001aff4b10b10, RDX=0x0000000000000000
RSP=0x00000064da6fc8a8, RBP=0x00000064da6fca00, RSI=0x000001af9ec7de30, RDI=0x00000064da6fc9e8
R8 =0x00007ffaa10b460c, R9 =0x0000000000000000, R10=0x0000000000000001, R11=0x00000064da6fc880
R12=0x0000000000000000, R13=0x0000000000000000, R14=0x000001aff4b10b10, R15=0x00000003d07aa340
RIP=0x00007ffaa10b4980, EFLAGS=0x0000000000010246

Top of Stack: (sp=0x00000064da6fc8a8)
0x00000064da6fc8a8:   00007ffaa0e5758e 000001af9fa56440
0x00000064da6fc8b8:   000001af9fa56440 000001af9ec7de30
0x00000064da6fc8c8:   000001af9ec7de30 0000000700000000
0x00000064da6fc8d8:   00007ffb1f61c43f 0000000000000001
0x00000064da6fc8e8:   0000000000000001 f120000000000000
0x00000064da6fc8f8:   0000000000010000 fffffffffffffffe
0x00000064da6fc908:   00000064da6fc9e8 0000000100000000
0x00000064da6fc918:   000001afeb771380 0000000000000001
0x00000064da6fc928:   00008e0f9b386854 000001afeb7702ac
0x00000064da6fc938:   00008e0f9b386714 00000003d07aa340
0x00000064da6fc948:   000001af9fa56440 0000000000000000
0x00000064da6fc958:   000001aff2b425d0 00000064da6fcc18
0x00000064da6fc968:   00000064da6fca80 00000064da6fcc38
0x00000064da6fc978:   00007ffaa0ed225f 0000000000000030
0x00000064da6fc988:   00000064da6fca49 000001afeb880000
0x00000064da6fc998:   00007ffb1f61b997 00000064da6fca00 

Instructions: (pc=0x00007ffaa10b4980)
0x00007ffaa10b4960:   00 00 00 00 ff ff ff ff 00 00 00 00 40 00 00 00
0x00007ffaa10b4970:   08 49 41 00 00 00 00 00 00 00 00 00 00 00 00 00
0x00007ffaa10b4980:   01 00 00 00 00 00 00 00 00 00 00 00 90 67 53 00
0x00007ffaa10b4990:   a8 49 41 00 80 49 41 00 00 00 00 00 00 00 00 00 


Register to memory mapping:

RAX=0x00007ffaa105f0e0 is an unknown value
RBX=0x0000000000000000 is an unknown value
RCX=0x000001aff4b10b10 is an unknown value
RDX=0x0000000000000000 is an unknown value
RSP=0x00000064da6fc8a8 is pointing into the stack for thread: 0x000001afff693800
RBP=0x00000064da6fca00 is pointing into the stack for thread: 0x000001afff693800
RSI=0x000001af9ec7de30 is an unknown value
RDI=0x00000064da6fc9e8 is pointing into the stack for thread: 0x000001afff693800
R8 =0x00007ffaa10b460c is an unknown value
R9 =0x0000000000000000 is an unknown value
R10=0x0000000000000001 is an unknown value
R11=0x00000064da6fc880 is pointing into the stack for thread: 0x000001afff693800
R12=0x0000000000000000 is an unknown value
R13=0x0000000000000000 is an unknown value
R14=0x000001aff4b10b10 is an unknown value
R15=0x00000003d07aa340 is an unknown value


Stack: [0x00000064da200000,0x00000064da700000],  sp=0x00000064da6fc8a8,  free space=5106k
Native frames: (J=compiled Java code, j=interpreted, Vv=VM code, C=native code)
C  [librdi_wavedata.dll+0x414980]

Java frames: (J=compiled Java code, j=interpreted, Vv=VM code)
J 15157  ui.views.waveform.waveformi.WVExecutive_getTooltipTextDelayed(J)Ljava/lang/String; (0 bytes) @ 0x000001af811727c1 [0x000001af81172780+0x41]
J 15152 C1 ui.views.waveform.b.a.bH(Ljava/awt/event/MouseEvent;)V (135 bytes) @ 0x000001af82b26b6c [0x000001af82b264a0+0x6cc]
J 15106 C1 ui.views.waveform.b.a.mouseMoved(Ljava/awt/event/MouseEvent;)V (32 bytes) @ 0x000001af811abd9c [0x000001af811ab840+0x55c]
J 15345 C2 java.awt.AWTEventMulticaster.mouseMoved(Ljava/awt/event/MouseEvent;)V (27 bytes) @ 0x000001af81573d54 [0x000001af81573ca0+0xb4]
J 15345 C2 java.awt.AWTEventMulticaster.mouseMoved(Ljava/awt/event/MouseEvent;)V (27 bytes) @ 0x000001af81573d14 [0x000001af81573ca0+0x74]
J 16041 C2 javax.swing.JComponent.processMouseMotionEvent(Ljava/awt/event/MouseEvent;)V (46 bytes) @ 0x000001af802b0a84 [0x000001af802b0a00+0x84]
J 15104 C1 ui.frmwork.c.i.processMouseMotionEvent(Ljava/awt/event/MouseEvent;)V (131 bytes) @ 0x000001af811830a4 [0x000001af811821a0+0xf04]
J 10100 C2 java.awt.Container.processEvent(Ljava/awt/AWTEvent;)V (22 bytes) @ 0x000001af804befd4 [0x000001af804bee60+0x174]
J 15865 C1 java.awt.Component.dispatchEventImpl(Ljava/awt/AWTEvent;)V (883 bytes) @ 0x000001af82dc27cc [0x000001af82dbd0e0+0x56ec]
J 13115 C2 java.awt.Container.dispatchEventImpl(Ljava/awt/AWTEvent;)V (129 bytes) @ 0x000001af8250265c [0x000001af825025e0+0x7c]
J 14188 C2 java.awt.LightweightDispatcher.retargetMouseEvent(Ljava/awt/Component;ILjava/awt/event/MouseEvent;)V (350 bytes) @ 0x000001af828c65f8 [0x000001af828c60e0+0x518]
J 13115 C2 java.awt.Container.dispatchEventImpl(Ljava/awt/AWTEvent;)V (129 bytes) @ 0x000001af82502c14 [0x000001af825025e0+0x634]
J 15764 C2 java.awt.Window.dispatchEventImpl(Ljava/awt/AWTEvent;)V (23 bytes) @ 0x000001af80f1928c [0x000001af80f19240+0x4c]
J 10355 C2 java.awt.EventQueue$3.run()Ljava/lang/Object; (5 bytes) @ 0x000001af817530dc [0x000001af81752d60+0x37c]
v  ~StubRoutines::call_stub
J 2441  java.security.AccessController.doPrivileged(Ljava/security/PrivilegedAction;Ljava/security/AccessControlContext;)Ljava/lang/Object; (0 bytes) @ 0x000001af80812c66 [0x000001af80812c00+0x66]
J 15369 C2 java.awt.EventQueue$4.run()Ljava/lang/Object; (5 bytes) @ 0x000001af822d5528 [0x000001af822d53a0+0x188]
v  ~StubRoutines::call_stub
J 2441  java.security.AccessController.doPrivileged(Ljava/security/PrivilegedAction;Ljava/security/AccessControlContext;)Ljava/lang/Object; (0 bytes) @ 0x000001af80812c66 [0x000001af80812c00+0x66]
J 10326 C2 ui.frmwork.b.d.dispatchEvent(Ljava/awt/AWTEvent;)V (45 bytes) @ 0x000001af80df9c34 [0x000001af80df97c0+0x474]
J 13646 C2 java.awt.EventDispatchThread.pumpOneEventForFilters(I)V (295 bytes) @ 0x000001af826d5554 [0x000001af826d5200+0x354]
j  java.awt.EventDispatchThread.pumpEventsForFilter(ILjava/awt/Conditional;Ljava/awt/EventFilter;)V+35
j  java.awt.EventDispatchThread.pumpEventsForHierarchy(ILjava/awt/Conditional;Ljava/awt/Component;)V+11
j  java.awt.EventDispatchThread.pumpEvents(ILjava/awt/Conditional;)V+4
j  java.awt.EventDispatchThread.pumpEvents(Ljava/awt/Conditional;)V+3
j  java.awt.EventDispatchThread.run()V+9
v  ~StubRoutines::call_stub

---------------  P R O C E S S  ---------------

Java Threads: ( => current thread )
  0x000001af90270000 JavaThread "Relaunch Simulation" [_thread_blocked, id=20824, stack(0x00000064de600000,0x00000064deb00000)]
  0x000001af90267000 JavaThread "SyntheticaAnimation 50" daemon [_thread_blocked, id=13488, stack(0x00000064de100000,0x00000064de600000)]
  0x000001af9026d800 JavaThread "SyntheticaAnimation 50" daemon [_thread_blocked, id=11452, stack(0x00000064ddc00000,0x00000064de100000)]
  0x000001af9026e800 JavaThread "Thread-23" [_thread_in_native, id=17704, stack(0x00000064dc900000,0x00000064dca00000)]
  0x000001af90267800 JavaThread "Thread-22" [_thread_in_native, id=18188, stack(0x00000064dc800000,0x00000064dc900000)]
  0x000001af90269000 JavaThread "hw_ila_monitor" [_thread_blocked, id=11076, stack(0x00000064d9d00000,0x00000064da200000)]
  0x000001af90978000 JavaThread "Update Runs Swing Worker" [_thread_blocked, id=20116, stack(0x00000064dd700000,0x00000064ddc00000)]
  0x000001af90977000 JavaThread "Refresh Filesets Swing Worker" [_thread_blocked, id=17996, stack(0x00000064db100000,0x00000064db600000)]
  0x000001af90976800 JavaThread "SyntheticaAnimation 70" daemon [_thread_blocked, id=5260, stack(0x00000064dd200000,0x00000064dd700000)]
  0x000001af9097b000 JavaThread "SyntheticaAnimation 25" daemon [_thread_blocked, id=17152, stack(0x00000064dc300000,0x00000064dc800000)]
  0x000001af90975000 JavaThread "SyntheticaAnimation 50" daemon [_thread_blocked, id=3640, stack(0x00000064dbe00000,0x00000064dc300000)]
  0x000001af90979800 JavaThread "SyntheticaCleanerThread" daemon [_thread_blocked, id=15304, stack(0x00000064db600000,0x00000064dbb00000)]
  0x000001afff1b5800 JavaThread "Batik CleanerThread" daemon [_thread_blocked, id=19336, stack(0x00000064da700000,0x00000064dac00000)]
  0x000001af90026800 JavaThread "Process Messages" [_thread_blocked, id=9564, stack(0x00000064dac00000,0x00000064db100000)]
  0x000001af8ffcb000 JavaThread "Thread-3" [_thread_in_native, id=15432, stack(0x00000064d4a00000,0x00000064d5e00000)]
=>0x000001afff693800 JavaThread "AWT-EventQueue-0" [_thread_in_native, id=18464, stack(0x00000064da200000,0x00000064da700000)]
  0x000001afff98e800 JavaThread "AWT-Windows" daemon [_thread_in_native, id=11180, stack(0x00000064d9800000,0x00000064d9d00000)]
  0x000001afff910000 JavaThread "AWT-Shutdown" [_thread_blocked, id=1828, stack(0x00000064d9300000,0x00000064d9800000)]
  0x000001afff93c000 JavaThread "Java2D Disposer" daemon [_thread_blocked, id=19544, stack(0x00000064d8e00000,0x00000064d9300000)]
  0x000001afff932000 JavaThread "TimerQueue" daemon [_thread_blocked, id=10652, stack(0x00000064d8900000,0x00000064d8e00000)]
  0x000001affd4ca000 JavaThread "Service Thread" daemon [_thread_blocked, id=8808, stack(0x00000064d8300000,0x00000064d8800000)]
  0x000001affd4c4000 JavaThread "C1 CompilerThread3" daemon [_thread_blocked, id=2096, stack(0x00000064d8200000,0x00000064d8300000)]
  0x000001affd4c0000 JavaThread "C2 CompilerThread2" daemon [_thread_blocked, id=21316, stack(0x00000064d8100000,0x00000064d8200000)]
  0x000001affd4bf000 JavaThread "C2 CompilerThread1" daemon [_thread_blocked, id=11416, stack(0x00000064d8000000,0x00000064d8100000)]
  0x000001afff0d2800 JavaThread "C2 CompilerThread0" daemon [_thread_blocked, id=18096, stack(0x00000064d7f00000,0x00000064d8000000)]
  0x000001affd4ad000 JavaThread "Attach Listener" daemon [_thread_blocked, id=780, stack(0x00000064d7a00000,0x00000064d7f00000)]
  0x000001affd4ac000 JavaThread "Signal Dispatcher" daemon [_thread_blocked, id=17312, stack(0x00000064d7500000,0x00000064d7a00000)]
  0x000001affd47d800 JavaThread "Finalizer" daemon [_thread_blocked, id=21236, stack(0x00000064d7000000,0x00000064d7500000)]
  0x000001affd454000 JavaThread "Reference Handler" daemon [_thread_blocked, id=7740, stack(0x00000064d6b00000,0x00000064d7000000)]
  0x000001aff5244800 JavaThread "main" [_thread_blocked, id=2416, stack(0x00000064d6100000,0x00000064d6200000)]

Other Threads:
  0x000001aff533e000 VMThread [stack: 0x00000064d6a00000,0x00000064d6b00000] [id=3908]
  0x000001affd4d0800 WatcherThread [stack: 0x00000064d8800000,0x00000064d8900000] [id=12764]

VM state:not at safepoint (normal execution)

VM Mutex/Monitor currently owned by a thread: None

Heap:
 PSYoungGen      total 55296K, used 28627K [0x00000007bc400000, 0x00000007c0000000, 0x00000007c0000000)
  eden space 49152K, 56% used [0x00000007bc400000,0x00000007bdf14dc0,0x00000007bf400000)
  from space 6144K, 14% used [0x00000007bf400000,0x00000007bf4e0000,0x00000007bfa00000)
  to   space 5632K, 0% used [0x00000007bfa80000,0x00000007bfa80000,0x00000007c0000000)
 ParOldGen       total 92160K, used 46529K [0x0000000700000000, 0x0000000705a00000, 0x00000007bc400000)
  object space 92160K, 50% used [0x0000000700000000,0x0000000702d70738,0x0000000705a00000)
 Metaspace       used 67733K, capacity 68375K, committed 69120K, reserved 1110016K
  class space    used 9256K, capacity 9396K, committed 9472K, reserved 1048576K

Card table byte_map: [0x000001aff5700000,0x000001aff5d10000] byte_map_base: 0x000001aff1f00000

Marking Bits: (ParMarkBitMap*) 0x000000005c56a6d0
 Begin Bits: [0x000001aff6300000, 0x000001aff9300000)
 End Bits:   [0x000001aff9300000, 0x000001affc300000)

Polling page: 0x000001afed1b0000

CodeCache: size=245760Kb used=47070Kb max_used=47111Kb free=198689Kb
 bounds [0x000001af80000000, 0x000001af82e60000, 0x000001af8f000000]
 total_blobs=13384 nmethods=12484 adapters=805
 compilation: enabled

Compilation events (10 events):
Event: 1500.158 Thread 0x000001affd4c4000 16106       3       ui.frmwork.d.b::<init> (46 bytes)
Event: 1500.160 Thread 0x000001affd4c4000 nmethod 16106 0x000001af80f8c8d0 code [0x000001af80f8ca80, 0x000001af80f8cf30]
Event: 1500.162 Thread 0x000001affd4c4000 16107   !   3       java.awt.Container::locate (124 bytes)
Event: 1500.165 Thread 0x000001affd4c4000 nmethod 16107 0x000001af82e4a110 code [0x000001af82e4a320, 0x000001af82e4b110]
Event: 1500.396 Thread 0x000001affd4c4000 16108       3       ui.views.c.v.a::k (5 bytes)
Event: 1500.397 Thread 0x000001affd4c4000 nmethod 16108 0x000001af80a9a290 code [0x000001af80a9a420, 0x000001af80a9a780]
Event: 1500.449 Thread 0x000001affd4c4000 16109       3       de.javasoft.plaf.synthetica.SyntheticaLookAndFeel::findComponent (66 bytes)
Event: 1500.450 Thread 0x000001affd4c4000 nmethod 16109 0x000001af802a7390 code [0x000001af802a7560, 0x000001af802a7e80]
Event: 1500.497 Thread 0x000001afff0d2800 16110       4       javax.swing.plaf.synth.SynthStyle::getInt (27 bytes)
Event: 1500.498 Thread 0x000001afff0d2800 nmethod 16110 0x000001af80e73b90 code [0x000001af80e73ce0, 0x000001af80e73da8]

GC Heap History (10 events):
Event: 1476.622 GC heap before
{Heap before GC invocations=108 (full 26):
 PSYoungGen      total 53760K, used 640K [0x00000007bc400000, 0x00000007c0000000, 0x00000007c0000000)
  eden space 48128K, 0% used [0x00000007bc400000,0x00000007bc400000,0x00000007bf300000)
  from space 5632K, 11% used [0x00000007bfa80000,0x00000007bfb20000,0x00000007c0000000)
  to   space 6656K, 0% used [0x00000007bf300000,0x00000007bf300000,0x00000007bf980000)
 ParOldGen       total 92160K, used 46567K [0x0000000700000000, 0x0000000705a00000, 0x00000007bc400000)
  object space 92160K, 50% used [0x0000000700000000,0x0000000702d79f58,0x0000000705a00000)
 Metaspace       used 67670K, capacity 68247K, committed 68864K, reserved 1107968K
  class space    used 9255K, capacity 9396K, committed 9472K, reserved 1048576K
Event: 1476.696 GC heap after
Heap after GC invocations=108 (full 26):
 PSYoungGen      total 53760K, used 0K [0x00000007bc400000, 0x00000007c0000000, 0x00000007c0000000)
  eden space 48128K, 0% used [0x00000007bc400000,0x00000007bc400000,0x00000007bf300000)
  from space 5632K, 0% used [0x00000007bfa80000,0x00000007bfa80000,0x00000007c0000000)
  to   space 6656K, 0% used [0x00000007bf300000,0x00000007bf300000,0x00000007bf980000)
 ParOldGen       total 92160K, used 46910K [0x0000000700000000, 0x0000000705a00000, 0x00000007bc400000)
  object space 92160K, 50% used [0x0000000700000000,0x0000000702dcfb10,0x0000000705a00000)
 Metaspace       used 67670K, capacity 68247K, committed 68864K, reserved 1107968K
  class space    used 9255K, capacity 9396K, committed 9472K, reserved 1048576K
}
Event: 1482.452 GC heap before
{Heap before GC invocations=109 (full 26):
 PSYoungGen      total 53760K, used 48128K [0x00000007bc400000, 0x00000007c0000000, 0x00000007c0000000)
  eden space 48128K, 100% used [0x00000007bc400000,0x00000007bf300000,0x00000007bf300000)
  from space 5632K, 0% used [0x00000007bfa80000,0x00000007bfa80000,0x00000007c0000000)
  to   space 6656K, 0% used [0x00000007bf300000,0x00000007bf300000,0x00000007bf980000)
 ParOldGen       total 92160K, used 46910K [0x0000000700000000, 0x0000000705a00000, 0x00000007bc400000)
  object space 92160K, 50% used [0x0000000700000000,0x0000000702dcfb10,0x0000000705a00000)
 Metaspace       used 67700K, capacity 68375K, committed 69120K, reserved 1110016K
  class space    used 9256K, capacity 9396K, committed 9472K, reserved 1048576K
Event: 1482.456 GC heap after
Heap after GC invocations=109 (full 26):
 PSYoungGen      total 54784K, used 995K [0x00000007bc400000, 0x00000007c0000000, 0x00000007c0000000)
  eden space 48128K, 0% used [0x00000007bc400000,0x00000007bc400000,0x00000007bf300000)
  from space 6656K, 14% used [0x00000007bf300000,0x00000007bf3f8e70,0x00000007bf980000)
  to   space 6144K, 0% used [0x00000007bfa00000,0x00000007bfa00000,0x00000007c0000000)
 ParOldGen       total 92160K, used 46910K [0x0000000700000000, 0x0000000705a00000, 0x00000007bc400000)
  object space 92160K, 50% used [0x0000000700000000,0x0000000702dcfb10,0x0000000705a00000)
 Metaspace       used 67700K, capacity 68375K, committed 69120K, reserved 1110016K
  class space    used 9256K, capacity 9396K, committed 9472K, reserved 1048576K
}
Event: 1482.494 GC heap before
{Heap before GC invocations=110 (full 26):
 PSYoungGen      total 54784K, used 5766K [0x00000007bc400000, 0x00000007c0000000, 0x00000007c0000000)
  eden space 48128K, 9% used [0x00000007bc400000,0x00000007bc8a8ca0,0x00000007bf300000)
  from space 6656K, 14% used [0x00000007bf300000,0x00000007bf3f8e70,0x00000007bf980000)
  to   space 6144K, 0% used [0x00000007bfa00000,0x00000007bfa00000,0x00000007c0000000)
 ParOldGen       total 92160K, used 46910K [0x0000000700000000, 0x0000000705a00000, 0x00000007bc400000)
  object space 92160K, 50% used [0x0000000700000000,0x0000000702dcfb10,0x0000000705a00000)
 Metaspace       used 67702K, capacity 68375K, committed 69120K, reserved 1110016K
  class space    used 9256K, capacity 9396K, committed 9472K, reserved 1048576K
Event: 1482.497 GC heap after
Heap after GC invocations=110 (full 26):
 PSYoungGen      total 55296K, used 675K [0x00000007bc400000, 0x00000007c0000000, 0x00000007c0000000)
  eden space 49152K, 0% used [0x00000007bc400000,0x00000007bc400000,0x00000007bf400000)
  from space 6144K, 10% used [0x00000007bfa00000,0x00000007bfaa8e70,0x00000007c0000000)
  to   space 6144K, 0% used [0x00000007bf400000,0x00000007bf400000,0x00000007bfa00000)
 ParOldGen       total 92160K, used 46910K [0x0000000700000000, 0x0000000705a00000, 0x00000007bc400000)
  object space 92160K, 50% used [0x0000000700000000,0x0000000702dcfb10,0x0000000705a00000)
 Metaspace       used 67702K, capacity 68375K, committed 69120K, reserved 1110016K
  class space    used 9256K, capacity 9396K, committed 9472K, reserved 1048576K
}
Event: 1482.497 GC heap before
{Heap before GC invocations=111 (full 27):
 PSYoungGen      total 55296K, used 675K [0x00000007bc400000, 0x00000007c0000000, 0x00000007c0000000)
  eden space 49152K, 0% used [0x00000007bc400000,0x00000007bc400000,0x00000007bf400000)
  from space 6144K, 10% used [0x00000007bfa00000,0x00000007bfaa8e70,0x00000007c0000000)
  to   space 6144K, 0% used [0x00000007bf400000,0x00000007bf400000,0x00000007bfa00000)
 ParOldGen       total 92160K, used 46910K [0x0000000700000000, 0x0000000705a00000, 0x00000007bc400000)
  object space 92160K, 50% used [0x0000000700000000,0x0000000702dcfb10,0x0000000705a00000)
 Metaspace       used 67702K, capacity 68375K, committed 69120K, reserved 1110016K
  class space    used 9256K, capacity 9396K, committed 9472K, reserved 1048576K
Event: 1482.634 GC heap after
Heap after GC invocations=111 (full 27):
 PSYoungGen      total 55296K, used 0K [0x00000007bc400000, 0x00000007c0000000, 0x00000007c0000000)
  eden space 49152K, 0% used [0x00000007bc400000,0x00000007bc400000,0x00000007bf400000)
  from space 6144K, 0% used [0x00000007bfa00000,0x00000007bfa00000,0x00000007c0000000)
  to   space 6144K, 0% used [0x00000007bf400000,0x00000007bf400000,0x00000007bfa00000)
 ParOldGen       total 92160K, used 46529K [0x0000000700000000, 0x0000000705a00000, 0x00000007bc400000)
  object space 92160K, 50% used [0x0000000700000000,0x0000000702d70738,0x0000000705a00000)
 Metaspace       used 67702K, capacity 68375K, committed 69120K, reserved 1110016K
  class space    used 9256K, capacity 9396K, committed 9472K, reserved 1048576K
}
Event: 1498.646 GC heap before
{Heap before GC invocations=112 (full 27):
 PSYoungGen      total 55296K, used 49152K [0x00000007bc400000, 0x00000007c0000000, 0x00000007c0000000)
  eden space 49152K, 100% used [0x00000007bc400000,0x00000007bf400000,0x00000007bf400000)
  from space 6144K, 0% used [0x00000007bfa00000,0x00000007bfa00000,0x00000007c0000000)
  to   space 6144K, 0% used [0x00000007bf400000,0x00000007bf400000,0x00000007bfa00000)
 ParOldGen       total 92160K, used 46529K [0x0000000700000000, 0x0000000705a00000, 0x00000007bc400000)
  object space 92160K, 50% used [0x0000000700000000,0x0000000702d70738,0x0000000705a00000)
 Metaspace       used 67723K, capacity 68375K, committed 69120K, reserved 1110016K
  class space    used 9256K, capacity 9396K, committed 9472K, reserved 1048576K
Event: 1498.650 GC heap after
Heap after GC invocations=112 (full 27):
 PSYoungGen      total 55296K, used 896K [0x00000007bc400000, 0x00000007c0000000, 0x00000007c0000000)
  eden space 49152K, 0% used [0x00000007bc400000,0x00000007bc400000,0x00000007bf400000)
  from space 6144K, 14% used [0x00000007bf400000,0x00000007bf4e0000,0x00000007bfa00000)
  to   space 5632K, 0% used [0x00000007bfa80000,0x00000007bfa80000,0x00000007c0000000)
 ParOldGen       total 92160K, used 46529K [0x0000000700000000, 0x0000000705a00000, 0x00000007bc400000)
  object space 92160K, 50% used [0x0000000700000000,0x0000000702d70738,0x0000000705a00000)
 Metaspace       used 67723K, capacity 68375K, committed 69120K, reserved 1110016K
  class space    used 9256K, capacity 9396K, committed 9472K, reserved 1048576K
}

Deoptimization events (10 events):
Event: 1467.342 Thread 0x000001afff693800 Uncommon trap: reason=unstable_if action=reinterpret pc=0x000001af8247f4fc method=java.awt.Component.dispatchEventImpl(Ljava/awt/AWTEvent;)V @ 336
Event: 1467.342 Thread 0x000001afff693800 Uncommon trap: reason=unstable_if action=reinterpret pc=0x000001af818daeb0 method=javax.swing.JComponent.getTopLevelAncestor()Ljava/awt/Container; @ 3
Event: 1467.342 Thread 0x000001afff693800 Uncommon trap: reason=null_check action=make_not_entrant pc=0x000001af80329440 method=java.awt.Component.getNativeContainer()Ljava/awt/Container; @ 13
Event: 1468.751 Thread 0x000001afff693800 Uncommon trap: reason=unstable_if action=reinterpret pc=0x000001af81d88ee8 method=sun.java2d.loops.RenderCache.get(Lsun/java2d/loops/SurfaceType;Lsun/java2d/loops/CompositeType;Lsun/java2d/loops/SurfaceType;)Ljava/lang/Object; @ 15
Event: 1469.107 Thread 0x000001afff693800 Uncommon trap: reason=unstable_if action=reinterpret pc=0x000001af80df0e2c method=sun.java2d.loops.RenderCache.get(Lsun/java2d/loops/SurfaceType;Lsun/java2d/loops/CompositeType;Lsun/java2d/loops/SurfaceType;)Ljava/lang/Object; @ 15
Event: 1471.785 Thread 0x000001afff693800 Uncommon trap: reason=bimorphic action=maybe_recompile pc=0x000001af81ce1c34 method=sun.java2d.SunGraphics2D.drawLine(IIII)V @ 10
Event: 1471.785 Thread 0x000001afff693800 Uncommon trap: reason=bimorphic action=maybe_recompile pc=0x000001af81ce1c14 method=sun.java2d.SunGraphics2D.drawLine(IIII)V @ 10
Event: 1471.785 Thread 0x000001afff693800 Uncommon trap: reason=bimorphic action=maybe_recompile pc=0x000001af81ce1c34 method=sun.java2d.SunGraphics2D.drawLine(IIII)V @ 10
Event: 1471.785 Thread 0x000001afff693800 Uncommon trap: reason=bimorphic action=maybe_recompile pc=0x000001af81ce1c14 method=sun.java2d.SunGraphics2D.drawLine(IIII)V @ 10
Event: 1486.581 Thread 0x000001afff693800 Uncommon trap: reason=unstable_if action=reinterpret pc=0x000001af82d3c314 method=com.jidesoft.docking.DockingUtils.a(Ljava/awt/AWTEvent;Z)Lcom/jidesoft/docking/DockingManager; @ 186

Internal exceptions (10 events):
Event: 1477.184 Thread 0x000001afff693800 Exception <a 'java/io/FileNotFoundException'> (0x00000007bc431eb0) thrown at [C:\re\workspace\8-2-build-windows-amd64-cygwin\jdk8u112\7884\hotspot\src\share\vm\prims\jni.cpp, line 709]
Event: 1477.284 Thread 0x000001afff693800 Exception <a 'java/io/FileNotFoundException'> (0x00000007bc44bc50) thrown at [C:\re\workspace\8-2-build-windows-amd64-cygwin\jdk8u112\7884\hotspot\src\share\vm\prims\jni.cpp, line 709]
Event: 1482.184 Thread 0x000001afff693800 Exception <a 'java/io/FileNotFoundException'> (0x00000007beecf5f8) thrown at [C:\re\workspace\8-2-build-windows-amd64-cygwin\jdk8u112\7884\hotspot\src\share\vm\prims\jni.cpp, line 709]
Event: 1482.287 Thread 0x000001afff693800 Exception <a 'java/io/FileNotFoundException'> (0x00000007beedf370) thrown at [C:\re\workspace\8-2-build-windows-amd64-cygwin\jdk8u112\7884\hotspot\src\share\vm\prims\jni.cpp, line 709]
Event: 1487.186 Thread 0x000001afff693800 Exception <a 'java/io/FileNotFoundException'> (0x00000007bd26bd20) thrown at [C:\re\workspace\8-2-build-windows-amd64-cygwin\jdk8u112\7884\hotspot\src\share\vm\prims\jni.cpp, line 709]
Event: 1487.287 Thread 0x000001afff693800 Exception <a 'java/io/FileNotFoundException'> (0x00000007bd273560) thrown at [C:\re\workspace\8-2-build-windows-amd64-cygwin\jdk8u112\7884\hotspot\src\share\vm\prims\jni.cpp, line 709]
Event: 1492.188 Thread 0x000001afff693800 Exception <a 'java/io/FileNotFoundException'> (0x00000007bdc13ca0) thrown at [C:\re\workspace\8-2-build-windows-amd64-cygwin\jdk8u112\7884\hotspot\src\share\vm\prims\jni.cpp, line 709]
Event: 1492.287 Thread 0x000001afff693800 Exception <a 'java/io/FileNotFoundException'> (0x00000007bdc14860) thrown at [C:\re\workspace\8-2-build-windows-amd64-cygwin\jdk8u112\7884\hotspot\src\share\vm\prims\jni.cpp, line 709]
Event: 1497.188 Thread 0x000001afff693800 Exception <a 'java/io/FileNotFoundException'> (0x00000007be014d28) thrown at [C:\re\workspace\8-2-build-windows-amd64-cygwin\jdk8u112\7884\hotspot\src\share\vm\prims\jni.cpp, line 709]
Event: 1497.287 Thread 0x000001afff693800 Exception <a 'java/io/FileNotFoundException'> (0x00000007be0158e8) thrown at [C:\re\workspace\8-2-build-windows-amd64-cygwin\jdk8u112\7884\hotspot\src\share\vm\prims\jni.cpp, line 709]

Events (10 events):
Event: 1499.506 Thread 0x000001affd4c4000 flushing nmethod 0x000001af814307d0
Event: 1499.506 Thread 0x000001affd4c4000 flushing nmethod 0x000001af814dcd50
Event: 1499.506 Thread 0x000001affd4c4000 flushing nmethod 0x000001af814f30d0
Event: 1500.162 Thread 0x000001affd4c4000 flushing nmethod 0x000001af81b87410
Event: 1500.166 Thread 0x000001affd4c4000 flushing nmethod 0x000001af81e9c590
Event: 1500.167 Thread 0x000001affd4c4000 flushing nmethod 0x000001af81f24490
Event: 1500.397 Thread 0x000001affd4c4000 flushing nmethod 0x000001af82133810
Event: 1500.397 Thread 0x000001affd4c4000 flushing nmethod 0x000001af8213d5d0
Event: 1500.397 Thread 0x000001affd4c4000 flushing nmethod 0x000001af82231b90
Event: 1500.450 Thread 0x000001affd4c4000 flushing nmethod 0x000001af82484650


Dynamic libraries:
0x00007ff634040000 - 0x00007ff634070000 	D:\Xilinx\Vivado\2018.2\bin\unwrapped\win64.o\vivado.exe
0x00007ffb1f5e0000 - 0x00007ffb1f7d0000 	C:\WINDOWS\SYSTEM32\ntdll.dll
0x00007ffb1d920000 - 0x00007ffb1d9d2000 	C:\WINDOWS\System32\KERNEL32.DLL
0x00007ffb1c790000 - 0x00007ffb1ca33000 	C:\WINDOWS\System32\KERNELBASE.dll
0x00007ffb1ca40000 - 0x00007ffb1cb3a000 	C:\WINDOWS\System32\ucrtbase.dll
0x00007ffb07330000 - 0x00007ffb073c9000 	C:\WINDOWS\SYSTEM32\MSVCP140.dll
0x00007ffb184a0000 - 0x00007ffb184b4000 	D:\Xilinx\Vivado\2018.2\lib\win64.o\libboost_signals.dll
0x00007ffb183d0000 - 0x00007ffb183e4000 	D:\Xilinx\Vivado\2018.2\lib\win64.o\librdi_commonmain.dll
0x00007ffadd2d0000 - 0x00007ffade0e9000 	D:\Xilinx\Vivado\2018.2\lib\win64.o\librdi_common.dll
0x00007ffb09060000 - 0x00007ffb09076000 	C:\WINDOWS\SYSTEM32\VCRUNTIME140.dll
0x00007ffb1e120000 - 0x00007ffb1e2b4000 	C:\WINDOWS\System32\USER32.dll
0x00007ffb1cb40000 - 0x00007ffb1cb61000 	C:\WINDOWS\System32\win32u.dll
0x00007ffb1e2c0000 - 0x00007ffb1e2e6000 	C:\WINDOWS\System32\GDI32.dll
0x00007ffb17270000 - 0x00007ffb17296000 	D:\Xilinx\Vivado\2018.2\lib\win64.o\libboost_filesystem.dll
0x00007ffae73f0000 - 0x00007ffae7511000 	D:\Xilinx\Vivado\2018.2\lib\win64.o\librdi_commonxillic.dll
0x00007ffb1c5f0000 - 0x00007ffb1c784000 	C:\WINDOWS\System32\gdi32full.dll
0x00007ffb183c0000 - 0x00007ffb183ca000 	D:\Xilinx\Vivado\2018.2\lib\win64.o\librdi_commonversion.dll
0x00007ffb1f4f0000 - 0x00007ffb1f593000 	C:\WINDOWS\System32\ADVAPI32.dll
0x00007ffb1ccc0000 - 0x00007ffb1cd5e000 	C:\WINDOWS\System32\msvcp_win.dll
0x00007ffb1dff0000 - 0x00007ffb1e08e000 	C:\WINDOWS\System32\msvcrt.dll
0x00007ffb1d690000 - 0x00007ffb1d727000 	C:\WINDOWS\System32\sechost.dll
0x00007ffb1ea10000 - 0x00007ffb1f0f5000 	C:\WINDOWS\System32\SHELL32.dll
0x00007ffb1dc10000 - 0x00007ffb1dd30000 	C:\WINDOWS\System32\RPCRT4.dll
0x000000005c5f0000 - 0x000000005c71b000 	D:\Xilinx\Vivado\2018.2\lib\win64.o\tcl85t.dll
0x00007ffb1cd90000 - 0x00007ffb1cdda000 	C:\WINDOWS\System32\cfgmgr32.dll
0x00007ffae37e0000 - 0x00007ffae3b4e000 	D:\Xilinx\Vivado\2018.2\lib\win64.o\libCOIN-all.dll
0x00007ffb1e9a0000 - 0x00007ffb1ea0f000 	C:\WINDOWS\System32\WS2_32.dll
0x00007ffb1d870000 - 0x00007ffb1d919000 	C:\WINDOWS\System32\shcore.dll
0x00007ffade940000 - 0x00007ffadebf5000 	D:\Xilinx\Vivado\2018.2\lib\win64.o\libXil_lmgr11.dll
0x00007ffb1f100000 - 0x00007ffb1f436000 	C:\WINDOWS\System32\combase.dll
0x00007ffb17cf0000 - 0x00007ffb17d04000 	D:\Xilinx\Vivado\2018.2\lib\win64.o\libboost_date_time.dll
0x00007ffb1d9e0000 - 0x00007ffb1dab0000 	C:\WINDOWS\System32\COMDLG32.dll
0x00007ffb1c570000 - 0x00007ffb1c5f0000 	C:\WINDOWS\System32\bcryptPrimitives.dll
0x00007ffb1dd30000 - 0x00007ffb1dd82000 	C:\WINDOWS\System32\SHLWAPI.dll
0x00007ffb1cde0000 - 0x00007ffb1d560000 	C:\WINDOWS\System32\windows.storage.dll
0x00007ffaf08f0000 - 0x00007ffaf096f000 	D:\Xilinx\Vivado\2018.2\lib\win64.o\libboost_program_options.dll
0x00007ffae7150000 - 0x00007ffae7264000 	D:\Xilinx\Vivado\2018.2\lib\win64.o\libboost_regex.dll
0x00007ffb1e3f0000 - 0x00007ffb1e4b4000 	C:\WINDOWS\System32\OLEAUT32.dll
0x00007ffb1c520000 - 0x00007ffb1c543000 	C:\WINDOWS\System32\profapi.dll
0x00007ffb1dab0000 - 0x00007ffb1dc07000 	C:\WINDOWS\System32\ole32.dll
0x00007ffb1c4d0000 - 0x00007ffb1c51a000 	C:\WINDOWS\System32\powrprof.dll
0x00007ffb1c4a0000 - 0x00007ffb1c4b0000 	C:\WINDOWS\System32\UMPDC.dll
0x00007ffb17260000 - 0x00007ffb1726b000 	D:\Xilinx\Vivado\2018.2\lib\win64.o\libboost_system.dll
0x00007ffb1d610000 - 0x00007ffb1d66c000 	C:\WINDOWS\System32\WINTRUST.dll
0x00007ffb15380000 - 0x00007ffb153a1000 	D:\Xilinx\Vivado\2018.2\lib\win64.o\libboost_thread.dll
0x00007ffb1c4b0000 - 0x00007ffb1c4c1000 	C:\WINDOWS\System32\kernel.appcore.dll
0x00007ffb1c550000 - 0x00007ffb1c562000 	C:\WINDOWS\System32\MSASN1.dll
0x00007ffb1d670000 - 0x00007ffb1d687000 	C:\WINDOWS\System32\cryptsp.dll
0x00007ffb1cb70000 - 0x00007ffb1ccb9000 	C:\WINDOWS\System32\CRYPT32.dll
0x00007ffb171b0000 - 0x00007ffb171bf000 	D:\Xilinx\Vivado\2018.2\lib\win64.o\libboost_xilinx.dll
0x00007ffae70c0000 - 0x00007ffae7142000 	D:\Xilinx\Vivado\2018.2\lib\win64.o\libhdlpsolve.dll
0x00007ffae6490000 - 0x00007ffae6535000 	D:\Xilinx\Vivado\2018.2\lib\win64.o\libhdxml.dll
0x00007ffb13010000 - 0x00007ffb1303e000 	D:\Xilinx\Vivado\2018.2\lib\win64.o\libisl_sysinfo.dll
0x00007ffadc860000 - 0x00007ffadd113c00 	D:\Xilinx\Vivado\2018.2\lib\win64.o\libisl_iostreams.dll
0x000000005bd50000 - 0x000000005c5ea000 	D:\Xilinx\Vivado\2018.2\tps\win64\jre\bin\server\jvm.dll
0x00007ffb15220000 - 0x00007ffb1523a000 	D:\Xilinx\Vivado\2018.2\lib\win64.o\pthreadVC2.dll
0x00007ffaef500000 - 0x00007ffaef565000 	D:\Xilinx\Vivado\2018.2\lib\win64.o\liblmx6.0.dll
0x00007ffae6330000 - 0x00007ffae6481000 	D:\Xilinx\Vivado\2018.2\lib\win64.o\librdi_curl.dll
0x00007ffb12ff0000 - 0x00007ffb1300c000 	D:\Xilinx\Vivado\2018.2\lib\win64.o\librdiconfig.dll
0x00007ffb12f80000 - 0x00007ffb12fa1000 	D:\Xilinx\Vivado\2018.2\lib\win64.o\librdizlib.dll
0x0000000012000000 - 0x0000000012272000 	D:\Xilinx\Vivado\2018.2\lib\win64.o\xerces-c_3_1.dll
0x00007ffb1e110000 - 0x00007ffb1e118000 	C:\WINDOWS\System32\PSAPI.DLL
0x00007ffb06760000 - 0x00007ffb06c35000 	C:\WINDOWS\SYSTEM32\WININET.dll
0x00007ffb14490000 - 0x00007ffb14580000 	C:\WINDOWS\SYSTEM32\WINHTTP.dll
0x00007ffb0b210000 - 0x00007ffb0b3e5000 	C:\WINDOWS\SYSTEM32\urlmon.dll
0x00007ffb0a150000 - 0x00007ffb0a167000 	C:\WINDOWS\SYSTEM32\NETAPI32.dll
0x00007ffb0dc00000 - 0x00007ffb0dca9000 	C:\WINDOWS\WinSxS\amd64_microsoft.windows.common-controls_6595b64144ccf1df_5.82.18362.778_none_2a29d4a64667eb69\COMCTL32.dll
0x00007ffb17010000 - 0x00007ffb17019000 	C:\WINDOWS\SYSTEM32\WSOCK32.dll
0x00007ffb15240000 - 0x00007ffb1525c000 	C:\WINDOWS\SYSTEM32\dhcpcsvc.DLL
0x00007ffb1e930000 - 0x00007ffb1e938000 	C:\WINDOWS\System32\NSI.dll
0x00007ffb148a0000 - 0x00007ffb148ad000 	D:\Xilinx\Vivado\2018.2\lib\win64.o\libboost_chrono.dll
0x00007ffb12e90000 - 0x00007ffb12eb9000 	C:\WINDOWS\SYSTEM32\VCOMP140.DLL
0x00007ffadb330000 - 0x00007ffadc1c1000 	D:\Xilinx\Vivado\2018.2\lib\win64.o\gurobi65.dll
0x00007ffb14870000 - 0x00007ffb14894000 	C:\WINDOWS\SYSTEM32\WINMM.dll
0x00007ffb0c5c0000 - 0x00007ffb0c5e5000 	D:\Xilinx\Vivado\2018.2\lib\win64.o\libisl_iosutils.dll
0x00007ffb11f90000 - 0x00007ffb11f9a000 	C:\WINDOWS\SYSTEM32\VERSION.dll
0x00007ffb12fd0000 - 0x00007ffb12feb000 	D:\Xilinx\Vivado\2018.2\lib\win64.o\libboost_iostreams.dll
0x000000005bc70000 - 0x000000005bd42000 	C:\WINDOWS\SYSTEM32\MSVCR100.dll
0x00007ffb0af60000 - 0x00007ffb0b206000 	C:\WINDOWS\SYSTEM32\iertutil.dll
0x00007ffb14840000 - 0x00007ffb1486d000 	C:\WINDOWS\SYSTEM32\WINMMBASE.dll
0x00007ffb1bee0000 - 0x00007ffb1beec000 	C:\WINDOWS\SYSTEM32\CRYPTBASE.DLL
0x00007ffb1e3c0000 - 0x00007ffb1e3ee000 	C:\WINDOWS\System32\IMM32.DLL
0x00007ffadc3d0000 - 0x00007ffadc85c000 	D:\Xilinx\Vivado\2018.2\lib\win64.o\librdi_commontasks.dll
0x00007ffadb0b0000 - 0x00007ffadb327000 	D:\Xilinx\Vivado\2018.2\lib\win64.o\librdi_sio.dll
0x00007ffb1ba20000 - 0x00007ffb1ba5a000 	C:\WINDOWS\SYSTEM32\IPHLPAPI.DLL
0x00007ffad8eb0000 - 0x00007ffadb0af000 	D:\Xilinx\Vivado\2018.2\lib\win64.o\librdi_tcltasks.dll
0x00007ffae6f40000 - 0x00007ffae70be000 	D:\Xilinx\Vivado\2018.2\lib\win64.o\librdi_board.dll
0x00007ffae2e20000 - 0x00007ffae31f5000 	D:\Xilinx\Vivado\2018.2\lib\win64.o\librdi_bitstream.dll
0x00007ffb0c2b0000 - 0x00007ffb0c31a000 	D:\Xilinx\Vivado\2018.2\lib\win64.o\librdi_boarddep.dll
0x00007ffae2940000 - 0x00007ffae2b87000 	D:\Xilinx\Vivado\2018.2\lib\win64.o\librdi_chipscope.dll
0x00007ffad7650000 - 0x00007ffad8ea9000 	D:\Xilinx\Vivado\2018.2\lib\win64.o\librdi_constraints.dll
0x00007ffae78b0000 - 0x00007ffae79d8000 	D:\Xilinx\Vivado\2018.2\lib\win64.o\librdi_containers.dll
0x00007ffad1530000 - 0x00007ffad1c09000 	D:\Xilinx\Vivado\2018.2\lib\win64.o\librdi_coregenipxact.dll
0x00007ffabf110000 - 0x00007ffac0e21000 	D:\Xilinx\Vivado\2018.2\lib\win64.o\librdi_coregen.dll
0x00007ffabb3a0000 - 0x00007ffabf102000 	D:\Xilinx\Vivado\2018.2\lib\win64.o\librdi_designutils.dll
0x00007ffaa8b70000 - 0x00007ffab7368000 	D:\Xilinx\Vivado\2018.2\lib\win64.o\librdi_device.dll
0x00007ffad7330000 - 0x00007ffad7648000 	D:\Xilinx\Vivado\2018.2\lib\win64.o\librdi_dlyest.dll
0x00007ffad0fe0000 - 0x00007ffad1521000 	D:\Xilinx\Vivado\2018.2\lib\win64.o\librdi_drc.dll
0x00007ffae6e70000 - 0x00007ffae6f32000 	D:\Xilinx\Vivado\2018.2\lib\win64.o\librdi_dsp.dll
0x00007ffacc5b0000 - 0x00007ffaccbe1000 	D:\Xilinx\Vivado\2018.2\lib\win64.o\librdi_filemgmt.dll
0x00007ffacd320000 - 0x00007ffacd5f1000 	D:\Xilinx\Vivado\2018.2\lib\win64.o\librdi_guitools.dll
0x00007ffb0be70000 - 0x00007ffb0bec8000 	D:\Xilinx\Vivado\2018.2\lib\win64.o\librdi_hdf.dll
0x00007ffaba160000 - 0x00007ffabb394000 	D:\Xilinx\Vivado\2018.2\lib\win64.o\librdi_implflow.dll
0x00007ffab9b00000 - 0x00007ffaba151000 	D:\Xilinx\Vivado\2018.2\lib\win64.o\librdi_memdata.dll
0x00007ffaa5360000 - 0x00007ffaa8b6a000 	D:\Xilinx\Vivado\2018.2\lib\win64.o\librdi_mig.dll
0x00007ffab9650000 - 0x00007ffab9af2000 	D:\Xilinx\Vivado\2018.2\lib\win64.o\librdi_netlist.dll
0x00007ffb0bcb0000 - 0x00007ffb0bcf9000 	D:\Xilinx\Vivado\2018.2\lib\win64.o\librdi_pfi.dll
0x00007ffaa2fc0000 - 0x00007ffaa535e000 	D:\Xilinx\Vivado\2018.2\lib\win64.o\librdi_place.dll
0x00007ffad20d0000 - 0x00007ffad235a000 	D:\Xilinx\Vivado\2018.2\lib\win64.o\librdi_platform.dll
0x00007ffab8f60000 - 0x00007ffab964c000 	D:\Xilinx\Vivado\2018.2\lib\win64.o\librdi_power.dll
0x00007ffab8a20000 - 0x00007ffab8f5d000 	D:\Xilinx\Vivado\2018.2\lib\win64.o\librdi_project.dll
0x00007ffab8330000 - 0x00007ffab8a11000 	D:\Xilinx\Vivado\2018.2\lib\win64.o\librdi_psta.dll
0x00007ffab7cf0000 - 0x00007ffab832e000 	D:\Xilinx\Vivado\2018.2\lib\win64.o\librdi_rsb.dll
0x00007ffacc1e0000 - 0x00007ffacc5a3000 	D:\Xilinx\Vivado\2018.2\lib\win64.o\librdi_runs.dll
0x00007ffae3490000 - 0x00007ffae3567000 	D:\Xilinx\Vivado\2018.2\lib\win64.o\librdi_runsbase.dll
0x00007ffae2bf0000 - 0x00007ffae2e16000 	D:\Xilinx\Vivado\2018.2\lib\win64.o\librdi_simdata.dll
0x00007ffaa22a0000 - 0x00007ffaa2fbd000 	D:\Xilinx\Vivado\2018.2\lib\win64.o\librdi_timing.dll
0x00007ffae3360000 - 0x00007ffae342b000 	D:\Xilinx\Vivado\2018.2\lib\win64.o\librdi_xhub.dll
0x00007ffafd8a0000 - 0x00007ffafd8ec000 	D:\Xilinx\Vivado\2018.2\lib\win64.o\libboost_serialization.dll
0x00007ffae3610000 - 0x00007ffae36bf000 	D:\Xilinx\Vivado\2018.2\lib\win64.o\librdi_hip_devdesign.dll
0x00007ffaf1a70000 - 0x00007ffaf1ad6000 	D:\Xilinx\Vivado\2018.2\lib\win64.o\librdi_ipconfig_readwrite.dll
0x00007ffb0bbf0000 - 0x00007ffb0bc28000 	D:\Xilinx\Vivado\2018.2\lib\win64.o\librdi_noc_frameworks.dll
0x00007ffaa17a0000 - 0x00007ffaa2293000 	D:\Xilinx\Vivado\2018.2\lib\win64.o\libverific.dll
0x00007ffae6dd0000 - 0x00007ffae6e6e000 	D:\Xilinx\Vivado\2018.2\lib\win64.o\libise.dll
0x00007ffae5330000 - 0x00007ffae53b8000 	D:\Xilinx\Vivado\2018.2\lib\win64.o\librdi_hip_config.dll
0x00007ffaa1250000 - 0x00007ffaa179e000 	D:\Xilinx\Vivado\2018.2\lib\win64.o\librdi_xdm.dll
0x00007ffaa0ca0000 - 0x00007ffaa1241000 	D:\Xilinx\Vivado\2018.2\lib\win64.o\librdi_wavedata.dll
0x00007ffaf1fd0000 - 0x00007ffaf2019000 	D:\Xilinx\Vivado\2018.2\lib\win64.o\librdi_wavedata_SimpleApi.dll

VM Arguments:
jvm_args: -Dsun.java2d.pmoffscreen=false -Dsun.java2d.xrender=false -Dsun.java2d.d3d=false -Dsun.awt.nopixfmt=true -Xverify:none -Dswing.aatext=true -XX:-UsePerfData -Djdk.map.althashing.threshold=512 -XX:StringTableSize=4072 -XX:NewSize=60m -XX:MaxNewSize=60m -Xms128m -Xmx3072m -Xss5m 
java_command: <unknown>
java_class_path (initial): D:/Xilinx/Vivado/2018.2\lib\classes\alloy.jar;D:/Xilinx/Vivado/2018.2\lib\classes\autopilot.scelaborator.jar;D:/Xilinx/Vivado/2018.2\lib\classes\autopilot.sourceprocessor.jar;D:/Xilinx/Vivado/2018.2\lib\classes\autopilot.tbprocessor.jar;D:/Xilinx/Vivado/2018.2\lib\classes\batik-anim.jar;D:/Xilinx/Vivado/2018.2\lib\classes\batik-awt-util.jar;D:/Xilinx/Vivado/2018.2\lib\classes\batik-bridge.jar;D:/Xilinx/Vivado/2018.2\lib\classes\batik-codec.jar;D:/Xilinx/Vivado/2018.2\lib\classes\batik-css.jar;D:/Xilinx/Vivado/2018.2\lib\classes\batik-dom.jar;D:/Xilinx/Vivado/2018.2\lib\classes\batik-ext.jar;D:/Xilinx/Vivado/2018.2\lib\classes\batik-gui-util.jar;D:/Xilinx/Vivado/2018.2\lib\classes\batik-gvt.jar;D:/Xilinx/Vivado/2018.2\lib\classes\batik-parser.jar;D:/Xilinx/Vivado/2018.2\lib\classes\batik-script.jar;D:/Xilinx/Vivado/2018.2\lib\classes\batik-svg-dom.jar;D:/Xilinx/Vivado/2018.2\lib\classes\batik-swing.jar;D:/Xilinx/Vivado/2018.2\lib\classes\batik-transcoder.jar;D:/Xilinx/Vivado/2018.2\lib\classes\batik-util.jar;D:/Xilinx/Vivado/2018.2\lib\classes\batik-xml.jar;D:/Xilinx/Vivado/2018.2\lib\classes\com.ibm.icu_4.4.2.v20110208.jar;D:/Xilinx/Vivado/2018.2\lib\classes\commons-collections4-4.1.jar;D:/Xilinx/Vivado/2018.2\lib\classes\commons-math-2.2.jar;D:/Xilinx/Vivado/2018.2\lib\classes\dom4j-1.6.1.jar;D:/Xilinx/Vivado/2018.2\lib\classes\guava-18.0.jar;D:/Xilinx/Vivado/2018.2\lib\classes\help.jar;D:/Xilinx/Vivado/2018.2\lib\classes\hsqldb.jar;D:/Xilinx/Vivado/2018.2\lib\classes\jargs.jar;D:/Xilinx/Vivado/2018.2\lib\classes\jh.jar;D:/Xilinx/Vivado/2018.2\lib\classes\jide-action.jar;D:/Xilinx/Vivado/2018.2\lib\classes\jide-charts.jar;D:/Xilinx/Vivado/2018.2\lib\classes\jide-common.jar;D:/Xilinx/Vivado/2018.2\lib\classes\jide-components.jar;D:/Xilinx/Vivado/2018.2\lib\classes\jide-dashboard.jar;D:/Xilinx/Vivado/2018.2\lib\classes\jide-data.jar;D:/Xilinx/Vivado/2018.2\lib\classes\jide-dialogs.jar;D:/Xilinx/Vivado/2018.2\lib\classes\jide-diff.jar;D:/X
Launcher Type: generic

Environment Variables:
JAVA_HOME=F:\java
CLASSPATH=.;F:\java\lib\dt.jar;F:\java\lib\tools.jar;F:\apache-tomcat-7.0.103\lib\servlet-api.jar
PATH=D:/Xilinx/Vivado/2018.2/bin;D:/Xilinx/Vivado/2018.2/lib/win64.o;D:/Xilinx/Vivado/2018.2/tps/win64/jre/bin/server;D:/Xilinx/Vivado/2018.2/tps/win64/jre/bin;D:/Xilinx/SDK/2018.2/bin;D:/Xilinx/Vivado/2018.2/ids_lite/ISE/bin/nt64;D:/Xilinx/Vivado/2018.2/ids_lite/ISE/lib/nt64;C:\Program Files (x86)\Common Files\Oracle\Java\javapath;C:\Program Files (x86)\Common Files\Intel\Shared Libraries\redist\intel64\compiler;C:\Program Files (x86)\Intel\iCLS Client\;C:\Program Files\Intel\iCLS Client\;C:\Windows\system32;C:\Windows;C:\Windows\System32\Wbem;C:\Windows\System32\WindowsPowerShell\v1.0\;C:\Program Files (x86)\Intel\Intel(R) Management Engine Components\DAL;C:\Program Files\Intel\Intel(R) Management Engine Components\DAL;C:\Program Files (x86)\Intel\Intel(R) Management Engine Components\IPT;C:\Program Files\Intel\Intel(R) Management Engine Components\IPT;C:\Program Files (x86)\NVIDIA Corporation\PhysX\Common;D:\codeblocks-16.01mingw-nosetup\MinGW\bin;C:\Program Files\Common Files\Autodesk Shared\;C:\Program Files (x86)\Autodesk\Backburner\;C:\Program Files\Microsoft SQL Server\130\Tools\Binn\;C:\WINDOWS\System32\OpenSSH\;C:\Program Files (x86)\NVIDIA Corporation\Cg\bin;C:\Program Files (x86)\NVIDIA Corporation\Cg\bin.x64;F:\Git\cmd;F:\MinGW\bin;D:\Node.js\;C:\Program Files\NVIDIA Corporation\NVIDIA NvDLISR;F:\MySQL\mysql-8.0.19-winx64\bin;F:\Sqlite;F:\apache-tomcat-7.0.103\bin;F:\java\bin;F:\apache-tomcat-7.0.103\lib;D:\Node.js\node_global;C:\Users\fr\scoop\shims;F:\python\Scripts\;F:\python\;C:\Users\fr\AppData\Local\Microsoft\WindowsApps;E:\bandzip\;D:\Microsoft VS Code\bin;D:\texlive\2018\bin\win32;F:\mingw64\bin;F:\LLVM\bin;C:\Users\fr\AppData\Roaming\npm;;D:/Xilinx/Vivado/2018.2\tps\mingw\6.2.0\win64.o\nt\bin;D:/Xilinx/Vivado/2018.2\tps\mingw\6.2.0\win64.o\nt\libexec\gcc\x86_64-w64-mingw32\6.2.0
USERNAME=fr
OS=Windows_NT
PROCESSOR_IDENTIFIER=Intel64 Family 6 Model 158 Stepping 9, GenuineIntel



---------------  S Y S T E M  ---------------

OS: Windows 10.0 , 64 bit Build 18362 (10.0.18362.778)

CPU:total 8 (4 cores per cpu, 2 threads per core) family 6 model 158 stepping 9, cmov, cx8, fxsr, mmx, sse, sse2, sse3, ssse3, sse4.1, sse4.2, popcnt, avx, avx2, aes, clmul, erms, 3dnowpref, lzcnt, ht, tsc, tscinvbit, bmi1, bmi2, adx

Memory: 4k page, physical 8269908k(1877992k free), swap 15347796k(3867432k free)

vm_info: Java HotSpot(TM) 64-Bit Server VM (25.112-b15) for windows-amd64 JRE (1.8.0_112-b15), built on Sep 22 2016 21:31:56 by "java_re" with MS VC++ 10.0 (VS2010)

time: Fri Apr 24 10:10:23 2020
elapsed time: 1500 seconds (0d 0h 25m 0s)

