
*** Running vivado
    with args -log cache.vds -m64 -product Vivado -mode batch -messageDb vivado.pb -notrace -source cache.tcl


****** Vivado v2018.2 (64-bit)
  **** SW Build 2258646 on Thu Jun 14 20:03:12 MDT 2018
  **** IP Build 2256618 on Thu Jun 14 22:10:49 MDT 2018
    ** Copyright 1986-2018 Xilinx, Inc. All Rights Reserved.

source cache.tcl -notrace
Command: synth_design -top cache -part xc7k70tfbv676-1
Starting synth_design
Attempting to get a license for feature 'Synthesis' and/or device 'xc7k70t'
INFO: [Common 17-349] Got license for feature 'Synthesis' and/or device 'xc7k70t'
INFO: Launching helper process for spawning children vivado processes
INFO: Helper process launched with PID 15728 
---------------------------------------------------------------------------------
Starting Synthesize : Time (s): cpu = 00:00:03 ; elapsed = 00:00:04 . Memory (MB): peak = 356.445 ; gain = 99.207
---------------------------------------------------------------------------------
INFO: [Synth 8-6157] synthesizing module 'cache' [F:/1fr/HWnLABS/CA/labs/lab3/CacheSrcCode/cache.sv:3]
	Parameter LINE_ADDR_LEN bound to: 3 - type: integer 
	Parameter SET_ADDR_LEN bound to: 3 - type: integer 
	Parameter TAG_ADDR_LEN bound to: 6 - type: integer 
	Parameter WAY_CNT bound to: 8 - type: integer 
	Parameter MEM_ADDR_LEN bound to: 9 - type: integer 
	Parameter UNUSED_ADDR_LEN bound to: 18 - type: integer 
	Parameter LINE_SIZE bound to: 8 - type: integer 
	Parameter SET_SIZE bound to: 8 - type: integer 
WARNING: [Synth 8-151] case item 10'b0100000000 is unreachable [F:/1fr/HWnLABS/CA/labs/lab3/CacheSrcCode/cache.sv:82]
WARNING: [Synth 8-151] case item 10'b1000000000 is unreachable [F:/1fr/HWnLABS/CA/labs/lab3/CacheSrcCode/cache.sv:83]
INFO: [Synth 8-155] case statement is not full and has no default [F:/1fr/HWnLABS/CA/labs/lab3/CacheSrcCode/cache.sv:103]
INFO: [Synth 8-6157] synthesizing module 'main_mem' [F:/1fr/HWnLABS/CA/labs/lab3/CacheSrcCode/main_mem.sv:2]
	Parameter LINE_ADDR_LEN bound to: 3 - type: integer 
	Parameter ADDR_LEN bound to: 9 - type: integer 
	Parameter RD_CYCLE bound to: 50 - type: integer 
	Parameter WR_CYCLE bound to: 50 - type: integer 
	Parameter LINE_SIZE bound to: 8 - type: integer 
INFO: [Synth 8-6157] synthesizing module 'mem' [F:/1fr/HWnLABS/CA/labs/lab3/CacheSrcCode/mem.sv:2]
	Parameter ADDR_LEN bound to: 12 - type: integer 
	Parameter MEM_SIZE bound to: 4096 - type: integer 
INFO: [Synth 8-6155] done synthesizing module 'mem' (1#1) [F:/1fr/HWnLABS/CA/labs/lab3/CacheSrcCode/mem.sv:2]
WARNING: [Synth 8-5788] Register rd_delay_reg in module main_mem is has both Set and reset with same priority. This may cause simulation mismatches. Consider rewriting code  [F:/1fr/HWnLABS/CA/labs/lab3/CacheSrcCode/main_mem.sv:36]
WARNING: [Synth 8-5788] Register wr_delay_reg in module main_mem is has both Set and reset with same priority. This may cause simulation mismatches. Consider rewriting code  [F:/1fr/HWnLABS/CA/labs/lab3/CacheSrcCode/main_mem.sv:37]
WARNING: [Synth 8-5788] Register rd_line_reg[0] in module main_mem is has both Set and reset with same priority. This may cause simulation mismatches. Consider rewriting code  [F:/1fr/HWnLABS/CA/labs/lab3/CacheSrcCode/main_mem.sv:87]
WARNING: [Synth 8-5788] Register rd_line_reg[1] in module main_mem is has both Set and reset with same priority. This may cause simulation mismatches. Consider rewriting code  [F:/1fr/HWnLABS/CA/labs/lab3/CacheSrcCode/main_mem.sv:87]
WARNING: [Synth 8-5788] Register rd_line_reg[2] in module main_mem is has both Set and reset with same priority. This may cause simulation mismatches. Consider rewriting code  [F:/1fr/HWnLABS/CA/labs/lab3/CacheSrcCode/main_mem.sv:87]
WARNING: [Synth 8-5788] Register rd_line_reg[3] in module main_mem is has both Set and reset with same priority. This may cause simulation mismatches. Consider rewriting code  [F:/1fr/HWnLABS/CA/labs/lab3/CacheSrcCode/main_mem.sv:87]
WARNING: [Synth 8-5788] Register rd_line_reg[4] in module main_mem is has both Set and reset with same priority. This may cause simulation mismatches. Consider rewriting code  [F:/1fr/HWnLABS/CA/labs/lab3/CacheSrcCode/main_mem.sv:87]
WARNING: [Synth 8-5788] Register rd_line_reg[5] in module main_mem is has both Set and reset with same priority. This may cause simulation mismatches. Consider rewriting code  [F:/1fr/HWnLABS/CA/labs/lab3/CacheSrcCode/main_mem.sv:87]
WARNING: [Synth 8-5788] Register rd_line_reg[6] in module main_mem is has both Set and reset with same priority. This may cause simulation mismatches. Consider rewriting code  [F:/1fr/HWnLABS/CA/labs/lab3/CacheSrcCode/main_mem.sv:87]
WARNING: [Synth 8-5788] Register rd_line_reg[7] in module main_mem is has both Set and reset with same priority. This may cause simulation mismatches. Consider rewriting code  [F:/1fr/HWnLABS/CA/labs/lab3/CacheSrcCode/main_mem.sv:87]
WARNING: [Synth 8-5788] Register rd_line_latch_reg[0] in module main_mem is has both Set and reset with same priority. This may cause simulation mismatches. Consider rewriting code  [F:/1fr/HWnLABS/CA/labs/lab3/CacheSrcCode/main_mem.sv:87]
WARNING: [Synth 8-5788] Register rd_line_latch_reg[1] in module main_mem is has both Set and reset with same priority. This may cause simulation mismatches. Consider rewriting code  [F:/1fr/HWnLABS/CA/labs/lab3/CacheSrcCode/main_mem.sv:87]
WARNING: [Synth 8-5788] Register rd_line_latch_reg[2] in module main_mem is has both Set and reset with same priority. This may cause simulation mismatches. Consider rewriting code  [F:/1fr/HWnLABS/CA/labs/lab3/CacheSrcCode/main_mem.sv:87]
WARNING: [Synth 8-5788] Register rd_line_latch_reg[3] in module main_mem is has both Set and reset with same priority. This may cause simulation mismatches. Consider rewriting code  [F:/1fr/HWnLABS/CA/labs/lab3/CacheSrcCode/main_mem.sv:87]
WARNING: [Synth 8-5788] Register rd_line_latch_reg[4] in module main_mem is has both Set and reset with same priority. This may cause simulation mismatches. Consider rewriting code  [F:/1fr/HWnLABS/CA/labs/lab3/CacheSrcCode/main_mem.sv:87]
WARNING: [Synth 8-5788] Register rd_line_latch_reg[5] in module main_mem is has both Set and reset with same priority. This may cause simulation mismatches. Consider rewriting code  [F:/1fr/HWnLABS/CA/labs/lab3/CacheSrcCode/main_mem.sv:87]
WARNING: [Synth 8-5788] Register rd_line_latch_reg[6] in module main_mem is has both Set and reset with same priority. This may cause simulation mismatches. Consider rewriting code  [F:/1fr/HWnLABS/CA/labs/lab3/CacheSrcCode/main_mem.sv:87]
WARNING: [Synth 8-5788] Register rd_line_latch_reg[7] in module main_mem is has both Set and reset with same priority. This may cause simulation mismatches. Consider rewriting code  [F:/1fr/HWnLABS/CA/labs/lab3/CacheSrcCode/main_mem.sv:87]
INFO: [Synth 8-6155] done synthesizing module 'main_mem' (2#1) [F:/1fr/HWnLABS/CA/labs/lab3/CacheSrcCode/main_mem.sv:2]
WARNING: [Synth 8-151] case item 10'b0100000000 is unreachable [F:/1fr/HWnLABS/CA/labs/lab3/CacheSrcCode/cache.sv:205]
WARNING: [Synth 8-151] case item 10'b1000000000 is unreachable [F:/1fr/HWnLABS/CA/labs/lab3/CacheSrcCode/cache.sv:206]
WARNING: [Synth 8-151] case item 10'b0100000000 is unreachable [F:/1fr/HWnLABS/CA/labs/lab3/CacheSrcCode/cache.sv:274]
WARNING: [Synth 8-151] case item 10'b1000000000 is unreachable [F:/1fr/HWnLABS/CA/labs/lab3/CacheSrcCode/cache.sv:275]
WARNING: [Synth 8-6014] Unused sequential element max_reg was removed.  [F:/1fr/HWnLABS/CA/labs/lab3/CacheSrcCode/cache.sv:247]
WARNING: [Synth 8-5788] Register dirty_reg[0][0] in module cache is has both Set and reset with same priority. This may cause simulation mismatches. Consider rewriting code  [F:/1fr/HWnLABS/CA/labs/lab3/CacheSrcCode/cache.sv:93]
WARNING: [Synth 8-5788] Register dirty_reg[0][1] in module cache is has both Set and reset with same priority. This may cause simulation mismatches. Consider rewriting code  [F:/1fr/HWnLABS/CA/labs/lab3/CacheSrcCode/cache.sv:93]
WARNING: [Synth 8-5788] Register dirty_reg[0][2] in module cache is has both Set and reset with same priority. This may cause simulation mismatches. Consider rewriting code  [F:/1fr/HWnLABS/CA/labs/lab3/CacheSrcCode/cache.sv:93]
WARNING: [Synth 8-5788] Register dirty_reg[0][3] in module cache is has both Set and reset with same priority. This may cause simulation mismatches. Consider rewriting code  [F:/1fr/HWnLABS/CA/labs/lab3/CacheSrcCode/cache.sv:93]
WARNING: [Synth 8-5788] Register dirty_reg[0][4] in module cache is has both Set and reset with same priority. This may cause simulation mismatches. Consider rewriting code  [F:/1fr/HWnLABS/CA/labs/lab3/CacheSrcCode/cache.sv:93]
WARNING: [Synth 8-5788] Register dirty_reg[0][5] in module cache is has both Set and reset with same priority. This may cause simulation mismatches. Consider rewriting code  [F:/1fr/HWnLABS/CA/labs/lab3/CacheSrcCode/cache.sv:93]
WARNING: [Synth 8-5788] Register dirty_reg[0][6] in module cache is has both Set and reset with same priority. This may cause simulation mismatches. Consider rewriting code  [F:/1fr/HWnLABS/CA/labs/lab3/CacheSrcCode/cache.sv:93]
WARNING: [Synth 8-5788] Register dirty_reg[0][7] in module cache is has both Set and reset with same priority. This may cause simulation mismatches. Consider rewriting code  [F:/1fr/HWnLABS/CA/labs/lab3/CacheSrcCode/cache.sv:93]
WARNING: [Synth 8-5788] Register dirty_reg[1][0] in module cache is has both Set and reset with same priority. This may cause simulation mismatches. Consider rewriting code  [F:/1fr/HWnLABS/CA/labs/lab3/CacheSrcCode/cache.sv:93]
WARNING: [Synth 8-5788] Register dirty_reg[1][1] in module cache is has both Set and reset with same priority. This may cause simulation mismatches. Consider rewriting code  [F:/1fr/HWnLABS/CA/labs/lab3/CacheSrcCode/cache.sv:93]
WARNING: [Synth 8-5788] Register dirty_reg[1][2] in module cache is has both Set and reset with same priority. This may cause simulation mismatches. Consider rewriting code  [F:/1fr/HWnLABS/CA/labs/lab3/CacheSrcCode/cache.sv:93]
WARNING: [Synth 8-5788] Register dirty_reg[1][3] in module cache is has both Set and reset with same priority. This may cause simulation mismatches. Consider rewriting code  [F:/1fr/HWnLABS/CA/labs/lab3/CacheSrcCode/cache.sv:93]
WARNING: [Synth 8-5788] Register dirty_reg[1][4] in module cache is has both Set and reset with same priority. This may cause simulation mismatches. Consider rewriting code  [F:/1fr/HWnLABS/CA/labs/lab3/CacheSrcCode/cache.sv:93]
WARNING: [Synth 8-5788] Register dirty_reg[1][5] in module cache is has both Set and reset with same priority. This may cause simulation mismatches. Consider rewriting code  [F:/1fr/HWnLABS/CA/labs/lab3/CacheSrcCode/cache.sv:93]
WARNING: [Synth 8-5788] Register dirty_reg[1][6] in module cache is has both Set and reset with same priority. This may cause simulation mismatches. Consider rewriting code  [F:/1fr/HWnLABS/CA/labs/lab3/CacheSrcCode/cache.sv:93]
WARNING: [Synth 8-5788] Register dirty_reg[1][7] in module cache is has both Set and reset with same priority. This may cause simulation mismatches. Consider rewriting code  [F:/1fr/HWnLABS/CA/labs/lab3/CacheSrcCode/cache.sv:93]
WARNING: [Synth 8-5788] Register dirty_reg[2][0] in module cache is has both Set and reset with same priority. This may cause simulation mismatches. Consider rewriting code  [F:/1fr/HWnLABS/CA/labs/lab3/CacheSrcCode/cache.sv:93]
WARNING: [Synth 8-5788] Register dirty_reg[2][1] in module cache is has both Set and reset with same priority. This may cause simulation mismatches. Consider rewriting code  [F:/1fr/HWnLABS/CA/labs/lab3/CacheSrcCode/cache.sv:93]
WARNING: [Synth 8-5788] Register dirty_reg[2][2] in module cache is has both Set and reset with same priority. This may cause simulation mismatches. Consider rewriting code  [F:/1fr/HWnLABS/CA/labs/lab3/CacheSrcCode/cache.sv:93]
WARNING: [Synth 8-5788] Register dirty_reg[2][3] in module cache is has both Set and reset with same priority. This may cause simulation mismatches. Consider rewriting code  [F:/1fr/HWnLABS/CA/labs/lab3/CacheSrcCode/cache.sv:93]
WARNING: [Synth 8-5788] Register dirty_reg[2][4] in module cache is has both Set and reset with same priority. This may cause simulation mismatches. Consider rewriting code  [F:/1fr/HWnLABS/CA/labs/lab3/CacheSrcCode/cache.sv:93]
WARNING: [Synth 8-5788] Register dirty_reg[2][5] in module cache is has both Set and reset with same priority. This may cause simulation mismatches. Consider rewriting code  [F:/1fr/HWnLABS/CA/labs/lab3/CacheSrcCode/cache.sv:93]
WARNING: [Synth 8-5788] Register dirty_reg[2][6] in module cache is has both Set and reset with same priority. This may cause simulation mismatches. Consider rewriting code  [F:/1fr/HWnLABS/CA/labs/lab3/CacheSrcCode/cache.sv:93]
WARNING: [Synth 8-5788] Register dirty_reg[2][7] in module cache is has both Set and reset with same priority. This may cause simulation mismatches. Consider rewriting code  [F:/1fr/HWnLABS/CA/labs/lab3/CacheSrcCode/cache.sv:93]
WARNING: [Synth 8-5788] Register dirty_reg[3][0] in module cache is has both Set and reset with same priority. This may cause simulation mismatches. Consider rewriting code  [F:/1fr/HWnLABS/CA/labs/lab3/CacheSrcCode/cache.sv:93]
WARNING: [Synth 8-5788] Register dirty_reg[3][1] in module cache is has both Set and reset with same priority. This may cause simulation mismatches. Consider rewriting code  [F:/1fr/HWnLABS/CA/labs/lab3/CacheSrcCode/cache.sv:93]
WARNING: [Synth 8-5788] Register dirty_reg[3][2] in module cache is has both Set and reset with same priority. This may cause simulation mismatches. Consider rewriting code  [F:/1fr/HWnLABS/CA/labs/lab3/CacheSrcCode/cache.sv:93]
WARNING: [Synth 8-5788] Register dirty_reg[3][3] in module cache is has both Set and reset with same priority. This may cause simulation mismatches. Consider rewriting code  [F:/1fr/HWnLABS/CA/labs/lab3/CacheSrcCode/cache.sv:93]
WARNING: [Synth 8-5788] Register dirty_reg[3][4] in module cache is has both Set and reset with same priority. This may cause simulation mismatches. Consider rewriting code  [F:/1fr/HWnLABS/CA/labs/lab3/CacheSrcCode/cache.sv:93]
WARNING: [Synth 8-5788] Register dirty_reg[3][5] in module cache is has both Set and reset with same priority. This may cause simulation mismatches. Consider rewriting code  [F:/1fr/HWnLABS/CA/labs/lab3/CacheSrcCode/cache.sv:93]
WARNING: [Synth 8-5788] Register dirty_reg[3][6] in module cache is has both Set and reset with same priority. This may cause simulation mismatches. Consider rewriting code  [F:/1fr/HWnLABS/CA/labs/lab3/CacheSrcCode/cache.sv:93]
WARNING: [Synth 8-5788] Register dirty_reg[3][7] in module cache is has both Set and reset with same priority. This may cause simulation mismatches. Consider rewriting code  [F:/1fr/HWnLABS/CA/labs/lab3/CacheSrcCode/cache.sv:93]
WARNING: [Synth 8-5788] Register dirty_reg[4][0] in module cache is has both Set and reset with same priority. This may cause simulation mismatches. Consider rewriting code  [F:/1fr/HWnLABS/CA/labs/lab3/CacheSrcCode/cache.sv:93]
WARNING: [Synth 8-5788] Register dirty_reg[4][1] in module cache is has both Set and reset with same priority. This may cause simulation mismatches. Consider rewriting code  [F:/1fr/HWnLABS/CA/labs/lab3/CacheSrcCode/cache.sv:93]
WARNING: [Synth 8-5788] Register dirty_reg[4][2] in module cache is has both Set and reset with same priority. This may cause simulation mismatches. Consider rewriting code  [F:/1fr/HWnLABS/CA/labs/lab3/CacheSrcCode/cache.sv:93]
WARNING: [Synth 8-5788] Register dirty_reg[4][3] in module cache is has both Set and reset with same priority. This may cause simulation mismatches. Consider rewriting code  [F:/1fr/HWnLABS/CA/labs/lab3/CacheSrcCode/cache.sv:93]
WARNING: [Synth 8-5788] Register dirty_reg[4][4] in module cache is has both Set and reset with same priority. This may cause simulation mismatches. Consider rewriting code  [F:/1fr/HWnLABS/CA/labs/lab3/CacheSrcCode/cache.sv:93]
WARNING: [Synth 8-5788] Register dirty_reg[4][5] in module cache is has both Set and reset with same priority. This may cause simulation mismatches. Consider rewriting code  [F:/1fr/HWnLABS/CA/labs/lab3/CacheSrcCode/cache.sv:93]
WARNING: [Synth 8-5788] Register dirty_reg[4][6] in module cache is has both Set and reset with same priority. This may cause simulation mismatches. Consider rewriting code  [F:/1fr/HWnLABS/CA/labs/lab3/CacheSrcCode/cache.sv:93]
WARNING: [Synth 8-5788] Register dirty_reg[4][7] in module cache is has both Set and reset with same priority. This may cause simulation mismatches. Consider rewriting code  [F:/1fr/HWnLABS/CA/labs/lab3/CacheSrcCode/cache.sv:93]
WARNING: [Synth 8-5788] Register dirty_reg[5][0] in module cache is has both Set and reset with same priority. This may cause simulation mismatches. Consider rewriting code  [F:/1fr/HWnLABS/CA/labs/lab3/CacheSrcCode/cache.sv:93]
WARNING: [Synth 8-5788] Register dirty_reg[5][1] in module cache is has both Set and reset with same priority. This may cause simulation mismatches. Consider rewriting code  [F:/1fr/HWnLABS/CA/labs/lab3/CacheSrcCode/cache.sv:93]
WARNING: [Synth 8-5788] Register dirty_reg[5][2] in module cache is has both Set and reset with same priority. This may cause simulation mismatches. Consider rewriting code  [F:/1fr/HWnLABS/CA/labs/lab3/CacheSrcCode/cache.sv:93]
WARNING: [Synth 8-5788] Register dirty_reg[5][3] in module cache is has both Set and reset with same priority. This may cause simulation mismatches. Consider rewriting code  [F:/1fr/HWnLABS/CA/labs/lab3/CacheSrcCode/cache.sv:93]
WARNING: [Synth 8-5788] Register dirty_reg[5][4] in module cache is has both Set and reset with same priority. This may cause simulation mismatches. Consider rewriting code  [F:/1fr/HWnLABS/CA/labs/lab3/CacheSrcCode/cache.sv:93]
WARNING: [Synth 8-5788] Register dirty_reg[5][5] in module cache is has both Set and reset with same priority. This may cause simulation mismatches. Consider rewriting code  [F:/1fr/HWnLABS/CA/labs/lab3/CacheSrcCode/cache.sv:93]
WARNING: [Synth 8-5788] Register dirty_reg[5][6] in module cache is has both Set and reset with same priority. This may cause simulation mismatches. Consider rewriting code  [F:/1fr/HWnLABS/CA/labs/lab3/CacheSrcCode/cache.sv:93]
WARNING: [Synth 8-5788] Register dirty_reg[5][7] in module cache is has both Set and reset with same priority. This may cause simulation mismatches. Consider rewriting code  [F:/1fr/HWnLABS/CA/labs/lab3/CacheSrcCode/cache.sv:93]
WARNING: [Synth 8-5788] Register dirty_reg[6][0] in module cache is has both Set and reset with same priority. This may cause simulation mismatches. Consider rewriting code  [F:/1fr/HWnLABS/CA/labs/lab3/CacheSrcCode/cache.sv:93]
WARNING: [Synth 8-5788] Register dirty_reg[6][1] in module cache is has both Set and reset with same priority. This may cause simulation mismatches. Consider rewriting code  [F:/1fr/HWnLABS/CA/labs/lab3/CacheSrcCode/cache.sv:93]
WARNING: [Synth 8-5788] Register dirty_reg[6][2] in module cache is has both Set and reset with same priority. This may cause simulation mismatches. Consider rewriting code  [F:/1fr/HWnLABS/CA/labs/lab3/CacheSrcCode/cache.sv:93]
WARNING: [Synth 8-5788] Register dirty_reg[6][3] in module cache is has both Set and reset with same priority. This may cause simulation mismatches. Consider rewriting code  [F:/1fr/HWnLABS/CA/labs/lab3/CacheSrcCode/cache.sv:93]
WARNING: [Synth 8-5788] Register dirty_reg[6][4] in module cache is has both Set and reset with same priority. This may cause simulation mismatches. Consider rewriting code  [F:/1fr/HWnLABS/CA/labs/lab3/CacheSrcCode/cache.sv:93]
WARNING: [Synth 8-5788] Register dirty_reg[6][5] in module cache is has both Set and reset with same priority. This may cause simulation mismatches. Consider rewriting code  [F:/1fr/HWnLABS/CA/labs/lab3/CacheSrcCode/cache.sv:93]
WARNING: [Synth 8-5788] Register dirty_reg[6][6] in module cache is has both Set and reset with same priority. This may cause simulation mismatches. Consider rewriting code  [F:/1fr/HWnLABS/CA/labs/lab3/CacheSrcCode/cache.sv:93]
WARNING: [Synth 8-5788] Register dirty_reg[6][7] in module cache is has both Set and reset with same priority. This may cause simulation mismatches. Consider rewriting code  [F:/1fr/HWnLABS/CA/labs/lab3/CacheSrcCode/cache.sv:93]
WARNING: [Synth 8-5788] Register dirty_reg[7][0] in module cache is has both Set and reset with same priority. This may cause simulation mismatches. Consider rewriting code  [F:/1fr/HWnLABS/CA/labs/lab3/CacheSrcCode/cache.sv:93]
WARNING: [Synth 8-5788] Register dirty_reg[7][1] in module cache is has both Set and reset with same priority. This may cause simulation mismatches. Consider rewriting code  [F:/1fr/HWnLABS/CA/labs/lab3/CacheSrcCode/cache.sv:93]
WARNING: [Synth 8-5788] Register dirty_reg[7][2] in module cache is has both Set and reset with same priority. This may cause simulation mismatches. Consider rewriting code  [F:/1fr/HWnLABS/CA/labs/lab3/CacheSrcCode/cache.sv:93]
WARNING: [Synth 8-5788] Register dirty_reg[7][3] in module cache is has both Set and reset with same priority. This may cause simulation mismatches. Consider rewriting code  [F:/1fr/HWnLABS/CA/labs/lab3/CacheSrcCode/cache.sv:93]
WARNING: [Synth 8-5788] Register dirty_reg[7][4] in module cache is has both Set and reset with same priority. This may cause simulation mismatches. Consider rewriting code  [F:/1fr/HWnLABS/CA/labs/lab3/CacheSrcCode/cache.sv:93]
WARNING: [Synth 8-5788] Register dirty_reg[7][5] in module cache is has both Set and reset with same priority. This may cause simulation mismatches. Consider rewriting code  [F:/1fr/HWnLABS/CA/labs/lab3/CacheSrcCode/cache.sv:93]
WARNING: [Synth 8-5788] Register dirty_reg[7][6] in module cache is has both Set and reset with same priority. This may cause simulation mismatches. Consider rewriting code  [F:/1fr/HWnLABS/CA/labs/lab3/CacheSrcCode/cache.sv:93]
WARNING: [Synth 8-5788] Register dirty_reg[7][7] in module cache is has both Set and reset with same priority. This may cause simulation mismatches. Consider rewriting code  [F:/1fr/HWnLABS/CA/labs/lab3/CacheSrcCode/cache.sv:93]
WARNING: [Synth 8-5788] Register valid_reg[0][0] in module cache is has both Set and reset with same priority. This may cause simulation mismatches. Consider rewriting code  [F:/1fr/HWnLABS/CA/labs/lab3/CacheSrcCode/cache.sv:94]
WARNING: [Synth 8-5788] Register valid_reg[0][1] in module cache is has both Set and reset with same priority. This may cause simulation mismatches. Consider rewriting code  [F:/1fr/HWnLABS/CA/labs/lab3/CacheSrcCode/cache.sv:94]
WARNING: [Synth 8-5788] Register valid_reg[0][2] in module cache is has both Set and reset with same priority. This may cause simulation mismatches. Consider rewriting code  [F:/1fr/HWnLABS/CA/labs/lab3/CacheSrcCode/cache.sv:94]
WARNING: [Synth 8-5788] Register valid_reg[0][3] in module cache is has both Set and reset with same priority. This may cause simulation mismatches. Consider rewriting code  [F:/1fr/HWnLABS/CA/labs/lab3/CacheSrcCode/cache.sv:94]
WARNING: [Synth 8-5788] Register valid_reg[0][4] in module cache is has both Set and reset with same priority. This may cause simulation mismatches. Consider rewriting code  [F:/1fr/HWnLABS/CA/labs/lab3/CacheSrcCode/cache.sv:94]
WARNING: [Synth 8-5788] Register valid_reg[0][5] in module cache is has both Set and reset with same priority. This may cause simulation mismatches. Consider rewriting code  [F:/1fr/HWnLABS/CA/labs/lab3/CacheSrcCode/cache.sv:94]
WARNING: [Synth 8-5788] Register valid_reg[0][6] in module cache is has both Set and reset with same priority. This may cause simulation mismatches. Consider rewriting code  [F:/1fr/HWnLABS/CA/labs/lab3/CacheSrcCode/cache.sv:94]
WARNING: [Synth 8-5788] Register valid_reg[0][7] in module cache is has both Set and reset with same priority. This may cause simulation mismatches. Consider rewriting code  [F:/1fr/HWnLABS/CA/labs/lab3/CacheSrcCode/cache.sv:94]
WARNING: [Synth 8-5788] Register valid_reg[1][0] in module cache is has both Set and reset with same priority. This may cause simulation mismatches. Consider rewriting code  [F:/1fr/HWnLABS/CA/labs/lab3/CacheSrcCode/cache.sv:94]
WARNING: [Synth 8-5788] Register valid_reg[1][1] in module cache is has both Set and reset with same priority. This may cause simulation mismatches. Consider rewriting code  [F:/1fr/HWnLABS/CA/labs/lab3/CacheSrcCode/cache.sv:94]
WARNING: [Synth 8-5788] Register valid_reg[1][2] in module cache is has both Set and reset with same priority. This may cause simulation mismatches. Consider rewriting code  [F:/1fr/HWnLABS/CA/labs/lab3/CacheSrcCode/cache.sv:94]
WARNING: [Synth 8-5788] Register valid_reg[1][3] in module cache is has both Set and reset with same priority. This may cause simulation mismatches. Consider rewriting code  [F:/1fr/HWnLABS/CA/labs/lab3/CacheSrcCode/cache.sv:94]
WARNING: [Synth 8-5788] Register valid_reg[1][4] in module cache is has both Set and reset with same priority. This may cause simulation mismatches. Consider rewriting code  [F:/1fr/HWnLABS/CA/labs/lab3/CacheSrcCode/cache.sv:94]
WARNING: [Synth 8-5788] Register valid_reg[1][5] in module cache is has both Set and reset with same priority. This may cause simulation mismatches. Consider rewriting code  [F:/1fr/HWnLABS/CA/labs/lab3/CacheSrcCode/cache.sv:94]
WARNING: [Synth 8-5788] Register valid_reg[1][6] in module cache is has both Set and reset with same priority. This may cause simulation mismatches. Consider rewriting code  [F:/1fr/HWnLABS/CA/labs/lab3/CacheSrcCode/cache.sv:94]
WARNING: [Synth 8-5788] Register valid_reg[1][7] in module cache is has both Set and reset with same priority. This may cause simulation mismatches. Consider rewriting code  [F:/1fr/HWnLABS/CA/labs/lab3/CacheSrcCode/cache.sv:94]
WARNING: [Synth 8-5788] Register valid_reg[2][0] in module cache is has both Set and reset with same priority. This may cause simulation mismatches. Consider rewriting code  [F:/1fr/HWnLABS/CA/labs/lab3/CacheSrcCode/cache.sv:94]
WARNING: [Synth 8-5788] Register valid_reg[2][1] in module cache is has both Set and reset with same priority. This may cause simulation mismatches. Consider rewriting code  [F:/1fr/HWnLABS/CA/labs/lab3/CacheSrcCode/cache.sv:94]
INFO: [Common 17-14] Message 'Synth 8-5788' appears 100 times and further instances of the messages will be disabled. Use the Tcl command set_msg_config to change the current settings.
INFO: [Synth 8-6155] done synthesizing module 'cache' (3#1) [F:/1fr/HWnLABS/CA/labs/lab3/CacheSrcCode/cache.sv:3]
WARNING: [Synth 8-3331] design cache has unconnected port addr[31]
WARNING: [Synth 8-3331] design cache has unconnected port addr[30]
WARNING: [Synth 8-3331] design cache has unconnected port addr[29]
WARNING: [Synth 8-3331] design cache has unconnected port addr[28]
WARNING: [Synth 8-3331] design cache has unconnected port addr[27]
WARNING: [Synth 8-3331] design cache has unconnected port addr[26]
WARNING: [Synth 8-3331] design cache has unconnected port addr[25]
WARNING: [Synth 8-3331] design cache has unconnected port addr[24]
WARNING: [Synth 8-3331] design cache has unconnected port addr[23]
WARNING: [Synth 8-3331] design cache has unconnected port addr[22]
WARNING: [Synth 8-3331] design cache has unconnected port addr[21]
WARNING: [Synth 8-3331] design cache has unconnected port addr[20]
WARNING: [Synth 8-3331] design cache has unconnected port addr[19]
WARNING: [Synth 8-3331] design cache has unconnected port addr[18]
WARNING: [Synth 8-3331] design cache has unconnected port addr[17]
WARNING: [Synth 8-3331] design cache has unconnected port addr[16]
WARNING: [Synth 8-3331] design cache has unconnected port addr[15]
WARNING: [Synth 8-3331] design cache has unconnected port addr[14]
WARNING: [Synth 8-3331] design cache has unconnected port addr[1]
WARNING: [Synth 8-3331] design cache has unconnected port addr[0]
---------------------------------------------------------------------------------
Finished Synthesize : Time (s): cpu = 00:00:21 ; elapsed = 00:00:22 . Memory (MB): peak = 626.621 ; gain = 369.383
---------------------------------------------------------------------------------
---------------------------------------------------------------------------------
Finished Constraint Validation : Time (s): cpu = 00:00:24 ; elapsed = 00:00:26 . Memory (MB): peak = 626.621 ; gain = 369.383
---------------------------------------------------------------------------------
---------------------------------------------------------------------------------
Start Loading Part and Timing Information
---------------------------------------------------------------------------------
Loading part: xc7k70tfbv676-1
---------------------------------------------------------------------------------
Finished Loading Part and Timing Information : Time (s): cpu = 00:00:24 ; elapsed = 00:00:26 . Memory (MB): peak = 626.621 ; gain = 369.383
---------------------------------------------------------------------------------
INFO: [Device 21-403] Loading part xc7k70tfbv676-1
INFO: [Synth 8-5544] ROM "rd_line_latch_reg[0]" won't be mapped to Block RAM because address size (3) smaller than threshold (5)
INFO: [Synth 8-5544] ROM "rd_line_latch_reg[1]" won't be mapped to Block RAM because address size (3) smaller than threshold (5)
INFO: [Synth 8-5544] ROM "rd_line_latch_reg[2]" won't be mapped to Block RAM because address size (3) smaller than threshold (5)
INFO: [Synth 8-5544] ROM "rd_line_latch_reg[3]" won't be mapped to Block RAM because address size (3) smaller than threshold (5)
INFO: [Synth 8-5544] ROM "rd_line_latch_reg[4]" won't be mapped to Block RAM because address size (3) smaller than threshold (5)
INFO: [Synth 8-5544] ROM "rd_line_latch_reg[5]" won't be mapped to Block RAM because address size (3) smaller than threshold (5)
INFO: [Synth 8-5544] ROM "rd_line_latch_reg[6]" won't be mapped to Block RAM because address size (3) smaller than threshold (5)
INFO: [Synth 8-5544] ROM "rd_line_latch_reg[7]" won't be mapped to Block RAM because address size (3) smaller than threshold (5)
INFO: [Synth 8-802] inferred FSM for state register 'cache_stat_reg' in module 'cache'
INFO: [Synth 8-5546] ROM "way_addr" won't be mapped to RAM because it is too sparse
INFO: [Synth 8-5546] ROM "dirty_reg[0][0]" won't be mapped to RAM because it is too sparse
INFO: [Synth 8-5546] ROM "dirty_reg[0][0]" won't be mapped to RAM because it is too sparse
INFO: [Synth 8-5546] ROM "dirty_reg[0][1]" won't be mapped to RAM because it is too sparse
INFO: [Synth 8-5546] ROM "dirty_reg[0][1]" won't be mapped to RAM because it is too sparse
INFO: [Synth 8-5546] ROM "dirty_reg[0][2]" won't be mapped to RAM because it is too sparse
INFO: [Synth 8-5546] ROM "dirty_reg[0][2]" won't be mapped to RAM because it is too sparse
INFO: [Synth 8-5546] ROM "dirty_reg[0][3]" won't be mapped to RAM because it is too sparse
INFO: [Synth 8-5546] ROM "dirty_reg[0][3]" won't be mapped to RAM because it is too sparse
INFO: [Synth 8-5546] ROM "dirty_reg[0][4]" won't be mapped to RAM because it is too sparse
INFO: [Synth 8-5546] ROM "dirty_reg[0][4]" won't be mapped to RAM because it is too sparse
INFO: [Synth 8-5546] ROM "dirty_reg[0][5]" won't be mapped to RAM because it is too sparse
INFO: [Synth 8-5546] ROM "dirty_reg[0][5]" won't be mapped to RAM because it is too sparse
INFO: [Synth 8-5546] ROM "dirty_reg[0][6]" won't be mapped to RAM because it is too sparse
INFO: [Synth 8-5546] ROM "dirty_reg[0][6]" won't be mapped to RAM because it is too sparse
INFO: [Synth 8-5546] ROM "dirty_reg[0][7]" won't be mapped to RAM because it is too sparse
INFO: [Synth 8-5546] ROM "dirty_reg[0][7]" won't be mapped to RAM because it is too sparse
INFO: [Synth 8-5546] ROM "LRU_addr" won't be mapped to RAM because it is too sparse
INFO: [Synth 8-5544] ROM "cache_mem_reg[0][0][0]" won't be mapped to Block RAM because address size (3) smaller than threshold (5)
INFO: [Synth 8-5544] ROM "cache_mem_reg[0][0][1]" won't be mapped to Block RAM because address size (3) smaller than threshold (5)
INFO: [Synth 8-5544] ROM "cache_mem_reg[0][0][2]" won't be mapped to Block RAM because address size (3) smaller than threshold (5)
INFO: [Synth 8-5544] ROM "cache_mem_reg[0][0][3]" won't be mapped to Block RAM because address size (3) smaller than threshold (5)
INFO: [Synth 8-5544] ROM "cache_mem_reg[0][0][4]" won't be mapped to Block RAM because address size (3) smaller than threshold (5)
INFO: [Synth 8-5544] ROM "cache_mem_reg[0][0][5]" won't be mapped to Block RAM because address size (3) smaller than threshold (5)
INFO: [Synth 8-5544] ROM "cache_mem_reg[0][0][6]" won't be mapped to Block RAM because address size (3) smaller than threshold (5)
INFO: [Synth 8-5544] ROM "cache_mem_reg[0][0][7]" won't be mapped to Block RAM because address size (3) smaller than threshold (5)
INFO: [Synth 8-5544] ROM "cache_stat" won't be mapped to Block RAM because address size (1) smaller than threshold (5)
INFO: [Synth 8-5546] ROM "way_addr" won't be mapped to RAM because it is too sparse
INFO: [Synth 8-5544] ROM "dirty_reg[0][0]" won't be mapped to Block RAM because address size (1) smaller than threshold (5)
INFO: [Synth 8-5546] ROM "dirty_reg[0][0]" won't be mapped to RAM because it is too sparse
INFO: [Synth 8-5544] ROM "dirty_reg[0][1]" won't be mapped to Block RAM because address size (1) smaller than threshold (5)
INFO: [Synth 8-5546] ROM "dirty_reg[0][1]" won't be mapped to RAM because it is too sparse
INFO: [Synth 8-5544] ROM "dirty_reg[0][2]" won't be mapped to Block RAM because address size (1) smaller than threshold (5)
INFO: [Synth 8-5546] ROM "dirty_reg[0][2]" won't be mapped to RAM because it is too sparse
INFO: [Synth 8-5544] ROM "dirty_reg[0][3]" won't be mapped to Block RAM because address size (1) smaller than threshold (5)
INFO: [Synth 8-5546] ROM "dirty_reg[0][3]" won't be mapped to RAM because it is too sparse
INFO: [Synth 8-5544] ROM "dirty_reg[0][4]" won't be mapped to Block RAM because address size (1) smaller than threshold (5)
INFO: [Synth 8-5546] ROM "dirty_reg[0][4]" won't be mapped to RAM because it is too sparse
INFO: [Synth 8-5544] ROM "dirty_reg[0][5]" won't be mapped to Block RAM because address size (1) smaller than threshold (5)
INFO: [Synth 8-5546] ROM "dirty_reg[0][5]" won't be mapped to RAM because it is too sparse
INFO: [Synth 8-5544] ROM "dirty_reg[0][6]" won't be mapped to Block RAM because address size (1) smaller than threshold (5)
INFO: [Synth 8-5546] ROM "dirty_reg[0][6]" won't be mapped to RAM because it is too sparse
INFO: [Synth 8-5544] ROM "dirty_reg[0][7]" won't be mapped to Block RAM because address size (1) smaller than threshold (5)
INFO: [Synth 8-5546] ROM "dirty_reg[0][7]" won't be mapped to RAM because it is too sparse
INFO: [Synth 8-5546] ROM "LRU_addr" won't be mapped to RAM because it is too sparse
INFO: [Synth 8-5544] ROM "cache_mem_reg[0][0][0]" won't be mapped to Block RAM because address size (3) smaller than threshold (5)
INFO: [Synth 8-5544] ROM "cache_mem_reg[0][0][1]" won't be mapped to Block RAM because address size (3) smaller than threshold (5)
INFO: [Synth 8-5544] ROM "cache_mem_reg[0][0][2]" won't be mapped to Block RAM because address size (3) smaller than threshold (5)
INFO: [Synth 8-5544] ROM "cache_mem_reg[0][0][3]" won't be mapped to Block RAM because address size (3) smaller than threshold (5)
INFO: [Synth 8-5544] ROM "cache_mem_reg[0][0][4]" won't be mapped to Block RAM because address size (3) smaller than threshold (5)
INFO: [Synth 8-5544] ROM "cache_mem_reg[0][0][5]" won't be mapped to Block RAM because address size (3) smaller than threshold (5)
INFO: [Synth 8-5544] ROM "cache_mem_reg[0][0][6]" won't be mapped to Block RAM because address size (3) smaller than threshold (5)
INFO: [Synth 8-5544] ROM "cache_mem_reg[0][0][7]" won't be mapped to Block RAM because address size (3) smaller than threshold (5)
INFO: [Synth 8-5544] ROM "cache_stat" won't be mapped to Block RAM because address size (1) smaller than threshold (5)
INFO: [Synth 8-5544] ROM "dirty" won't be mapped to Block RAM because address size (1) smaller than threshold (5)
---------------------------------------------------------------------------------------------------
                   State |                     New Encoding |                Previous Encoding 
---------------------------------------------------------------------------------------------------
                    IDLE |                             0001 | 00000000000000000000000000000000
                SWAP_OUT |                             0010 | 00000000000000000000000000000001
                 SWAP_IN |                             0100 | 00000000000000000000000000000010
              SWAP_IN_OK |                             1000 | 00000000000000000000000000000011
---------------------------------------------------------------------------------------------------
INFO: [Synth 8-3354] encoded FSM with state register 'cache_stat_reg' using encoding 'one-hot' in module 'cache'
---------------------------------------------------------------------------------
Finished RTL Optimization Phase 2 : Time (s): cpu = 00:00:58 ; elapsed = 00:00:57 . Memory (MB): peak = 659.566 ; gain = 402.328
---------------------------------------------------------------------------------

Report RTL Partitions: 
+------+--------------+------------+----------+
|      |RTL Partition |Replication |Instances |
+------+--------------+------------+----------+
|1     |cache__GB0    |           1|     42286|
|2     |cache__GB1    |           1|      8690|
|3     |cache__GB2    |           1|     10630|
|4     |cache__GB3    |           1|     12864|
|5     |cache__GB4    |           1|     17536|
+------+--------------+------------+----------+
No constraint files found.
---------------------------------------------------------------------------------
Start RTL Component Statistics 
---------------------------------------------------------------------------------
Detailed RTL Component Info : 
+---Adders : 
	   2 Input     32 Bit       Adders := 66    
	   2 Input      3 Bit       Adders := 2     
+---Registers : 
	               32 Bit    Registers := 605   
	               12 Bit    Registers := 1     
	                9 Bit    Registers := 2     
	                8 Bit    Registers := 2     
	                6 Bit    Registers := 65    
	                1 Bit    Registers := 129   
+---RAMs : 
	             128K Bit         RAMs := 1     
+---Muxes : 
	   2 Input     32 Bit        Muxes := 397   
	   4 Input     32 Bit        Muxes := 8     
	   2 Input     12 Bit        Muxes := 6     
	   2 Input      9 Bit        Muxes := 2     
	   2 Input      8 Bit        Muxes := 8     
	   4 Input      4 Bit        Muxes := 1     
	   2 Input      4 Bit        Muxes := 1     
	   9 Input      3 Bit        Muxes := 2     
	   2 Input      1 Bit        Muxes := 1131  
	   4 Input      1 Bit        Muxes := 836   
---------------------------------------------------------------------------------
Finished RTL Component Statistics 
---------------------------------------------------------------------------------
---------------------------------------------------------------------------------
Start RTL Hierarchical Component Statistics 
---------------------------------------------------------------------------------
Hierarchical RTL Component report 
Module cache 
Detailed RTL Component Info : 
+---Adders : 
	   2 Input     32 Bit       Adders := 64    
+---Registers : 
	               32 Bit    Registers := 585   
	                9 Bit    Registers := 1     
	                8 Bit    Registers := 2     
	                6 Bit    Registers := 65    
	                1 Bit    Registers := 128   
+---Muxes : 
	   4 Input     32 Bit        Muxes := 8     
	   2 Input     32 Bit        Muxes := 390   
	   2 Input      9 Bit        Muxes := 2     
	   2 Input      8 Bit        Muxes := 8     
	   4 Input      4 Bit        Muxes := 1     
	   2 Input      4 Bit        Muxes := 1     
	   9 Input      3 Bit        Muxes := 2     
	   2 Input      1 Bit        Muxes := 1121  
	   4 Input      1 Bit        Muxes := 836   
Module mem 
Detailed RTL Component Info : 
+---Registers : 
	               32 Bit    Registers := 1     
+---RAMs : 
	             128K Bit         RAMs := 1     
Module main_mem 
Detailed RTL Component Info : 
+---Adders : 
	   2 Input     32 Bit       Adders := 2     
	   2 Input      3 Bit       Adders := 2     
+---Registers : 
	               32 Bit    Registers := 19    
	               12 Bit    Registers := 1     
	                9 Bit    Registers := 1     
	                1 Bit    Registers := 1     
+---Muxes : 
	   2 Input     32 Bit        Muxes := 7     
	   2 Input     12 Bit        Muxes := 6     
	   2 Input      1 Bit        Muxes := 10    
---------------------------------------------------------------------------------
Finished RTL Hierarchical Component Statistics
---------------------------------------------------------------------------------
---------------------------------------------------------------------------------
Start Part Resource Summary
---------------------------------------------------------------------------------
Part Resources:
DSPs: 240 (col length:80)
BRAMs: 270 (col length: RAMB18 80 RAMB36 40)
---------------------------------------------------------------------------------
Finished Part Resource Summary
---------------------------------------------------------------------------------
No constraint files found.
---------------------------------------------------------------------------------
Start Cross Boundary and Area Optimization
---------------------------------------------------------------------------------
Warning: Parallel synthesis criteria is not met 
INFO: [Synth 8-5546] ROM "way_addr" won't be mapped to RAM because it is too sparse
INFO: [Synth 8-5546] ROM "dirty_reg[0][0]" won't be mapped to RAM because it is too sparse
INFO: [Synth 8-5546] ROM "dirty_reg[0][1]" won't be mapped to RAM because it is too sparse
INFO: [Synth 8-5546] ROM "dirty_reg[0][2]" won't be mapped to RAM because it is too sparse
INFO: [Synth 8-5546] ROM "dirty_reg[0][3]" won't be mapped to RAM because it is too sparse
INFO: [Synth 8-5546] ROM "dirty_reg[0][4]" won't be mapped to RAM because it is too sparse
INFO: [Synth 8-5546] ROM "dirty_reg[0][5]" won't be mapped to RAM because it is too sparse
INFO: [Synth 8-5546] ROM "dirty_reg[0][6]" won't be mapped to RAM because it is too sparse
INFO: [Synth 8-5546] ROM "dirty_reg[0][7]" won't be mapped to RAM because it is too sparse
INFO: [Synth 8-5546] ROM "valid_reg[0][0]" won't be mapped to RAM because it is too sparse
INFO: [Synth 8-5546] ROM "valid_reg[0][1]" won't be mapped to RAM because it is too sparse
INFO: [Synth 8-5546] ROM "valid_reg[0][2]" won't be mapped to RAM because it is too sparse
INFO: [Synth 8-5546] ROM "valid_reg[0][3]" won't be mapped to RAM because it is too sparse
INFO: [Synth 8-5546] ROM "valid_reg[0][4]" won't be mapped to RAM because it is too sparse
INFO: [Synth 8-5546] ROM "valid_reg[0][5]" won't be mapped to RAM because it is too sparse
INFO: [Synth 8-5546] ROM "valid_reg[0][7]" won't be mapped to RAM because it is too sparse
INFO: [Synth 8-5546] ROM "valid_reg[0][6]" won't be mapped to RAM because it is too sparse
INFO: [Synth 8-5546] ROM "LRU_addr" won't be mapped to RAM because it is too sparse
WARNING: [Synth 8-3331] design cache has unconnected port addr[31]
WARNING: [Synth 8-3331] design cache has unconnected port addr[30]
WARNING: [Synth 8-3331] design cache has unconnected port addr[29]
WARNING: [Synth 8-3331] design cache has unconnected port addr[28]
WARNING: [Synth 8-3331] design cache has unconnected port addr[27]
WARNING: [Synth 8-3331] design cache has unconnected port addr[26]
WARNING: [Synth 8-3331] design cache has unconnected port addr[25]
WARNING: [Synth 8-3331] design cache has unconnected port addr[24]
WARNING: [Synth 8-3331] design cache has unconnected port addr[23]
WARNING: [Synth 8-3331] design cache has unconnected port addr[22]
WARNING: [Synth 8-3331] design cache has unconnected port addr[21]
WARNING: [Synth 8-3331] design cache has unconnected port addr[20]
WARNING: [Synth 8-3331] design cache has unconnected port addr[19]
WARNING: [Synth 8-3331] design cache has unconnected port addr[18]
WARNING: [Synth 8-3331] design cache has unconnected port addr[17]
WARNING: [Synth 8-3331] design cache has unconnected port addr[16]
WARNING: [Synth 8-3331] design cache has unconnected port addr[15]
WARNING: [Synth 8-3331] design cache has unconnected port addr[14]
WARNING: [Synth 8-3331] design cache has unconnected port addr[1]
WARNING: [Synth 8-3331] design cache has unconnected port addr[0]
INFO: [Synth 8-3886] merging instance 'i_2/mem_rd_switch_addr_reg[6]' (FDCE) to 'i_2/mem_rd_switch_addr_reg[7]'
INFO: [Synth 8-3886] merging instance 'i_2/mem_rd_switch_addr_reg[4]' (FDCE) to 'i_2/mem_rd_switch_addr_reg[7]'
INFO: [Synth 8-3886] merging instance 'i_2/mem_rd_switch_addr_reg[3]' (FDCE) to 'i_2/mem_rd_switch_addr_reg[7]'
INFO: [Synth 8-3886] merging instance 'i_2/mem_rd_switch_addr_reg[5]' (FDCE) to 'i_2/mem_rd_switch_addr_reg[7]'
INFO: [Synth 8-3333] propagating constant 0 across sequential element (\mem_rd_switch_addr_reg[7] )
---------------------------------------------------------------------------------
Finished Cross Boundary and Area Optimization : Time (s): cpu = 00:02:13 ; elapsed = 00:02:13 . Memory (MB): peak = 878.840 ; gain = 621.602
---------------------------------------------------------------------------------
---------------------------------------------------------------------------------
Start ROM, RAM, DSP and Shift Register Reporting
---------------------------------------------------------------------------------

Block RAM: Preliminary Mapping  Report (see note below)
+------------+--------------+------------------------+---+---+------------------------+---+---+------------------+--------+--------+
|Module Name | RTL Object   | PORT A (Depth x Width) | W | R | PORT B (Depth x Width) | W | R | Ports driving FF | RAMB18 | RAMB36 | 
+------------+--------------+------------------------+---+---+------------------------+---+---+------------------+--------+--------+
|mem:        | ram_cell_reg | 4 K x 32(READ_FIRST)   | W | R |                        |   |   | Port A           | 0      | 4      | 
+------------+--------------+------------------------+---+---+------------------------+---+---+------------------+--------+--------+

Note: The tale above is a preliminary report that shows the Block RAMs at the current stage of the synthesis flow. Some Block RAMs may be reimplemented as non Block RAM primitives later in the synthesis flow. Multiple instantiated Block RAMs are reported only once. 
---------------------------------------------------------------------------------
Finished ROM, RAM, DSP and Shift Register Reporting
---------------------------------------------------------------------------------
INFO: [Synth 8-4480] The timing for the instance i_0/main_mem_instance/i_0/mem_inst/ram_cell_reg_0 (implemented as a block RAM) might be sub-optimal as no optional output register could be merged into the block ram. Providing additional output register may help in improving timing.
INFO: [Synth 8-4480] The timing for the instance i_0/main_mem_instance/i_0/mem_inst/ram_cell_reg_1 (implemented as a block RAM) might be sub-optimal as no optional output register could be merged into the block ram. Providing additional output register may help in improving timing.
INFO: [Synth 8-4480] The timing for the instance i_0/main_mem_instance/i_0/mem_inst/ram_cell_reg_2 (implemented as a block RAM) might be sub-optimal as no optional output register could be merged into the block ram. Providing additional output register may help in improving timing.
INFO: [Synth 8-4480] The timing for the instance i_0/main_mem_instance/i_0/mem_inst/ram_cell_reg_3 (implemented as a block RAM) might be sub-optimal as no optional output register could be merged into the block ram. Providing additional output register may help in improving timing.

Report RTL Partitions: 
+------+--------------+------------+----------+
|      |RTL Partition |Replication |Instances |
+------+--------------+------------+----------+
|1     |cache__GB0    |           1|     10843|
|2     |cache__GB1    |           1|      6501|
|3     |cache__GB2    |           1|      4069|
|4     |cache__GB3    |           1|     12864|
|5     |cache__GB4    |           1|     17536|
+------+--------------+------------+----------+
No constraint files found.
---------------------------------------------------------------------------------
Start Timing Optimization
---------------------------------------------------------------------------------
---------------------------------------------------------------------------------
Finished Timing Optimization : Time (s): cpu = 00:02:13 ; elapsed = 00:02:14 . Memory (MB): peak = 878.840 ; gain = 621.602
---------------------------------------------------------------------------------
---------------------------------------------------------------------------------
Start ROM, RAM, DSP and Shift Register Reporting
---------------------------------------------------------------------------------

Block RAM: Final Mapping  Report
+------------+--------------+------------------------+---+---+------------------------+---+---+------------------+--------+--------+
|Module Name | RTL Object   | PORT A (Depth x Width) | W | R | PORT B (Depth x Width) | W | R | Ports driving FF | RAMB18 | RAMB36 | 
+------------+--------------+------------------------+---+---+------------------------+---+---+------------------+--------+--------+
|mem:        | ram_cell_reg | 4 K x 32(READ_FIRST)   | W | R |                        |   |   | Port A           | 0      | 4      | 
+------------+--------------+------------------------+---+---+------------------------+---+---+------------------+--------+--------+

---------------------------------------------------------------------------------
Finished ROM, RAM, DSP and Shift Register Reporting
---------------------------------------------------------------------------------

Report RTL Partitions: 
+------+--------------+------------+----------+
|      |RTL Partition |Replication |Instances |
+------+--------------+------------+----------+
|1     |cache__GB0    |           1|     10843|
|2     |cache__GB1    |           1|      6501|
|3     |cache__GB2    |           1|      4069|
|4     |cache__GB3    |           1|     12864|
|5     |cache__GB4    |           1|     17536|
+------+--------------+------------+----------+
---------------------------------------------------------------------------------
Start Technology Mapping
---------------------------------------------------------------------------------
INFO: [Synth 8-4480] The timing for the instance main_mem_instance/mem_inst/ram_cell_reg_0 (implemented as a block RAM) might be sub-optimal as no optional output register could be merged into the block ram. Providing additional output register may help in improving timing.
INFO: [Synth 8-4480] The timing for the instance main_mem_instance/mem_inst/ram_cell_reg_1 (implemented as a block RAM) might be sub-optimal as no optional output register could be merged into the block ram. Providing additional output register may help in improving timing.
INFO: [Synth 8-4480] The timing for the instance main_mem_instance/mem_inst/ram_cell_reg_2 (implemented as a block RAM) might be sub-optimal as no optional output register could be merged into the block ram. Providing additional output register may help in improving timing.
INFO: [Synth 8-4480] The timing for the instance main_mem_instance/mem_inst/ram_cell_reg_3 (implemented as a block RAM) might be sub-optimal as no optional output register could be merged into the block ram. Providing additional output register may help in improving timing.
---------------------------------------------------------------------------------
Finished Technology Mapping : Time (s): cpu = 00:02:27 ; elapsed = 00:02:28 . Memory (MB): peak = 878.840 ; gain = 621.602
---------------------------------------------------------------------------------

Report RTL Partitions: 
+-+--------------+------------+----------+
| |RTL Partition |Replication |Instances |
+-+--------------+------------+----------+
+-+--------------+------------+----------+
---------------------------------------------------------------------------------
Start IO Insertion
---------------------------------------------------------------------------------
---------------------------------------------------------------------------------
Start Flattening Before IO Insertion
---------------------------------------------------------------------------------
---------------------------------------------------------------------------------
Finished Flattening Before IO Insertion
---------------------------------------------------------------------------------
---------------------------------------------------------------------------------
Start Final Netlist Cleanup
---------------------------------------------------------------------------------
---------------------------------------------------------------------------------
Finished Final Netlist Cleanup
---------------------------------------------------------------------------------
---------------------------------------------------------------------------------
Finished IO Insertion : Time (s): cpu = 00:02:34 ; elapsed = 00:02:35 . Memory (MB): peak = 878.840 ; gain = 621.602
---------------------------------------------------------------------------------

Report Check Netlist: 
+------+------------------+-------+---------+-------+------------------+
|      |Item              |Errors |Warnings |Status |Description       |
+------+------------------+-------+---------+-------+------------------+
|1     |multi_driven_nets |      0|        0|Passed |Multi driven nets |
+------+------------------+-------+---------+-------+------------------+
---------------------------------------------------------------------------------
Start Renaming Generated Instances
---------------------------------------------------------------------------------
---------------------------------------------------------------------------------
Finished Renaming Generated Instances : Time (s): cpu = 00:02:35 ; elapsed = 00:02:35 . Memory (MB): peak = 878.840 ; gain = 621.602
---------------------------------------------------------------------------------

Report RTL Partitions: 
+-+--------------+------------+----------+
| |RTL Partition |Replication |Instances |
+-+--------------+------------+----------+
+-+--------------+------------+----------+
---------------------------------------------------------------------------------
Start Rebuilding User Hierarchy
---------------------------------------------------------------------------------
---------------------------------------------------------------------------------
Finished Rebuilding User Hierarchy : Time (s): cpu = 00:02:36 ; elapsed = 00:02:37 . Memory (MB): peak = 878.840 ; gain = 621.602
---------------------------------------------------------------------------------
---------------------------------------------------------------------------------
Start Renaming Generated Ports
---------------------------------------------------------------------------------
---------------------------------------------------------------------------------
Finished Renaming Generated Ports : Time (s): cpu = 00:02:36 ; elapsed = 00:02:37 . Memory (MB): peak = 878.840 ; gain = 621.602
---------------------------------------------------------------------------------
---------------------------------------------------------------------------------
Start Handling Custom Attributes
---------------------------------------------------------------------------------
---------------------------------------------------------------------------------
Finished Handling Custom Attributes : Time (s): cpu = 00:02:39 ; elapsed = 00:02:40 . Memory (MB): peak = 878.840 ; gain = 621.602
---------------------------------------------------------------------------------
---------------------------------------------------------------------------------
Start Renaming Generated Nets
---------------------------------------------------------------------------------
---------------------------------------------------------------------------------
Finished Renaming Generated Nets : Time (s): cpu = 00:02:39 ; elapsed = 00:02:40 . Memory (MB): peak = 878.840 ; gain = 621.602
---------------------------------------------------------------------------------
---------------------------------------------------------------------------------
Start Writing Synthesis Report
---------------------------------------------------------------------------------

Report BlackBoxes: 
+-+--------------+----------+
| |BlackBox name |Instances |
+-+--------------+----------+
+-+--------------+----------+

Report Cell Usage: 
+------+---------+------+
|      |Cell     |Count |
+------+---------+------+
|1     |BUFG     |     1|
|2     |CARRY4   |   557|
|3     |LUT1     |     4|
|4     |LUT2     |  1213|
|5     |LUT3     |   294|
|6     |LUT4     |   532|
|7     |LUT5     |   444|
|8     |LUT6     |  9017|
|9     |MUXF7    |  2892|
|10    |MUXF8    |     2|
|11    |RAMB36E1 |     4|
|12    |FDCE     |  2543|
|13    |FDPE     |     1|
|14    |FDRE     | 17352|
|15    |IBUF     |    48|
|16    |OBUF     |    33|
+------+---------+------+

Report Instance Areas: 
+------+--------------------+---------+------+
|      |Instance            |Module   |Cells |
+------+--------------------+---------+------+
|1     |top                 |         | 34937|
|2     |  main_mem_instance |main_mem |  1095|
|3     |    mem_inst        |mem      |     4|
+------+--------------------+---------+------+
---------------------------------------------------------------------------------
Finished Writing Synthesis Report : Time (s): cpu = 00:02:39 ; elapsed = 00:02:40 . Memory (MB): peak = 878.840 ; gain = 621.602
---------------------------------------------------------------------------------
Synthesis finished with 0 errors, 0 critical warnings and 770 warnings.
Synthesis Optimization Runtime : Time (s): cpu = 00:02:39 ; elapsed = 00:02:40 . Memory (MB): peak = 878.840 ; gain = 621.602
Synthesis Optimization Complete : Time (s): cpu = 00:02:39 ; elapsed = 00:02:40 . Memory (MB): peak = 878.840 ; gain = 621.602
INFO: [Project 1-571] Translating synthesized netlist
INFO: [Netlist 29-17] Analyzing 3503 Unisim elements for replacement
INFO: [Netlist 29-28] Unisim Transformation completed in 1 CPU seconds
WARNING: [Netlist 29-101] Netlist 'cache' is not ideal for floorplanning, since the cellview 'cache' contains a large number of primitives.  Please consider enabling hierarchy in synthesis if you want to do floorplanning.
INFO: [Project 1-570] Preparing netlist for logic optimization
INFO: [Opt 31-138] Pushed 0 inverter(s) to 0 load pin(s).
INFO: [Project 1-111] Unisim Transformation Summary:
No Unisim elements were transformed.

INFO: [Common 17-83] Releasing license: Synthesis
113 Infos, 148 Warnings, 0 Critical Warnings and 0 Errors encountered.
synth_design completed successfully
synth_design: Time (s): cpu = 00:02:59 ; elapsed = 00:03:02 . Memory (MB): peak = 878.840 ; gain = 634.238
WARNING: [Constraints 18-5210] No constraint will be written out.
INFO: [Common 17-1381] The checkpoint 'F:/1fr/HWnLABS/CA/labs/lab3/Level1/Level1.runs/synth_1/cache.dcp' has been generated.
write_checkpoint: Time (s): cpu = 00:00:08 ; elapsed = 00:00:07 . Memory (MB): peak = 878.840 ; gain = 0.000
INFO: [runtcl-4] Executing : report_utilization -file cache_utilization_synth.rpt -pb cache_utilization_synth.pb
report_utilization: Time (s): cpu = 00:00:01 ; elapsed = 00:00:00.635 . Memory (MB): peak = 878.840 ; gain = 0.000
INFO: [Common 17-206] Exiting Vivado at Sun May 17 15:51:01 2020...
