INFO: [VRFC 10-2263] Analyzing Verilog file "F:/1fr/HWnLABS/CA/labs/lab4/LAB3CPU_BTB/ALU.v" into library xil_defaultlib
INFO: [VRFC 10-311] analyzing module ALU
INFO: [VRFC 10-2263] Analyzing Verilog file "F:/1fr/HWnLABS/CA/labs/lab4/LAB3CPU_BTB/IdExSegReg/AddrEx.v" into library xil_defaultlib
INFO: [VRFC 10-311] analyzing module Addr_EX
INFO: [VRFC 10-2263] Analyzing Verilog file "F:/1fr/HWnLABS/CA/labs/lab4/LAB3CPU_BTB/ExMemSegReg/AddrMem.v" into library xil_defaultlib
INFO: [VRFC 10-311] analyzing module Addr_MEM
INFO: [VRFC 10-2263] Analyzing Verilog file "F:/1fr/HWnLABS/CA/labs/lab4/LAB3CPU_BTB/MemWbSegReg/AddrWb.v" into library xil_defaultlib
INFO: [VRFC 10-311] analyzing module Addr_WB
INFO: [VRFC 10-2263] Analyzing Verilog file "F:/1fr/HWnLABS/CA/labs/lab4/BTB/BTB.srcs/sources_1/new/BTB.v" into library xil_defaultlib
INFO: [VRFC 10-311] analyzing module BTB
INFO: [VRFC 10-2263] Analyzing Verilog file "F:/1fr/HWnLABS/CA/labs/lab4/LAB3CPU_BTB/IdExSegReg/BrTarget.v" into library xil_defaultlib
INFO: [VRFC 10-311] analyzing module BR_Target_EX
INFO: [VRFC 10-2263] Analyzing Verilog file "F:/1fr/HWnLABS/CA/labs/lab4/LAB3CPU_BTB/BranchDecision.v" into library xil_defaultlib
INFO: [VRFC 10-311] analyzing module BranchDecision
INFO: [VRFC 10-2263] Analyzing Verilog file "F:/1fr/HWnLABS/CA/labs/lab4/LAB3CPU_BTB/CSR.v" into library xil_defaultlib
INFO: [VRFC 10-311] analyzing module CSR_RegisterFile
INFO: [VRFC 10-2263] Analyzing Verilog file "F:/1fr/HWnLABS/CA/labs/lab4/LAB3CPU_BTB/CSR_ALU.v" into library xil_defaultlib
INFO: [VRFC 10-311] analyzing module CSRALU
INFO: [VRFC 10-2263] Analyzing Verilog file "F:/1fr/HWnLABS/CA/labs/lab4/LAB3CPU_BTB/ControllerDecoder.v" into library xil_defaultlib
INFO: [VRFC 10-311] analyzing module ControllerDecoder
INFO: [VRFC 10-2263] Analyzing Verilog file "F:/1fr/HWnLABS/CA/labs/lab4/LAB3CPU_BTB/IdExSegReg/CtrlEx.v" into library xil_defaultlib
INFO: [VRFC 10-311] analyzing module Ctrl_EX
INFO: [VRFC 10-2263] Analyzing Verilog file "F:/1fr/HWnLABS/CA/labs/lab4/LAB3CPU_BTB/ExMemSegReg/CtrlMem.v" into library xil_defaultlib
INFO: [VRFC 10-311] analyzing module Ctrl_MEM
INFO: [VRFC 10-2263] Analyzing Verilog file "F:/1fr/HWnLABS/CA/labs/lab4/LAB3CPU_BTB/MemWbSegReg/CtrlWb.v" into library xil_defaultlib
INFO: [VRFC 10-311] analyzing module Ctrl_WB
INFO: [VRFC 10-2263] Analyzing Verilog file "F:/1fr/HWnLABS/CA/labs/lab4/LAB3CPU_BTB/DataExtend.v" into library xil_defaultlib
INFO: [VRFC 10-311] analyzing module DataExtend
INFO: [VRFC 10-2263] Analyzing Verilog file "F:/1fr/HWnLABS/CA/labs/lab4/LAB3CPU_BTB/GeneralRegister.v" into library xil_defaultlib
INFO: [VRFC 10-311] analyzing module RegisterFile
INFO: [VRFC 10-2263] Analyzing Verilog file "F:/1fr/HWnLABS/CA/labs/lab4/LAB3CPU_BTB/Hazard.v" into library xil_defaultlib
INFO: [VRFC 10-311] analyzing module HarzardUnit
INFO: [VRFC 10-2263] Analyzing Verilog file "F:/1fr/HWnLABS/CA/labs/lab4/LAB3CPU_BTB/IfIdSegReg/IR.v" into library xil_defaultlib
INFO: [VRFC 10-311] analyzing module IR_ID
INFO: [VRFC 10-2263] Analyzing Verilog file "F:/1fr/HWnLABS/CA/labs/lab4/LAB3CPU_BTB/ImmExtend.v" into library xil_defaultlib
INFO: [VRFC 10-311] analyzing module ImmExtend
INFO: [VRFC 10-2263] Analyzing Verilog file "F:/1fr/HWnLABS/CA/labs/lab4/LAB3CPU_BTB/Cache/InstructionCache.v" into library xil_defaultlib
INFO: [VRFC 10-311] analyzing module InstructionCache
INFO: [VRFC 10-2263] Analyzing Verilog file "F:/1fr/HWnLABS/CA/labs/lab4/LAB3CPU_BTB/NPCGenerator.v" into library xil_defaultlib
INFO: [VRFC 10-311] analyzing module NPC_Generator
INFO: [VRFC 10-2263] Analyzing Verilog file "F:/1fr/HWnLABS/CA/labs/lab4/LAB3CPU_BTB/IdExSegReg/Op1.v" into library xil_defaultlib
INFO: [VRFC 10-311] analyzing module Op1_EX
INFO: [VRFC 10-2263] Analyzing Verilog file "F:/1fr/HWnLABS/CA/labs/lab4/LAB3CPU_BTB/IdExSegReg/Op2.v" into library xil_defaultlib
INFO: [VRFC 10-311] analyzing module Op2_EX
INFO: [VRFC 10-2263] Analyzing Verilog file "F:/1fr/HWnLABS/CA/labs/lab4/LAB3CPU_BTB/PC.v" into library xil_defaultlib
INFO: [VRFC 10-311] analyzing module PC_IF
INFO: [VRFC 10-2263] Analyzing Verilog file "F:/1fr/HWnLABS/CA/labs/lab4/LAB3CPU_BTB/IdExSegReg/PcEx.v" into library xil_defaultlib
INFO: [VRFC 10-311] analyzing module PC_EX
INFO: [VRFC 10-2263] Analyzing Verilog file "F:/1fr/HWnLABS/CA/labs/lab4/LAB3CPU_BTB/IfIdSegReg/PcId.v" into library xil_defaultlib
INFO: [VRFC 10-311] analyzing module PC_ID
INFO: [VRFC 10-2263] Analyzing Verilog file "F:/1fr/HWnLABS/CA/labs/lab4/LAB3CPU_BTB/RV32ICore.v" into library xil_defaultlib
INFO: [VRFC 10-311] analyzing module RV32ICore
INFO: [VRFC 10-2263] Analyzing Verilog file "F:/1fr/HWnLABS/CA/labs/lab4/LAB3CPU_BTB/IdExSegReg/Reg2Ex.v" into library xil_defaultlib
INFO: [VRFC 10-311] analyzing module Reg2_EX
INFO: [VRFC 10-2263] Analyzing Verilog file "F:/1fr/HWnLABS/CA/labs/lab4/LAB3CPU_BTB/ExMemSegReg/Reg2Mem.v" into library xil_defaultlib
INFO: [VRFC 10-311] analyzing module Reg2_MEM
INFO: [VRFC 10-2263] Analyzing Verilog file "F:/1fr/HWnLABS/CA/labs/lab4/LAB3CPU_BTB/ExMemSegReg/Result.v" into library xil_defaultlib
INFO: [VRFC 10-311] analyzing module Result_MEM
INFO: [VRFC 10-2263] Analyzing Verilog file "F:/1fr/HWnLABS/CA/labs/lab4/LAB3CPU_BTB/MemWbSegReg/WbData.v" into library xil_defaultlib
INFO: [VRFC 10-311] analyzing module WB_Data_WB
