Vivado Simulator 2018.2
Copyright 1986-1999, 2001-2018 Xilinx, Inc. All Rights Reserved.
Running: D:/Xilinx/Vivado/2018.2/bin/unwrapped/win64.o/xelab.exe -wto 9409ea1ae9364227a216a23a83b88537 --incr --debug typical --relax --mt 2 -L xil_defaultlib -L unisims_ver -L unimacro_ver -L secureip --snapshot cpu_tb_behav xil_defaultlib.cpu_tb xil_defaultlib.glbl -log elaborate.log 
Using 2 slave threads.
WARNING: [XSIM 43-3431] One or more environment variables have been detected which affect the operation of the C compiler. These are typically not set in standard installations and are not tested by Xilinx, however they may be appropriate for your system, so the flow will attempt to continue.  If errors occur, try running xelab with the "-mt off -v 1" switches to see more information from the C compiler. The following environment variables have been detected:
Starting static elaboration
WARNING: [VRFC 10-278] actual bit length 2 differs from formal bit length 3 for port src_reg_en_EX [F:/1fr/HWnLABS/CA/labs/lab4/LAB3CPU_BTB/RV32ICore.v:329]
Completed static elaboration
Starting simulation data flow analysis
WARNING: [XSIM 43-4099] "F:/1fr/HWnLABS/CA/labs/lab4/LAB3CPU_BTB/cache.sv" Line 3. Module cache_default doesn't have a timescale but at least one module in design has a timescale.
WARNING: [XSIM 43-4099] "F:/1fr/HWnLABS/CA/labs/lab4/LAB3CPU_BTB/main_mem.sv" Line 2. Module main_mem(ADDR_LEN=9) doesn't have a timescale but at least one module in design has a timescale.
WARNING: [XSIM 43-4099] "F:/1fr/HWnLABS/CA/labs/lab4/LAB3CPU_BTB/mem.sv" Line 2. Module mem(ADDR_LEN=12) doesn't have a timescale but at least one module in design has a timescale.
Completed simulation data flow analysis
Time Resolution for simulation is 1ps
Compiling module xil_defaultlib.BTB
Compiling module xil_defaultlib.NPC_Generator
Compiling module xil_defaultlib.PC_IF
Compiling module xil_defaultlib.PC_ID
Compiling module xil_defaultlib.InstructionCache
Compiling module xil_defaultlib.IR_ID
Compiling module xil_defaultlib.RegisterFile
Compiling module xil_defaultlib.CSR_RegisterFile
Compiling module xil_defaultlib.ControllerDecoder
Compiling module xil_defaultlib.ImmExtend
Compiling module xil_defaultlib.PC_EX
Compiling module xil_defaultlib.BR_Target_EX
Compiling module xil_defaultlib.Op1_EX
Compiling module xil_defaultlib.Op2_EX
Compiling module xil_defaultlib.Reg2_EX
Compiling module xil_defaultlib.Addr_EX
Compiling module xil_defaultlib.Ctrl_EX
Compiling module xil_defaultlib.ALU
Compiling module xil_defaultlib.CSRALU
Compiling module xil_defaultlib.BranchDecision
Compiling module xil_defaultlib.Result_MEM
Compiling module xil_defaultlib.Reg2_MEM
Compiling module xil_defaultlib.Addr_MEM
Compiling module xil_defaultlib.Ctrl_MEM
Compiling module xil_defaultlib.mem(ADDR_LEN=12)
Compiling module xil_defaultlib.main_mem(ADDR_LEN=9)
Compiling module xil_defaultlib.cache_default
Compiling module xil_defaultlib.DataExtend
Compiling module xil_defaultlib.WB_Data_WB
Compiling module xil_defaultlib.Addr_WB
Compiling module xil_defaultlib.Ctrl_WB
Compiling module xil_defaultlib.HarzardUnit
Compiling module xil_defaultlib.RV32ICore
Compiling module xil_defaultlib.cpu_tb
Compiling module xil_defaultlib.glbl
Built simulation snapshot cpu_tb_behav
