#
# A fatal error has been detected by the Java Runtime Environment:
#
#  EXCEPTION_ACCESS_VIOLATION (0xc0000005) at pc=0x00007ffe52c54980, pid=15272, tid=0x00000000000010a8
#
# JRE version: Java(TM) SE Runtime Environment (8.0_112-b15) (build 1.8.0_112-b15)
# Java VM: Java HotSpot(TM) 64-Bit Server VM (25.112-b15 mixed mode windows-amd64 compressed oops)
# Problematic frame:
# C  [librdi_wavedata.dll+0x414980]
#
# Failed to write core dump. Minidumps are not enabled by default on client versions of Windows
#
# If you would like to submit a bug report, please visit:
#   http://bugreport.java.com/bugreport/crash.jsp
# The crash happened outside the Java Virtual Machine in native code.
# See problematic frame for where to report the bug.
#

---------------  T H R E A D  ---------------

Current thread (0x00000218eb684000):  JavaThread "AWT-EventQueue-1" [_thread_in_native, id=4264, stack(0x000000338a400000,0x000000338a900000)]

siginfo: ExceptionCode=0xc0000005, ExceptionInformation=0x0000000000000008 0x00007ffe52c54980

Registers:
RAX=0x00007ffe52bff0e0, RBX=0x0000000000000000, RCX=0x000002188522f010, RDX=0x0000000000000000
RSP=0x000000338a8fca08, RBP=0x000000338a8fcb60, RSI=0x00000218f3803420, RDI=0x000000338a8fcb48
R8 =0x00007ffe52c5460c, R9 =0x0000000000000000, R10=0x0000000000000001, R11=0x000000338a8fc9e0
R12=0x0000000000000000, R13=0x0000000000000000, R14=0x000002188522f010, R15=0x000000001017df80
RIP=0x00007ffe52c54980, EFLAGS=0x0000000000010246

Top of Stack: (sp=0x000000338a8fca08)
0x000000338a8fca08:   00007ffe529f758e 00000218f3e9eea0
0x000000338a8fca18:   00000218f3e9eea0 00000218f3803420
0x000000338a8fca28:   00000218f3803420 0000000700000000
0x000000338a8fca38:   00007ffec1bbc43f 0000000000000001
0x000000338a8fca48:   0000000000000001 f120000000000000
0x000000338a8fca58:   0000000000010000 fffffffffffffffe
0x000000338a8fca68:   000000338a8fcb48 0000000000000000
0x000000338a8fca78:   00000218c6f12040 0000014b0000037c
0x000000338a8fca88:   00004b5422c8ff83 00000218c6f102ac
0x000000338a8fca98:   00004b5422c8fcc3 000000001017df80
0x000000338a8fcaa8:   00000218f3e9eea0 0000000000000000
0x000000338a8fcab8:   00000218ce4639d0 000000338a8fcd78
0x000000338a8fcac8:   000000338a8fcbe0 000000338a8fcd98
0x000000338a8fcad8:   00007ffe52a7225f 0000000000000030
0x000000338a8fcae8:   000000338a8fcba9 00000218c6fc0000
0x000000338a8fcaf8:   00007ffec1bbb997 000000338a8fcb60 

Instructions: (pc=0x00007ffe52c54980)
0x00007ffe52c54960:   00 00 00 00 ff ff ff ff 00 00 00 00 40 00 00 00
0x00007ffe52c54970:   08 49 41 00 00 00 00 00 00 00 00 00 00 00 00 00
0x00007ffe52c54980:   01 00 00 00 00 00 00 00 00 00 00 00 90 67 53 00
0x00007ffe52c54990:   a8 49 41 00 80 49 41 00 00 00 00 00 00 00 00 00 


Register to memory mapping:

RAX=0x00007ffe52bff0e0 is an unknown value
RBX=0x0000000000000000 is an unknown value
RCX=0x000002188522f010 is an unknown value
RDX=0x0000000000000000 is an unknown value
RSP=0x000000338a8fca08 is pointing into the stack for thread: 0x00000218eb684000
RBP=0x000000338a8fcb60 is pointing into the stack for thread: 0x00000218eb684000
RSI=0x00000218f3803420 is an unknown value
RDI=0x000000338a8fcb48 is pointing into the stack for thread: 0x00000218eb684000
R8 =0x00007ffe52c5460c is an unknown value
R9 =0x0000000000000000 is an unknown value
R10=0x0000000000000001 is an unknown value
R11=0x000000338a8fc9e0 is pointing into the stack for thread: 0x00000218eb684000
R12=0x0000000000000000 is an unknown value
R13=0x0000000000000000 is an unknown value
R14=0x000002188522f010 is an unknown value
R15=0x000000001017df80 is an unknown value


Stack: [0x000000338a400000,0x000000338a900000],  sp=0x000000338a8fca08,  free space=5106k
Native frames: (J=compiled Java code, j=interpreted, Vv=VM code, C=native code)
C  [librdi_wavedata.dll+0x414980]

Java frames: (J=compiled Java code, j=interpreted, Vv=VM code)
J 16099  ui.views.waveform.waveformi.WVExecutive_getTooltipTextDelayed(J)Ljava/lang/String; (0 bytes) @ 0x00000218d3b165c1 [0x00000218d3b16580+0x41]
J 16094 C1 ui.views.waveform.b.a.bH(Ljava/awt/event/MouseEvent;)V (135 bytes) @ 0x00000218d3b1d22c [0x00000218d3b1cb60+0x6cc]
J 15866 C1 ui.views.waveform.b.a.mouseMoved(Ljava/awt/event/MouseEvent;)V (32 bytes) @ 0x00000218d1fb945c [0x00000218d1fb8f00+0x55c]
J 14413 C2 java.awt.AWTEventMulticaster.mouseMoved(Ljava/awt/event/MouseEvent;)V (27 bytes) @ 0x00000218d2bb1614 [0x00000218d2bb1560+0xb4]
J 14413 C2 java.awt.AWTEventMulticaster.mouseMoved(Ljava/awt/event/MouseEvent;)V (27 bytes) @ 0x00000218d2bb15d4 [0x00000218d2bb1560+0x74]
J 15846 C2 javax.swing.JComponent.processMouseMotionEvent(Ljava/awt/event/MouseEvent;)V (46 bytes) @ 0x00000218d3aaedc8 [0x00000218d3aaed40+0x88]
J 15864 C1 ui.frmwork.c.i.processMouseMotionEvent(Ljava/awt/event/MouseEvent;)V (131 bytes) @ 0x00000218d1a56ba4 [0x00000218d1a55ca0+0xf04]
J 10724 C2 java.awt.Container.processEvent(Ljava/awt/AWTEvent;)V (22 bytes) @ 0x00000218d233d014 [0x00000218d233cea0+0x174]
J 18670 C2 java.awt.Component.dispatchEventImpl(Ljava/awt/AWTEvent;)V (883 bytes) @ 0x00000218d3f133d8 [0x00000218d3f12ba0+0x838]
J 10758 C2 java.awt.Container.dispatchEventImpl(Ljava/awt/AWTEvent;)V (129 bytes) @ 0x00000218d1ed6638 [0x00000218d1ed65e0+0x58]
J 10816 C2 java.awt.LightweightDispatcher.retargetMouseEvent(Ljava/awt/Component;ILjava/awt/event/MouseEvent;)V (350 bytes) @ 0x00000218d15979a8 [0x00000218d15975a0+0x408]
J 15329 C2 java.awt.LightweightDispatcher.processMouseEvent(Ljava/awt/event/MouseEvent;)Z (286 bytes) @ 0x00000218d3a1387c [0x00000218d3a13380+0x4fc]
J 10758 C2 java.awt.Container.dispatchEventImpl(Ljava/awt/AWTEvent;)V (129 bytes) @ 0x00000218d1ed69c0 [0x00000218d1ed65e0+0x3e0]
J 15095 C2 java.awt.Window.dispatchEventImpl(Ljava/awt/AWTEvent;)V (23 bytes) @ 0x00000218d3916fcc [0x00000218d3916f80+0x4c]
J 11368 C2 java.awt.EventQueue$3.run()Ljava/lang/Object; (5 bytes) @ 0x00000218d1e5e094 [0x00000218d1e5dca0+0x3f4]
v  ~StubRoutines::call_stub
J 2440  java.security.AccessController.doPrivileged(Ljava/security/PrivilegedAction;Ljava/security/AccessControlContext;)Ljava/lang/Object; (0 bytes) @ 0x00000218d144cf26 [0x00000218d144cec0+0x66]
J 13915 C2 java.awt.EventQueue$4.run()Ljava/lang/Object; (5 bytes) @ 0x00000218d2ece074 [0x00000218d2ecdee0+0x194]
v  ~StubRoutines::call_stub
J 2440  java.security.AccessController.doPrivileged(Ljava/security/PrivilegedAction;Ljava/security/AccessControlContext;)Ljava/lang/Object; (0 bytes) @ 0x00000218d144cf26 [0x00000218d144cec0+0x66]
J 11359 C2 ui.frmwork.b.d.dispatchEvent(Ljava/awt/AWTEvent;)V (45 bytes) @ 0x00000218d2242358 [0x00000218d22420a0+0x2b8]
J 12577 C2 java.awt.EventDispatchThread.pumpOneEventForFilters(I)V (295 bytes) @ 0x00000218d3193e08 [0x00000218d3193020+0xde8]
J 19202% C2 java.awt.EventDispatchThread.pumpEventsForFilter(ILjava/awt/Conditional;Ljava/awt/EventFilter;)V (47 bytes) @ 0x00000218d436fca0 [0x00000218d436fba0+0x100]
j  java.awt.EventDispatchThread.pumpEventsForHierarchy(ILjava/awt/Conditional;Ljava/awt/Component;)V+11
j  java.awt.EventDispatchThread.pumpEvents(ILjava/awt/Conditional;)V+4
j  java.awt.EventDispatchThread.pumpEvents(Ljava/awt/Conditional;)V+3
j  java.awt.EventDispatchThread.run()V+9
v  ~StubRoutines::call_stub

---------------  P R O C E S S  ---------------

Java Threads: ( => current thread )
  0x00000218ec06a800 JavaThread "Relaunch Simulation" [_thread_blocked, id=11568, stack(0x000000338f400000,0x000000338f900000)]
  0x00000218ec06a000 JavaThread "Monitor File Timestamp Swing Worker" [_thread_blocked, id=14064, stack(0x000000338e500000,0x000000338ea00000)]
  0x00000218ec06d000 JavaThread "Timer-8" [_thread_blocked, id=11056, stack(0x000000338e000000,0x000000338e500000)]
  0x00000218ebdf4000 JavaThread "SyntheticaAnimation 50" daemon [_thread_blocked, id=2164, stack(0x0000003390d00000,0x0000003391200000)]
  0x00000218ebdf3000 JavaThread "Monitor File Timestamp Swing Worker" [_thread_blocked, id=2732, stack(0x0000003390800000,0x0000003390d00000)]
  0x00000218ebdf2800 JavaThread "Timer-6" [_thread_blocked, id=1268, stack(0x0000003390300000,0x0000003390800000)]
  0x00000218ebdea000 JavaThread "Monitor File Timestamp Swing Worker" [_thread_blocked, id=9664, stack(0x000000338ef00000,0x000000338f400000)]
  0x00000218ebdf0000 JavaThread "Timer-4" [_thread_blocked, id=9888, stack(0x000000338ea00000,0x000000338ef00000)]
  0x00000218ebde6800 JavaThread "Update Runs Swing Worker" [_thread_blocked, id=10624, stack(0x000000338cf00000,0x000000338d400000)]
  0x00000218ebded000 JavaThread "Refresh Filesets Swing Worker" [_thread_blocked, id=13116, stack(0x000000338ca00000,0x000000338cf00000)]
  0x00000218ebdee800 JavaThread "Image Animator 0" daemon [_thread_blocked, id=8352, stack(0x000000338f900000,0x000000338fe00000)]
  0x00000218ebdeb000 JavaThread "SyntheticaAnimation 50" daemon [_thread_blocked, id=2196, stack(0x000000338d900000,0x000000338de00000)]
  0x00000218ebde9800 JavaThread "Thread-22" [_thread_in_native, id=11660, stack(0x000000338df00000,0x000000338e000000)]
  0x00000218ebde8800 JavaThread "Thread-21" [_thread_in_native, id=14572, stack(0x000000338de00000,0x000000338df00000)]
  0x00000218ebde7000 JavaThread "hw_ila_monitor" [_thread_blocked, id=9668, stack(0x000000338d400000,0x000000338d900000)]
  0x00000218ec06c000 JavaThread "SyntheticaAnimation 70" daemon [_thread_blocked, id=244, stack(0x000000338c500000,0x000000338ca00000)]
  0x00000218ec067800 JavaThread "SyntheticaAnimation 25" daemon [_thread_blocked, id=14888, stack(0x000000338bb00000,0x000000338c000000)]
  0x00000218ec067000 JavaThread "SyntheticaAnimation 50" daemon [_thread_in_native, id=11540, stack(0x000000338b600000,0x000000338bb00000)]
  0x00000218ec068800 JavaThread "SyntheticaCleanerThread" daemon [_thread_blocked, id=11284, stack(0x000000338ae00000,0x000000338b300000)]
  0x00000218eb701000 JavaThread "Batik CleanerThread" daemon [_thread_blocked, id=10444, stack(0x0000003389a00000,0x0000003389f00000)]
=>0x00000218eb684000 JavaThread "AWT-EventQueue-1" [_thread_in_native, id=4264, stack(0x000000338a400000,0x000000338a900000)]
  0x00000218eb680000 JavaThread "Process Messages" [_thread_blocked, id=268, stack(0x0000003389f00000,0x000000338a400000)]
  0x00000218eb47b800 JavaThread "Thread-3" [_thread_in_native, id=12172, stack(0x0000003384200000,0x0000003385600000)]
  0x00000218ea2e0800 JavaThread "AWT-Windows" daemon [_thread_in_native, id=11256, stack(0x0000003389000000,0x0000003389500000)]
  0x00000218ea244000 JavaThread "AWT-Shutdown" [_thread_blocked, id=4704, stack(0x0000003388b00000,0x0000003389000000)]
  0x00000218ea243000 JavaThread "Java2D Disposer" daemon [_thread_blocked, id=2932, stack(0x0000003388600000,0x0000003388b00000)]
  0x00000218ea2be000 JavaThread "TimerQueue" daemon [_thread_blocked, id=14860, stack(0x0000003388100000,0x0000003388600000)]
  0x00000218e7dda000 JavaThread "Service Thread" daemon [_thread_blocked, id=1412, stack(0x0000003387b00000,0x0000003388000000)]
  0x00000218e7dd4000 JavaThread "C1 CompilerThread3" daemon [_thread_blocked, id=1376, stack(0x0000003387a00000,0x0000003387b00000)]
  0x00000218e7dd0000 JavaThread "C2 CompilerThread2" daemon [_thread_blocked, id=2236, stack(0x0000003387900000,0x0000003387a00000)]
  0x00000218e7dcf000 JavaThread "C2 CompilerThread1" daemon [_thread_blocked, id=14396, stack(0x0000003387800000,0x0000003387900000)]
  0x00000218e99d3000 JavaThread "C2 CompilerThread0" daemon [_thread_blocked, id=14808, stack(0x0000003387700000,0x0000003387800000)]
  0x00000218e99d2800 JavaThread "Attach Listener" daemon [_thread_blocked, id=2448, stack(0x0000003387200000,0x0000003387700000)]
  0x00000218e7dbd000 JavaThread "Signal Dispatcher" daemon [_thread_blocked, id=3236, stack(0x0000003386d00000,0x0000003387200000)]
  0x00000218e7d87800 JavaThread "Finalizer" daemon [_thread_blocked, id=12136, stack(0x0000003386800000,0x0000003386d00000)]
  0x00000218e7d64000 JavaThread "Reference Handler" daemon [_thread_blocked, id=2056, stack(0x0000003386300000,0x0000003386800000)]
  0x00000218d0b54800 JavaThread "main" [_thread_blocked, id=5740, stack(0x0000003385900000,0x0000003385a00000)]

Other Threads:
  0x00000218d0c4e000 VMThread [stack: 0x0000003386200000,0x0000003386300000] [id=5480]
  0x00000218e7ddc800 WatcherThread [stack: 0x0000003388000000,0x0000003388100000] [id=5404]

VM state:not at safepoint (normal execution)

VM Mutex/Monitor currently owned by a thread: None

Heap:
 PSYoungGen      total 58880K, used 39434K [0x00000007bc400000, 0x00000007c0000000, 0x00000007c0000000)
  eden space 56320K, 68% used [0x00000007bc400000,0x00000007be97aaf8,0x00000007bfb00000)
  from space 2560K, 41% used [0x00000007bfb00000,0x00000007bfc08000,0x00000007bfd80000)
  to   space 2560K, 0% used [0x00000007bfd80000,0x00000007bfd80000,0x00000007c0000000)
 ParOldGen       total 105984K, used 54963K [0x0000000700000000, 0x0000000706780000, 0x00000007bc400000)
  object space 105984K, 51% used [0x0000000700000000,0x00000007035accf0,0x0000000706780000)
 Metaspace       used 71021K, capacity 71757K, committed 72576K, reserved 1112064K
  class space    used 9630K, capacity 9779K, committed 9856K, reserved 1048576K

Card table byte_map: [0x00000218e0010000,0x00000218e0620000] byte_map_base: 0x00000218dc810000

Marking Bits: (ParMarkBitMap*) 0x0000000061dca6d0
 Begin Bits: [0x00000218e0c10000, 0x00000218e3c10000)
 End Bits:   [0x00000218e3c10000, 0x00000218e6c10000)

Polling page: 0x00000218c8a00000

CodeCache: size=245760Kb used=57406Kb max_used=57434Kb free=188354Kb
 bounds [0x00000218d0c50000, 0x00000218d44e0000, 0x00000218dfc50000]
 total_blobs=15773 nmethods=14862 adapters=815
 compilation: enabled

Compilation events (10 events):
Event: 1239.852 Thread 0x00000218e7dd4000 19582       3       com.jidesoft.grid.TreeTableModel::buildRows (88 bytes)
Event: 1239.853 Thread 0x00000218e7dd4000 nmethod 19582 0x00000218d2825bd0 code [0x00000218d2825de0, 0x00000218d2826b20]
Event: 1239.853 Thread 0x00000218e7dd4000 19583       3       com.jidesoft.grid.TreeTableModel::createRows (8 bytes)
Event: 1239.853 Thread 0x00000218e7dd4000 nmethod 19583 0x00000218d44adb90 code [0x00000218d44add00, 0x00000218d44adfd0]
Event: 1240.864 Thread 0x00000218e7dd4000 19584       3       com.jidesoft.docking.DockingUtils::a (85 bytes)
Event: 1240.865 Thread 0x00000218e7dd4000 nmethod 19584 0x00000218d3c4ae50 code [0x00000218d3c4b0a0, 0x00000218d3c4c340]
Event: 1240.910 Thread 0x00000218e7dd4000 19585       3       com.jidesoft.swing.SimpleScrollPane::getViewportBorderBounds (235 bytes)
Event: 1240.911 Thread 0x00000218e7dd4000 nmethod 19585 0x00000218d44aa150 code [0x00000218d44aa3e0, 0x00000218d44ab8f0]
Event: 1240.911 Thread 0x00000218e7dd4000 19586       3       com.jidesoft.plaf.basic.BasicSidePaneUI::paint (178 bytes)
Event: 1240.913 Thread 0x00000218e7dd4000 nmethod 19586 0x00000218d3826b50 code [0x00000218d3826da0, 0x00000218d3827fe0]

GC Heap History (10 events):
Event: 1225.928 GC heap before
{Heap before GC invocations=351 (full 104):
 PSYoungGen      total 58880K, used 57184K [0x00000007bc400000, 0x00000007c0000000, 0x00000007c0000000)
  eden space 56320K, 100% used [0x00000007bc400000,0x00000007bfb00000,0x00000007bfb00000)
  from space 2560K, 33% used [0x00000007bfd80000,0x00000007bfe58000,0x00000007c0000000)
  to   space 2560K, 0% used [0x00000007bfb00000,0x00000007bfb00000,0x00000007bfd80000)
 ParOldGen       total 105984K, used 54723K [0x0000000700000000, 0x0000000706780000, 0x00000007bc400000)
  object space 105984K, 51% used [0x0000000700000000,0x0000000703570cf0,0x0000000706780000)
 Metaspace       used 70913K, capacity 71629K, committed 72320K, reserved 1112064K
  class space    used 9630K, capacity 9779K, committed 9856K, reserved 1048576K
Event: 1225.932 GC heap after
Heap after GC invocations=351 (full 104):
 PSYoungGen      total 58880K, used 960K [0x00000007bc400000, 0x00000007c0000000, 0x00000007c0000000)
  eden space 56320K, 0% used [0x00000007bc400000,0x00000007bc400000,0x00000007bfb00000)
  from space 2560K, 37% used [0x00000007bfb00000,0x00000007bfbf0000,0x00000007bfd80000)
  to   space 2560K, 0% used [0x00000007bfd80000,0x00000007bfd80000,0x00000007c0000000)
 ParOldGen       total 105984K, used 54963K [0x0000000700000000, 0x0000000706780000, 0x00000007bc400000)
  object space 105984K, 51% used [0x0000000700000000,0x00000007035accf0,0x0000000706780000)
 Metaspace       used 70913K, capacity 71629K, committed 72320K, reserved 1112064K
  class space    used 9630K, capacity 9779K, committed 9856K, reserved 1048576K
}
Event: 1228.400 GC heap before
{Heap before GC invocations=352 (full 104):
 PSYoungGen      total 58880K, used 57280K [0x00000007bc400000, 0x00000007c0000000, 0x00000007c0000000)
  eden space 56320K, 100% used [0x00000007bc400000,0x00000007bfb00000,0x00000007bfb00000)
  from space 2560K, 37% used [0x00000007bfb00000,0x00000007bfbf0000,0x00000007bfd80000)
  to   space 2560K, 0% used [0x00000007bfd80000,0x00000007bfd80000,0x00000007c0000000)
 ParOldGen       total 105984K, used 54963K [0x0000000700000000, 0x0000000706780000, 0x00000007bc400000)
  object space 105984K, 51% used [0x0000000700000000,0x00000007035accf0,0x0000000706780000)
 Metaspace       used 70920K, capacity 71629K, committed 72320K, reserved 1112064K
  class space    used 9630K, capacity 9779K, committed 9856K, reserved 1048576K
Event: 1228.404 GC heap after
Heap after GC invocations=352 (full 104):
 PSYoungGen      total 58880K, used 1024K [0x00000007bc400000, 0x00000007c0000000, 0x00000007c0000000)
  eden space 56320K, 0% used [0x00000007bc400000,0x00000007bc400000,0x00000007bfb00000)
  from space 2560K, 40% used [0x00000007bfd80000,0x00000007bfe80000,0x00000007c0000000)
  to   space 2560K, 0% used [0x00000007bfb00000,0x00000007bfb00000,0x00000007bfd80000)
 ParOldGen       total 105984K, used 54963K [0x0000000700000000, 0x0000000706780000, 0x00000007bc400000)
  object space 105984K, 51% used [0x0000000700000000,0x00000007035accf0,0x0000000706780000)
 Metaspace       used 70920K, capacity 71629K, committed 72320K, reserved 1112064K
  class space    used 9630K, capacity 9779K, committed 9856K, reserved 1048576K
}
Event: 1231.848 GC heap before
{Heap before GC invocations=353 (full 104):
 PSYoungGen      total 58880K, used 57344K [0x00000007bc400000, 0x00000007c0000000, 0x00000007c0000000)
  eden space 56320K, 100% used [0x00000007bc400000,0x00000007bfb00000,0x00000007bfb00000)
  from space 2560K, 40% used [0x00000007bfd80000,0x00000007bfe80000,0x00000007c0000000)
  to   space 2560K, 0% used [0x00000007bfb00000,0x00000007bfb00000,0x00000007bfd80000)
 ParOldGen       total 105984K, used 54963K [0x0000000700000000, 0x0000000706780000, 0x00000007bc400000)
  object space 105984K, 51% used [0x0000000700000000,0x00000007035accf0,0x0000000706780000)
 Metaspace       used 70933K, capacity 71629K, committed 72320K, reserved 1112064K
  class space    used 9630K, capacity 9779K, committed 9856K, reserved 1048576K
Event: 1231.852 GC heap after
Heap after GC invocations=353 (full 104):
 PSYoungGen      total 58880K, used 1216K [0x00000007bc400000, 0x00000007c0000000, 0x00000007c0000000)
  eden space 56320K, 0% used [0x00000007bc400000,0x00000007bc400000,0x00000007bfb00000)
  from space 2560K, 47% used [0x00000007bfb00000,0x00000007bfc30000,0x00000007bfd80000)
  to   space 2560K, 0% used [0x00000007bfd80000,0x00000007bfd80000,0x00000007c0000000)
 ParOldGen       total 105984K, used 54963K [0x0000000700000000, 0x0000000706780000, 0x00000007bc400000)
  object space 105984K, 51% used [0x0000000700000000,0x00000007035accf0,0x0000000706780000)
 Metaspace       used 70933K, capacity 71629K, committed 72320K, reserved 1112064K
  class space    used 9630K, capacity 9779K, committed 9856K, reserved 1048576K
}
Event: 1236.231 GC heap before
{Heap before GC invocations=354 (full 104):
 PSYoungGen      total 58880K, used 57536K [0x00000007bc400000, 0x00000007c0000000, 0x00000007c0000000)
  eden space 56320K, 100% used [0x00000007bc400000,0x00000007bfb00000,0x00000007bfb00000)
  from space 2560K, 47% used [0x00000007bfb00000,0x00000007bfc30000,0x00000007bfd80000)
  to   space 2560K, 0% used [0x00000007bfd80000,0x00000007bfd80000,0x00000007c0000000)
 ParOldGen       total 105984K, used 54963K [0x0000000700000000, 0x0000000706780000, 0x00000007bc400000)
  object space 105984K, 51% used [0x0000000700000000,0x00000007035accf0,0x0000000706780000)
 Metaspace       used 70950K, capacity 71629K, committed 72320K, reserved 1112064K
  class space    used 9630K, capacity 9779K, committed 9856K, reserved 1048576K
Event: 1236.240 GC heap after
Heap after GC invocations=354 (full 104):
 PSYoungGen      total 58880K, used 1088K [0x00000007bc400000, 0x00000007c0000000, 0x00000007c0000000)
  eden space 56320K, 0% used [0x00000007bc400000,0x00000007bc400000,0x00000007bfb00000)
  from space 2560K, 42% used [0x00000007bfd80000,0x00000007bfe90000,0x00000007c0000000)
  to   space 2560K, 0% used [0x00000007bfb00000,0x00000007bfb00000,0x00000007bfd80000)
 ParOldGen       total 105984K, used 54963K [0x0000000700000000, 0x0000000706780000, 0x00000007bc400000)
  object space 105984K, 51% used [0x0000000700000000,0x00000007035accf0,0x0000000706780000)
 Metaspace       used 70950K, capacity 71629K, committed 72320K, reserved 1112064K
  class space    used 9630K, capacity 9779K, committed 9856K, reserved 1048576K
}
Event: 1238.418 GC heap before
{Heap before GC invocations=355 (full 104):
 PSYoungGen      total 58880K, used 57408K [0x00000007bc400000, 0x00000007c0000000, 0x00000007c0000000)
  eden space 56320K, 100% used [0x00000007bc400000,0x00000007bfb00000,0x00000007bfb00000)
  from space 2560K, 42% used [0x00000007bfd80000,0x00000007bfe90000,0x00000007c0000000)
  to   space 2560K, 0% used [0x00000007bfb00000,0x00000007bfb00000,0x00000007bfd80000)
 ParOldGen       total 105984K, used 54963K [0x0000000700000000, 0x0000000706780000, 0x00000007bc400000)
  object space 105984K, 51% used [0x0000000700000000,0x00000007035accf0,0x0000000706780000)
 Metaspace       used 70967K, capacity 71693K, committed 72320K, reserved 1112064K
  class space    used 9630K, capacity 9779K, committed 9856K, reserved 1048576K
Event: 1238.423 GC heap after
Heap after GC invocations=355 (full 104):
 PSYoungGen      total 58880K, used 1056K [0x00000007bc400000, 0x00000007c0000000, 0x00000007c0000000)
  eden space 56320K, 0% used [0x00000007bc400000,0x00000007bc400000,0x00000007bfb00000)
  from space 2560K, 41% used [0x00000007bfb00000,0x00000007bfc08000,0x00000007bfd80000)
  to   space 2560K, 0% used [0x00000007bfd80000,0x00000007bfd80000,0x00000007c0000000)
 ParOldGen       total 105984K, used 54963K [0x0000000700000000, 0x0000000706780000, 0x00000007bc400000)
  object space 105984K, 51% used [0x0000000700000000,0x00000007035accf0,0x0000000706780000)
 Metaspace       used 70967K, capacity 71693K, committed 72320K, reserved 1112064K
  class space    used 9630K, capacity 9779K, committed 9856K, reserved 1048576K
}

Deoptimization events (10 events):
Event: 1196.414 Thread 0x00000218eb684000 Uncommon trap: reason=class_check action=maybe_recompile pc=0x00000218d3c4b394 method=sun.java2d.SunGraphics2D.drawBytes([BIIII)V @ 141
Event: 1198.202 Thread 0x00000218eb684000 Uncommon trap: reason=class_check action=maybe_recompile pc=0x00000218d3c4b394 method=sun.java2d.SunGraphics2D.drawBytes([BIIII)V @ 141
Event: 1230.734 Thread 0x00000218eb684000 Uncommon trap: reason=bimorphic action=maybe_recompile pc=0x00000218d3cbd53c method=javax.swing.JMenuItem.isArmed()Z @ 6
Event: 1230.734 Thread 0x00000218eb684000 Uncommon trap: reason=bimorphic action=maybe_recompile pc=0x00000218d3cbd53c method=javax.swing.JMenuItem.isArmed()Z @ 6
Event: 1230.736 Thread 0x00000218eb684000 Uncommon trap: reason=bimorphic action=maybe_recompile pc=0x00000218d3cbd53c method=javax.swing.JMenuItem.isArmed()Z @ 6
Event: 1230.736 Thread 0x00000218eb684000 Uncommon trap: reason=bimorphic action=maybe_recompile pc=0x00000218d3cbd53c method=javax.swing.JMenuItem.isArmed()Z @ 6
Event: 1234.392 Thread 0x00000218eb684000 Uncommon trap: reason=unstable_if action=reinterpret pc=0x00000218d43fc76c method=ui.views.V.a.bl.paintFolding(Ljava/awt/Graphics;Lcom/jidesoft/editor/folding/FoldingSpan;I)V @ 127
Event: 1234.392 Thread 0x00000218eb684000 Uncommon trap: reason=unstable_if action=reinterpret pc=0x00000218d43f7724 method=ui.utils.lnf.m.paintFoldingStart(Ljava/awt/Component;Ljava/awt/Graphics;Lcom/jidesoft/editor/Span;Ljava/awt/Rectangle;I)I @ 4
Event: 1234.392 Thread 0x00000218eb684000 Uncommon trap: reason=unstable_if action=reinterpret pc=0x00000218d43f7fa4 method=ui.utils.lnf.m.paintFoldingEnd(Ljava/awt/Component;Ljava/awt/Graphics;Lcom/jidesoft/editor/Span;Ljava/awt/Rectangle;I)I @ 4
Event: 1234.392 Thread 0x00000218eb684000 Uncommon trap: reason=unstable_if action=reinterpret pc=0x00000218d26bbd5c method=ui.utils.lnf.m.paintFoldingLine(Ljava/awt/Component;Ljava/awt/Graphics;Lcom/jidesoft/editor/Span;Ljava/awt/Rectangle;I)V @ 3

Internal exceptions (10 events):
Event: 1217.326 Thread 0x00000218eb684000 Exception <a 'java/io/FileNotFoundException'> (0x00000007be372580) thrown at [C:\re\workspace\8-2-build-windows-amd64-cygwin\jdk8u112\7884\hotspot\src\share\vm\prims\jni.cpp, line 709]
Event: 1217.326 Thread 0x00000218eb684000 Exception <a 'java/io/FileNotFoundException'> (0x00000007be372c40) thrown at [C:\re\workspace\8-2-build-windows-amd64-cygwin\jdk8u112\7884\hotspot\src\share\vm\prims\jni.cpp, line 709]
Event: 1222.327 Thread 0x00000218eb684000 Exception <a 'java/io/FileNotFoundException'> (0x00000007bd6fc300) thrown at [C:\re\workspace\8-2-build-windows-amd64-cygwin\jdk8u112\7884\hotspot\src\share\vm\prims\jni.cpp, line 709]
Event: 1222.327 Thread 0x00000218eb684000 Exception <a 'java/io/FileNotFoundException'> (0x00000007bd6fc9c0) thrown at [C:\re\workspace\8-2-build-windows-amd64-cygwin\jdk8u112\7884\hotspot\src\share\vm\prims\jni.cpp, line 709]
Event: 1227.329 Thread 0x00000218eb684000 Exception <a 'java/io/FileNotFoundException'> (0x00000007beca6ab8) thrown at [C:\re\workspace\8-2-build-windows-amd64-cygwin\jdk8u112\7884\hotspot\src\share\vm\prims\jni.cpp, line 709]
Event: 1227.329 Thread 0x00000218eb684000 Exception <a 'java/io/FileNotFoundException'> (0x00000007beca7178) thrown at [C:\re\workspace\8-2-build-windows-amd64-cygwin\jdk8u112\7884\hotspot\src\share\vm\prims\jni.cpp, line 709]
Event: 1232.334 Thread 0x00000218eb684000 Exception <a 'java/io/FileNotFoundException'> (0x00000007bcfb9648) thrown at [C:\re\workspace\8-2-build-windows-amd64-cygwin\jdk8u112\7884\hotspot\src\share\vm\prims\jni.cpp, line 709]
Event: 1232.334 Thread 0x00000218eb684000 Exception <a 'java/io/FileNotFoundException'> (0x00000007bcfb9d08) thrown at [C:\re\workspace\8-2-build-windows-amd64-cygwin\jdk8u112\7884\hotspot\src\share\vm\prims\jni.cpp, line 709]
Event: 1237.329 Thread 0x00000218eb684000 Exception <a 'java/io/FileNotFoundException'> (0x00000007bc693618) thrown at [C:\re\workspace\8-2-build-windows-amd64-cygwin\jdk8u112\7884\hotspot\src\share\vm\prims\jni.cpp, line 709]
Event: 1237.329 Thread 0x00000218eb684000 Exception <a 'java/io/FileNotFoundException'> (0x00000007bc693cd8) thrown at [C:\re\workspace\8-2-build-windows-amd64-cygwin\jdk8u112\7884\hotspot\src\share\vm\prims\jni.cpp, line 709]

Events (10 events):
Event: 1239.805 Executing VM operation: RevokeBias
Event: 1239.805 Executing VM operation: RevokeBias done
Event: 1239.819 Thread 0x00000218e7dd4000 flushing nmethod 0x00000218d23464d0
Event: 1239.819 Thread 0x00000218e7dd4000 flushing nmethod 0x00000218d2396110
Event: 1239.828 Thread 0x00000218e7dd4000 flushing nmethod 0x00000218d28256d0
Event: 1239.838 Thread 0x00000218e7dd4000 flushing nmethod 0x00000218d2ee1890
Event: 1239.839 Thread 0x00000218e7dd4000 flushing nmethod 0x00000218d33d0e50
Event: 1239.840 Thread 0x00000218e7dd4000 flushing nmethod 0x00000218d3702f90
Event: 1239.840 Thread 0x00000218e7dd4000 flushing nmethod 0x00000218d3824c10
Event: 1239.842 Thread 0x00000218e7dd4000 flushing nmethod 0x00000218d3c4abd0


Dynamic libraries:
0x00007ff6542a0000 - 0x00007ff6542d0000 	D:\Xilinx\Vivado\2018.2\bin\unwrapped\win64.o\vivado.exe
0x00007ffec1b80000 - 0x00007ffec1d70000 	C:\WINDOWS\SYSTEM32\ntdll.dll
0x00007ffec15a0000 - 0x00007ffec1652000 	C:\WINDOWS\System32\KERNEL32.DLL
0x00007ffebeb10000 - 0x00007ffebedb3000 	C:\WINDOWS\System32\KERNELBASE.dll
0x00007ffebfa30000 - 0x00007ffebfb2a000 	C:\WINDOWS\System32\ucrtbase.dll
0x00007ffeaa360000 - 0x00007ffeaa3f9000 	C:\WINDOWS\SYSTEM32\MSVCP140.dll
0x00007ffeb87c0000 - 0x00007ffeb87d4000 	D:\Xilinx\Vivado\2018.2\lib\win64.o\libboost_signals.dll
0x00007ffeb87a0000 - 0x00007ffeb87b4000 	D:\Xilinx\Vivado\2018.2\lib\win64.o\librdi_commonmain.dll
0x00007ffeac1f0000 - 0x00007ffeac206000 	C:\WINDOWS\SYSTEM32\VCRUNTIME140.dll
0x00007ffe87690000 - 0x00007ffe884a9000 	D:\Xilinx\Vivado\2018.2\lib\win64.o\librdi_common.dll
0x00007ffebfd90000 - 0x00007ffebff24000 	C:\WINDOWS\System32\USER32.dll
0x00007ffeb8670000 - 0x00007ffeb8696000 	D:\Xilinx\Vivado\2018.2\lib\win64.o\libboost_filesystem.dll
0x00007ffebf560000 - 0x00007ffebf581000 	C:\WINDOWS\System32\win32u.dll
0x00007ffeb9680000 - 0x00007ffeb968a000 	D:\Xilinx\Vivado\2018.2\lib\win64.o\librdi_commonversion.dll
0x00007ffec1100000 - 0x00007ffec11a3000 	C:\WINDOWS\System32\ADVAPI32.dll
0x00007ffec0860000 - 0x00007ffec0886000 	C:\WINDOWS\System32\GDI32.dll
0x00007ffec07c0000 - 0x00007ffec085e000 	C:\WINDOWS\System32\msvcrt.dll
0x00007ffebf780000 - 0x00007ffebf914000 	C:\WINDOWS\System32\gdi32full.dll
0x00007ffec11d0000 - 0x00007ffec1267000 	C:\WINDOWS\System32\sechost.dll
0x00007ffebf590000 - 0x00007ffebf62e000 	C:\WINDOWS\System32\msvcp_win.dll
0x00007ffe8a700000 - 0x00007ffe8a821000 	D:\Xilinx\Vivado\2018.2\lib\win64.o\librdi_commonxillic.dll
0x0000000061e50000 - 0x0000000061f7b000 	D:\Xilinx\Vivado\2018.2\lib\win64.o\tcl85t.dll
0x00007ffebffb0000 - 0x00007ffec00d0000 	C:\WINDOWS\System32\RPCRT4.dll
0x00007ffec1530000 - 0x00007ffec159f000 	C:\WINDOWS\System32\WS2_32.dll
0x00007ffec0960000 - 0x00007ffec1045000 	C:\WINDOWS\System32\SHELL32.dll
0x00007ffebfbe0000 - 0x00007ffebfc2a000 	C:\WINDOWS\System32\cfgmgr32.dll
0x00007ffe81020000 - 0x00007ffe8138e000 	D:\Xilinx\Vivado\2018.2\lib\win64.o\libCOIN-all.dll
0x00007ffe873d0000 - 0x00007ffe87685000 	D:\Xilinx\Vivado\2018.2\lib\win64.o\libXil_lmgr11.dll
0x00007ffeb8060000 - 0x00007ffeb8074000 	D:\Xilinx\Vivado\2018.2\lib\win64.o\libboost_date_time.dll
0x00007ffec19b0000 - 0x00007ffec1a59000 	C:\WINDOWS\System32\shcore.dll
0x00007ffec0890000 - 0x00007ffec0960000 	C:\WINDOWS\System32\COMDLG32.dll
0x00007ffec1660000 - 0x00007ffec1996000 	C:\WINDOWS\System32\combase.dll
0x00007ffe8a680000 - 0x00007ffe8a6ff000 	D:\Xilinx\Vivado\2018.2\lib\win64.o\libboost_program_options.dll
0x00007ffec10a0000 - 0x00007ffec10f2000 	C:\WINDOWS\System32\SHLWAPI.dll
0x00007ffebfb60000 - 0x00007ffebfbe0000 	C:\WINDOWS\System32\bcryptPrimitives.dll
0x00007ffe88740000 - 0x00007ffe88854000 	D:\Xilinx\Vivado\2018.2\lib\win64.o\libboost_regex.dll
0x00007ffebedc0000 - 0x00007ffebf540000 	C:\WINDOWS\System32\windows.storage.dll
0x00007ffebeae0000 - 0x00007ffebeb03000 	C:\WINDOWS\System32\profapi.dll
0x00007ffec1270000 - 0x00007ffec1334000 	C:\WINDOWS\System32\OLEAUT32.dll
0x00007ffeb8840000 - 0x00007ffeb884b000 	D:\Xilinx\Vivado\2018.2\lib\win64.o\libboost_system.dll
0x00007ffeac370000 - 0x00007ffeac391000 	D:\Xilinx\Vivado\2018.2\lib\win64.o\libboost_thread.dll
0x00007ffebea50000 - 0x00007ffebea9a000 	C:\WINDOWS\System32\powrprof.dll
0x00007ffebfc30000 - 0x00007ffebfd87000 	C:\WINDOWS\System32\ole32.dll
0x00007ffebea40000 - 0x00007ffebea50000 	C:\WINDOWS\System32\UMPDC.dll
0x00007ffeb80e0000 - 0x00007ffeb80ef000 	D:\Xilinx\Vivado\2018.2\lib\win64.o\libboost_xilinx.dll
0x00007ffebf920000 - 0x00007ffebf97c000 	C:\WINDOWS\System32\WINTRUST.dll
0x00007ffebeac0000 - 0x00007ffebead1000 	C:\WINDOWS\System32\kernel.appcore.dll
0x00007ffe88b20000 - 0x00007ffe88ba2000 	D:\Xilinx\Vivado\2018.2\lib\win64.o\libhdlpsolve.dll
0x00007ffebeaa0000 - 0x00007ffebeab2000 	C:\WINDOWS\System32\MSASN1.dll
0x00007ffebf540000 - 0x00007ffebf557000 	C:\WINDOWS\System32\cryptsp.dll
0x00007ffebf630000 - 0x00007ffebf779000 	C:\WINDOWS\System32\CRYPT32.dll
0x00007ffe88690000 - 0x00007ffe88735000 	D:\Xilinx\Vivado\2018.2\lib\win64.o\libhdxml.dll
0x00007ffe79d70000 - 0x00007ffe7a623c00 	D:\Xilinx\Vivado\2018.2\lib\win64.o\libisl_iostreams.dll
0x00007ffea0520000 - 0x00007ffea054e000 	D:\Xilinx\Vivado\2018.2\lib\win64.o\libisl_sysinfo.dll
0x00007ffe865a0000 - 0x00007ffe86605000 	D:\Xilinx\Vivado\2018.2\lib\win64.o\liblmx6.0.dll
0x00000000615b0000 - 0x0000000061e4a000 	D:\Xilinx\Vivado\2018.2\tps\win64\jre\bin\server\jvm.dll
0x00007ffeb01f0000 - 0x00007ffeb020a000 	D:\Xilinx\Vivado\2018.2\lib\win64.o\pthreadVC2.dll
0x00007ffe7f110000 - 0x00007ffe7f261000 	D:\Xilinx\Vivado\2018.2\lib\win64.o\librdi_curl.dll
0x00007ffeada40000 - 0x00007ffeada5c000 	D:\Xilinx\Vivado\2018.2\lib\win64.o\librdiconfig.dll
0x00007ffe9f580000 - 0x00007ffe9f5a1000 	D:\Xilinx\Vivado\2018.2\lib\win64.o\librdizlib.dll
0x0000000012000000 - 0x0000000012272000 	D:\Xilinx\Vivado\2018.2\lib\win64.o\xerces-c_3_1.dll
0x00007ffec1050000 - 0x00007ffec1058000 	C:\WINDOWS\System32\PSAPI.DLL
0x00007ffeba480000 - 0x00007ffeba570000 	C:\WINDOWS\SYSTEM32\WINHTTP.dll
0x00007ffead710000 - 0x00007ffead8e5000 	C:\WINDOWS\SYSTEM32\urlmon.dll
0x00007ffe9f050000 - 0x00007ffe9f525000 	C:\WINDOWS\SYSTEM32\WININET.dll
0x00007ffeab220000 - 0x00007ffeab237000 	C:\WINDOWS\SYSTEM32\NETAPI32.dll
0x00007ffeb4190000 - 0x00007ffeb4239000 	C:\WINDOWS\WinSxS\amd64_microsoft.windows.common-controls_6595b64144ccf1df_5.82.18362.778_none_2a29d4a64667eb69\COMCTL32.dll
0x00007ffeb8050000 - 0x00007ffeb8059000 	C:\WINDOWS\SYSTEM32\WSOCK32.dll
0x00007ffeb7b20000 - 0x00007ffeb7b2d000 	D:\Xilinx\Vivado\2018.2\lib\win64.o\libboost_chrono.dll
0x00007ffeb83e0000 - 0x00007ffeb83fc000 	C:\WINDOWS\SYSTEM32\dhcpcsvc.DLL
0x00007ffec19a0000 - 0x00007ffec19a8000 	C:\WINDOWS\System32\NSI.dll
0x00007ffe78ed0000 - 0x00007ffe79d61000 	D:\Xilinx\Vivado\2018.2\lib\win64.o\gurobi65.dll
0x00007ffe8a610000 - 0x00007ffe8a639000 	C:\WINDOWS\SYSTEM32\VCOMP140.DLL
0x00007ffe88af0000 - 0x00007ffe88b15000 	D:\Xilinx\Vivado\2018.2\lib\win64.o\libisl_iosutils.dll
0x00007ffe9dab0000 - 0x00007ffe9dacb000 	D:\Xilinx\Vivado\2018.2\lib\win64.o\libboost_iostreams.dll
0x00007ffeb7460000 - 0x00007ffeb7484000 	C:\WINDOWS\SYSTEM32\WINMM.dll
0x00007ffeb50e0000 - 0x00007ffeb50ea000 	C:\WINDOWS\SYSTEM32\VERSION.dll
0x00000000614d0000 - 0x00000000615a2000 	C:\WINDOWS\SYSTEM32\MSVCR100.dll
0x00007ffead460000 - 0x00007ffead706000 	C:\WINDOWS\SYSTEM32\iertutil.dll
0x00007ffeb7430000 - 0x00007ffeb745d000 	C:\WINDOWS\SYSTEM32\winmmbase.dll
0x00007ffebe480000 - 0x00007ffebe48c000 	C:\WINDOWS\SYSTEM32\CRYPTBASE.DLL
0x00007ffec1070000 - 0x00007ffec109e000 	C:\WINDOWS\System32\IMM32.DLL
0x00007ffe78a40000 - 0x00007ffe78ecc000 	D:\Xilinx\Vivado\2018.2\lib\win64.o\librdi_commontasks.dll
0x00007ffe7ccd0000 - 0x00007ffe7cf47000 	D:\Xilinx\Vivado\2018.2\lib\win64.o\librdi_sio.dll
0x00007ffebdfc0000 - 0x00007ffebdffa000 	C:\WINDOWS\SYSTEM32\IPHLPAPI.DLL
0x00007ffe75040000 - 0x00007ffe7723f000 	D:\Xilinx\Vivado\2018.2\lib\win64.o\librdi_tcltasks.dll
0x00007ffe77fc0000 - 0x00007ffe78395000 	D:\Xilinx\Vivado\2018.2\lib\win64.o\librdi_bitstream.dll
0x00007ffe788c0000 - 0x00007ffe78a3e000 	D:\Xilinx\Vivado\2018.2\lib\win64.o\librdi_board.dll
0x00007ffe86530000 - 0x00007ffe8659a000 	D:\Xilinx\Vivado\2018.2\lib\win64.o\librdi_boarddep.dll
0x00007ffe78670000 - 0x00007ffe788b7000 	D:\Xilinx\Vivado\2018.2\lib\win64.o\librdi_chipscope.dll
0x00007ffe737e0000 - 0x00007ffe75039000 	D:\Xilinx\Vivado\2018.2\lib\win64.o\librdi_constraints.dll
0x00007ffe832e0000 - 0x00007ffe83408000 	D:\Xilinx\Vivado\2018.2\lib\win64.o\librdi_containers.dll
0x00007ffe71ac0000 - 0x00007ffe737d1000 	D:\Xilinx\Vivado\2018.2\lib\win64.o\librdi_coregen.dll
0x00007ffe776a0000 - 0x00007ffe77d79000 	D:\Xilinx\Vivado\2018.2\lib\win64.o\librdi_coregenipxact.dll
0x00007ffe5f550000 - 0x00007ffe6dd48000 	D:\Xilinx\Vivado\2018.2\lib\win64.o\librdi_device.dll
0x00007ffe6dd50000 - 0x00007ffe71ab2000 	D:\Xilinx\Vivado\2018.2\lib\win64.o\librdi_designutils.dll
0x00007ffe5f230000 - 0x00007ffe5f548000 	D:\Xilinx\Vivado\2018.2\lib\win64.o\librdi_dlyest.dll
0x00007ffe5ece0000 - 0x00007ffe5f221000 	D:\Xilinx\Vivado\2018.2\lib\win64.o\librdi_drc.dll
0x00007ffe86460000 - 0x00007ffe86522000 	D:\Xilinx\Vivado\2018.2\lib\win64.o\librdi_dsp.dll
0x00007ffe5e6a0000 - 0x00007ffe5ecd1000 	D:\Xilinx\Vivado\2018.2\lib\win64.o\librdi_filemgmt.dll
0x00007ffe5e3c0000 - 0x00007ffe5e691000 	D:\Xilinx\Vivado\2018.2\lib\win64.o\librdi_guitools.dll
0x00007ffe862f0000 - 0x00007ffe86348000 	D:\Xilinx\Vivado\2018.2\lib\win64.o\librdi_hdf.dll
0x00007ffe5d180000 - 0x00007ffe5e3b4000 	D:\Xilinx\Vivado\2018.2\lib\win64.o\librdi_implflow.dll
0x00007ffe5cb20000 - 0x00007ffe5d171000 	D:\Xilinx\Vivado\2018.2\lib\win64.o\librdi_memdata.dll
0x00007ffe59310000 - 0x00007ffe5cb1a000 	D:\Xilinx\Vivado\2018.2\lib\win64.o\librdi_mig.dll
0x00007ffe58e60000 - 0x00007ffe59302000 	D:\Xilinx\Vivado\2018.2\lib\win64.o\librdi_netlist.dll
0x00007ffe862a0000 - 0x00007ffe862e9000 	D:\Xilinx\Vivado\2018.2\lib\win64.o\librdi_pfi.dll
0x00007ffe56ac0000 - 0x00007ffe58e5e000 	D:\Xilinx\Vivado\2018.2\lib\win64.o\librdi_place.dll
0x00007ffe77410000 - 0x00007ffe7769a000 	D:\Xilinx\Vivado\2018.2\lib\win64.o\librdi_platform.dll
0x00007ffe563d0000 - 0x00007ffe56abc000 	D:\Xilinx\Vivado\2018.2\lib\win64.o\librdi_power.dll
0x00007ffe55e90000 - 0x00007ffe563cd000 	D:\Xilinx\Vivado\2018.2\lib\win64.o\librdi_project.dll
0x00007ffe557a0000 - 0x00007ffe55e81000 	D:\Xilinx\Vivado\2018.2\lib\win64.o\librdi_psta.dll
0x00007ffe55160000 - 0x00007ffe5579e000 	D:\Xilinx\Vivado\2018.2\lib\win64.o\librdi_rsb.dll
0x00007ffe54d90000 - 0x00007ffe55153000 	D:\Xilinx\Vivado\2018.2\lib\win64.o\librdi_runs.dll
0x00007ffe54b60000 - 0x00007ffe54d86000 	D:\Xilinx\Vivado\2018.2\lib\win64.o\librdi_simdata.dll
0x00007ffe82270000 - 0x00007ffe82347000 	D:\Xilinx\Vivado\2018.2\lib\win64.o\librdi_runsbase.dll
0x00007ffe53e40000 - 0x00007ffe54b5d000 	D:\Xilinx\Vivado\2018.2\lib\win64.o\librdi_timing.dll
0x00007ffe7d9e0000 - 0x00007ffe7daab000 	D:\Xilinx\Vivado\2018.2\lib\win64.o\librdi_xhub.dll
0x00007ffe83480000 - 0x00007ffe834cc000 	D:\Xilinx\Vivado\2018.2\lib\win64.o\libboost_serialization.dll
0x00007ffe835a0000 - 0x00007ffe8364f000 	D:\Xilinx\Vivado\2018.2\lib\win64.o\librdi_hip_devdesign.dll
0x00007ffe834d0000 - 0x00007ffe83536000 	D:\Xilinx\Vivado\2018.2\lib\win64.o\librdi_ipconfig_readwrite.dll
0x00007ffe86260000 - 0x00007ffe86298000 	D:\Xilinx\Vivado\2018.2\lib\win64.o\librdi_noc_frameworks.dll
0x00007ffe52df0000 - 0x00007ffe538e3000 	D:\Xilinx\Vivado\2018.2\lib\win64.o\libverific.dll
0x00007ffe80850000 - 0x00007ffe808ee000 	D:\Xilinx\Vivado\2018.2\lib\win64.o\libise.dll
0x00007ffe81890000 - 0x00007ffe81918000 	D:\Xilinx\Vivado\2018.2\lib\win64.o\librdi_hip_config.dll
0x00007ffe538f0000 - 0x00007ffe53e3e000 	D:\Xilinx\Vivado\2018.2\lib\win64.o\librdi_xdm.dll
0x00007ffe52840000 - 0x00007ffe52de1000 	D:\Xilinx\Vivado\2018.2\lib\win64.o\librdi_wavedata.dll
0x00007ffe81f40000 - 0x00007ffe81f89000 	D:\Xilinx\Vivado\2018.2\lib\win64.o\librdi_wavedata_SimpleApi.dll

VM Arguments:
jvm_args: -Dsun.java2d.pmoffscreen=false -Dsun.java2d.xrender=false -Dsun.java2d.d3d=false -Dsun.awt.nopixfmt=true -Xverify:none -Dswing.aatext=true -XX:-UsePerfData -Djdk.map.althashing.threshold=512 -XX:StringTableSize=4072 -XX:NewSize=60m -XX:MaxNewSize=60m -Xms128m -Xmx3072m -Xss5m 
java_command: <unknown>
java_class_path (initial): D:/Xilinx/Vivado/2018.2\lib\classes\alloy.jar;D:/Xilinx/Vivado/2018.2\lib\classes\autopilot.scelaborator.jar;D:/Xilinx/Vivado/2018.2\lib\classes\autopilot.sourceprocessor.jar;D:/Xilinx/Vivado/2018.2\lib\classes\autopilot.tbprocessor.jar;D:/Xilinx/Vivado/2018.2\lib\classes\batik-anim.jar;D:/Xilinx/Vivado/2018.2\lib\classes\batik-awt-util.jar;D:/Xilinx/Vivado/2018.2\lib\classes\batik-bridge.jar;D:/Xilinx/Vivado/2018.2\lib\classes\batik-codec.jar;D:/Xilinx/Vivado/2018.2\lib\classes\batik-css.jar;D:/Xilinx/Vivado/2018.2\lib\classes\batik-dom.jar;D:/Xilinx/Vivado/2018.2\lib\classes\batik-ext.jar;D:/Xilinx/Vivado/2018.2\lib\classes\batik-gui-util.jar;D:/Xilinx/Vivado/2018.2\lib\classes\batik-gvt.jar;D:/Xilinx/Vivado/2018.2\lib\classes\batik-parser.jar;D:/Xilinx/Vivado/2018.2\lib\classes\batik-script.jar;D:/Xilinx/Vivado/2018.2\lib\classes\batik-svg-dom.jar;D:/Xilinx/Vivado/2018.2\lib\classes\batik-swing.jar;D:/Xilinx/Vivado/2018.2\lib\classes\batik-transcoder.jar;D:/Xilinx/Vivado/2018.2\lib\classes\batik-util.jar;D:/Xilinx/Vivado/2018.2\lib\classes\batik-xml.jar;D:/Xilinx/Vivado/2018.2\lib\classes\com.ibm.icu_4.4.2.v20110208.jar;D:/Xilinx/Vivado/2018.2\lib\classes\commons-collections4-4.1.jar;D:/Xilinx/Vivado/2018.2\lib\classes\commons-math-2.2.jar;D:/Xilinx/Vivado/2018.2\lib\classes\dom4j-1.6.1.jar;D:/Xilinx/Vivado/2018.2\lib\classes\guava-18.0.jar;D:/Xilinx/Vivado/2018.2\lib\classes\help.jar;D:/Xilinx/Vivado/2018.2\lib\classes\hsqldb.jar;D:/Xilinx/Vivado/2018.2\lib\classes\jargs.jar;D:/Xilinx/Vivado/2018.2\lib\classes\jh.jar;D:/Xilinx/Vivado/2018.2\lib\classes\jide-action.jar;D:/Xilinx/Vivado/2018.2\lib\classes\jide-charts.jar;D:/Xilinx/Vivado/2018.2\lib\classes\jide-common.jar;D:/Xilinx/Vivado/2018.2\lib\classes\jide-components.jar;D:/Xilinx/Vivado/2018.2\lib\classes\jide-dashboard.jar;D:/Xilinx/Vivado/2018.2\lib\classes\jide-data.jar;D:/Xilinx/Vivado/2018.2\lib\classes\jide-dialogs.jar;D:/Xilinx/Vivado/2018.2\lib\classes\jide-diff.jar;D:/X
Launcher Type: generic

Environment Variables:
JAVA_HOME=F:\java
CLASSPATH=.;F:\java\lib\dt.jar;F:\java\lib\tools.jar;F:\apache-tomcat-7.0.103\lib\servlet-api.jar
PATH=D:/Xilinx/Vivado/2018.2/bin;D:/Xilinx/Vivado/2018.2/lib/win64.o;D:/Xilinx/Vivado/2018.2/tps/win64/jre/bin/server;D:/Xilinx/Vivado/2018.2/tps/win64/jre/bin;D:/Xilinx/SDK/2018.2/bin;D:/Xilinx/Vivado/2018.2/ids_lite/ISE/bin/nt64;D:/Xilinx/Vivado/2018.2/ids_lite/ISE/lib/nt64;C:\Program Files (x86)\Common Files\Oracle\Java\javapath;C:\Program Files (x86)\Common Files\Intel\Shared Libraries\redist\intel64\compiler;C:\Program Files (x86)\Intel\iCLS Client\;C:\Program Files\Intel\iCLS Client\;C:\Windows\system32;C:\Windows;C:\Windows\System32\Wbem;C:\Windows\System32\WindowsPowerShell\v1.0\;C:\Program Files (x86)\Intel\Intel(R) Management Engine Components\DAL;C:\Program Files\Intel\Intel(R) Management Engine Components\DAL;C:\Program Files (x86)\Intel\Intel(R) Management Engine Components\IPT;C:\Program Files\Intel\Intel(R) Management Engine Components\IPT;C:\Program Files (x86)\NVIDIA Corporation\PhysX\Common;D:\codeblocks-16.01mingw-nosetup\MinGW\bin;C:\Program Files\Common Files\Autodesk Shared\;C:\Program Files (x86)\Autodesk\Backburner\;C:\Program Files\Microsoft SQL Server\130\Tools\Binn\;C:\WINDOWS\System32\OpenSSH\;C:\Program Files (x86)\NVIDIA Corporation\Cg\bin;C:\Program Files (x86)\NVIDIA Corporation\Cg\bin.x64;F:\Git\cmd;F:\MinGW\bin;D:\Node.js\;C:\Program Files\NVIDIA Corporation\NVIDIA NvDLISR;F:\MySQL\mysql-8.0.19-winx64\bin;F:\Sqlite;F:\apache-tomcat-7.0.103\bin;F:\java\bin;F:\apache-tomcat-7.0.103\lib;D:\Node.js\node_global;C:\Users\fr\scoop\shims;F:\python\Scripts\;F:\python\;C:\Users\fr\AppData\Local\Microsoft\WindowsApps;E:\bandzip\;D:\Microsoft VS Code\bin;D:\texlive\2018\bin\win32;F:\mingw64\bin;F:\LLVM\bin;C:\Users\fr\AppData\Roaming\npm;D:/Xilinx/Vivado/2018.2\tps\mingw\6.2.0\win64.o\nt\bin;D:/Xilinx/Vivado/2018.2\tps\mingw\6.2.0\win64.o\nt\libexec\gcc\x86_64-w64-mingw32\6.2.0
USERNAME=fr
OS=Windows_NT
PROCESSOR_IDENTIFIER=Intel64 Family 6 Model 158 Stepping 9, GenuineIntel



---------------  S Y S T E M  ---------------

OS: Windows 10.0 , 64 bit Build 18362 (10.0.18362.778)

CPU:total 8 (4 cores per cpu, 2 threads per core) family 6 model 158 stepping 9, cmov, cx8, fxsr, mmx, sse, sse2, sse3, ssse3, sse4.1, sse4.2, popcnt, avx, avx2, aes, clmul, erms, 3dnowpref, lzcnt, ht, tsc, tscinvbit, bmi1, bmi2, adx

Memory: 4k page, physical 8269908k(2224196k free), swap 15085652k(5471152k free)

vm_info: Java HotSpot(TM) 64-Bit Server VM (25.112-b15) for windows-amd64 JRE (1.8.0_112-b15), built on Sep 22 2016 21:31:56 by "java_re" with MS VC++ 10.0 (VS2010)

time: Tue May 05 11:03:02 2020
elapsed time: 1241 seconds (0d 0h 20m 41s)

