#
# A fatal error has been detected by the Java Runtime Environment:
#
#  EXCEPTION_ACCESS_VIOLATION (0xc0000005) at pc=0x0000000100000000, pid=19100, tid=0x00000000000055d0
#
# JRE version: Java(TM) SE Runtime Environment (8.0_112-b15) (build 1.8.0_112-b15)
# Java VM: Java HotSpot(TM) 64-Bit Server VM (25.112-b15 mixed mode windows-amd64 compressed oops)
# Problematic frame:
# C  0x0000000100000000
#
# Failed to write core dump. Minidumps are not enabled by default on client versions of Windows
#
# If you would like to submit a bug report, please visit:
#   http://bugreport.java.com/bugreport/crash.jsp
# The crash happened outside the Java Virtual Machine in native code.
# See problematic frame for where to report the bug.
#

---------------  T H R E A D  ---------------

Current thread (0x0000015586fe2000):  JavaThread "AWT-EventQueue-1" [_thread_in_native, id=21968, stack(0x000000395e900000,0x000000395ee00000)]

siginfo: ExceptionCode=0xc0000005, ExceptionInformation=0x0000000000000008 0x0000000100000000

Registers:
RAX=0x00000155eb179a30, RBX=0x0000015591ab4fa8, RCX=0x00000155eb179a30, RDX=0x00007ffce9715e08
RSP=0x000000395edfb8e8, RBP=0x000000395edfb969, RSI=0x0000015591ab4f90, RDI=0x000000395edfba18
R8 =0x0000000000000006, R9 =0x0000000000000000, R10=0x00007ffcbd1b0000, R11=0x000000395edfb8c0
R12=0x0000000000000000, R13=0x000000395edfbb30, R14=0x0000000000000000, R15=0x0000000000000000
RIP=0x0000000100000000, EFLAGS=0x0000000000010206

Top of Stack: (sp=0x000000395edfb8e8)
0x000000395edfb8e8:   00007ffcbd3eef6a 000000395edfbd40
0x000000395edfb8f8:   0000015591ab4fa8 0000015591ab4f90
0x000000395edfb908:   0000000000000000 0000000000000000
0x000000395edfb918:   00007ffd306b2596 0000000000000000
0x000000395edfb928:   fffffffffffffffe 000000395edfba00
0x000000395edfb938:   00000155922a2d20 0000000000000000
0x000000395edfb948:   000000000000000f 0000000000000000
0x000000395edfb958:   00007ffce953aba4 0000000000000000
0x000000395edfb968:   000000000000000f 616c6163532d7677
0x000000395edfb978:   00007ffce8f60072 0000000000000009
0x000000395edfb988:   000000000000000f 00009deb8cdf41de
0x000000395edfb998:   0000000000000000 00000155922a2cf0
0x000000395edfb9a8:   0000000000000000 000000395edfbd40
0x000000395edfb9b8:   0000015591ab4f90 0000000000000000
0x000000395edfb9c8:   00007ffcbd3ee550 000000395edfbd40
0x000000395edfb9d8:   00007ffce95d1185 000000395edfbd40 

Instructions: (pc=0x0000000100000000)
0x00000000ffffffe0:   
[error occurred during error reporting (printing registers, top of stack, instructions near pc), id 0xc0000005]

Register to memory mapping:

RAX=0x00000155eb179a30 is an unknown value
RBX=0x0000015591ab4fa8 is an unknown value
RCX=0x00000155eb179a30 is an unknown value
RDX=0x00007ffce9715e08 is an unknown value
RSP=0x000000395edfb8e8 is pointing into the stack for thread: 0x0000015586fe2000
RBP=0x000000395edfb969 is pointing into the stack for thread: 0x0000015586fe2000
RSI=0x0000015591ab4f90 is an unknown value
RDI=0x000000395edfba18 is pointing into the stack for thread: 0x0000015586fe2000
R8 =0x0000000000000006 is an unknown value
R9 =0x0000000000000000 is an unknown value
R10=0x00007ffcbd1b0000 is an unknown value
R11=0x000000395edfb8c0 is pointing into the stack for thread: 0x0000015586fe2000
R12=0x0000000000000000 is an unknown value
R13=0x000000395edfbb30 is pointing into the stack for thread: 0x0000015586fe2000
R14=0x0000000000000000 is an unknown value
R15=0x0000000000000000 is an unknown value


Stack: [0x000000395e900000,0x000000395ee00000],  sp=0x000000395edfb8e8,  free space=5102k
Native frames: (J=compiled Java code, j=interpreted, Vv=VM code, C=native code)
C  0x0000000100000000

Java frames: (J=compiled Java code, j=interpreted, Vv=VM code)
j  ui.views.waveform.waveformi.WVExecutive_getNameDataSize(J)J+0
j  ui.views.waveform.executive.a.gqX()Lui/views/waveform/executive/protobuf/WVNameValue$WVNameTreeMessage;+4
j  ui.views.waveform.f.a.grD()Ljavax/swing/tree/TreeModel;+7
j  ui.views.waveform.f.a.cLb()V+1
j  ui.views.waveform.f.m.cLb()V+11
j  ui.views.waveform.m.goJ()V+8
j  ui.views.waveform.m.cLb()V+19
j  ui.views.waveform.w.cLb()V+29
j  ui.views.waveform.c.b.j(Lui/frmwork/b/h;)V+89
j  ui.views.waveform.w.a(Lui/frmwork/b/h;)V+13
J 12240 C1 ui.frmwork.b.k.d(Lui/frmwork/b/h;)V (61 bytes) @ 0x00000155ed797464 [0x00000155ed796b80+0x8e4]
J 12226 C1 ui.frmwork.HTclEventBroker.i(JZ)V (497 bytes) @ 0x00000155ee996224 [0x00000155ee9925c0+0x3c64]
J 12230 C1 ui.frmwork.HTclEventBroker.fireTclEvent(J)I (113 bytes) @ 0x00000155ee99c2e4 [0x00000155ee99b800+0xae4]
v  ~StubRoutines::call_stub
j  ui.views.waveform.waveformi.WVExecutive_setViewportSize(JII)V+0
j  ui.views.waveform.executive.a.et(II)V+62
j  ui.views.waveform.c.b.gpz()V+131
j  ui.views.waveform.v.componentResized(Ljava/awt/event/ComponentEvent;)V+10
j  java.awt.AWTEventMulticaster.componentResized(Ljava/awt/event/ComponentEvent;)V+21
J 8860 C1 java.awt.Component.processComponentEvent(Ljava/awt/event/ComponentEvent;)V (82 bytes) @ 0x00000155eddda104 [0x00000155eddd9d80+0x384]
J 10145 C2 java.awt.Container.processEvent(Ljava/awt/AWTEvent;)V (22 bytes) @ 0x00000155ecc913a0 [0x00000155ecc911e0+0x1c0]
j  java.awt.Component.dispatchEventImpl(Ljava/awt/AWTEvent;)V+589
J 13925 C2 java.awt.Container.dispatchEventImpl(Ljava/awt/AWTEvent;)V (129 bytes) @ 0x00000155ed3d04b8 [0x00000155ed3d0460+0x58]
J 11989 C2 java.awt.EventQueue$3.run()Ljava/lang/Object; (5 bytes) @ 0x00000155edcb679c [0x00000155edcb63a0+0x3fc]
v  ~StubRoutines::call_stub
J 2454  java.security.AccessController.doPrivileged(Ljava/security/PrivilegedAction;Ljava/security/AccessControlContext;)Ljava/lang/Object; (0 bytes) @ 0x00000155ecd36da6 [0x00000155ecd36d40+0x66]
J 8848 C1 java.awt.EventQueue$4.run()Ljava/lang/Object; (5 bytes) @ 0x00000155eddcf4dc [0x00000155eddcf0c0+0x41c]
v  ~StubRoutines::call_stub
J 2454  java.security.AccessController.doPrivileged(Ljava/security/PrivilegedAction;Ljava/security/AccessControlContext;)Ljava/lang/Object; (0 bytes) @ 0x00000155ecd36da6 [0x00000155ecd36d40+0x66]
J 11947 C2 ui.frmwork.b.d.dispatchEvent(Ljava/awt/AWTEvent;)V (45 bytes) @ 0x00000155ee578b98 [0x00000155ee5788e0+0x2b8]
J 12215 C1 java.awt.EventDispatchThread.pumpOneEventForFilters(I)V (295 bytes) @ 0x00000155ee98fa6c [0x00000155ee98dc80+0x1dec]
j  java.awt.EventDispatchThread.pumpEventsForFilter(ILjava/awt/Conditional;Ljava/awt/EventFilter;)V+35
j  java.awt.EventDispatchThread.pumpEventsForHierarchy(ILjava/awt/Conditional;Ljava/awt/Component;)V+11
j  java.awt.EventDispatchThread.pumpEvents(ILjava/awt/Conditional;)V+4
j  java.awt.EventDispatchThread.pumpEvents(Ljava/awt/Conditional;)V+3
j  java.awt.EventDispatchThread.run()V+9
v  ~StubRoutines::call_stub

---------------  P R O C E S S  ---------------

Java Threads: ( => current thread )
  0x000001558795c000 JavaThread "Relaunch Simulation" [_thread_blocked, id=17008, stack(0x000000395da00000,0x000000395df00000)]
  0x0000015587966800 JavaThread "SyntheticaAnimation 50" daemon [_thread_blocked, id=17088, stack(0x0000003962500000,0x0000003962a00000)]
  0x000001558795d000 JavaThread "Image Animator 3" daemon [_thread_blocked, id=22416, stack(0x0000003960500000,0x0000003960a00000)]
  0x000001558795b800 JavaThread "Thread-22" [_thread_in_native, id=21300, stack(0x0000003962400000,0x0000003962500000)]
  0x000001558795a800 JavaThread "Thread-21" [_thread_in_native, id=16984, stack(0x0000003962300000,0x0000003962400000)]
  0x000001558795f000 JavaThread "hw_ila_monitor" [_thread_blocked, id=15504, stack(0x000000395ee00000,0x000000395f300000)]
  0x0000015589231800 JavaThread "Update Runs Swing Worker" [_thread_blocked, id=21404, stack(0x0000003961400000,0x0000003961900000)]
  0x0000015589230000 JavaThread "Refresh Filesets Swing Worker" [_thread_blocked, id=13948, stack(0x0000003960f00000,0x0000003961400000)]
  0x0000015589233000 JavaThread "SyntheticaAnimation 70" daemon [_thread_blocked, id=6440, stack(0x0000003960a00000,0x0000003960f00000)]
  0x0000015589232800 JavaThread "SyntheticaAnimation 25" daemon [_thread_blocked, id=22432, stack(0x0000003960000000,0x0000003960500000)]
  0x000001558922e000 JavaThread "SyntheticaAnimation 50" daemon [_thread_blocked, id=18204, stack(0x000000395fb00000,0x0000003960000000)]
  0x0000015589234000 JavaThread "SyntheticaCleanerThread" daemon [_thread_blocked, id=12572, stack(0x000000395f300000,0x000000395f800000)]
  0x00000155872f4800 JavaThread "Batik CleanerThread" daemon [_thread_blocked, id=15820, stack(0x000000395df00000,0x000000395e400000)]
=>0x0000015586fe2000 JavaThread "AWT-EventQueue-1" [_thread_in_native, id=21968, stack(0x000000395e900000,0x000000395ee00000)]
  0x0000015586e97800 JavaThread "Process Messages" [_thread_blocked, id=17916, stack(0x000000395e400000,0x000000395e900000)]
  0x0000015586e9a800 JavaThread "Thread-3" [_thread_in_native, id=18076, stack(0x0000003958700000,0x0000003959b00000)]
  0x00000155ffb50800 JavaThread "AWT-Windows" daemon [_thread_in_native, id=7772, stack(0x000000395d500000,0x000000395da00000)]
  0x00000155ffb5f800 JavaThread "AWT-Shutdown" [_thread_blocked, id=20544, stack(0x000000395d000000,0x000000395d500000)]
  0x00000155ffb5e800 JavaThread "Java2D Disposer" daemon [_thread_blocked, id=15932, stack(0x000000395cb00000,0x000000395d000000)]
  0x00000155ffbb7800 JavaThread "TimerQueue" daemon [_thread_blocked, id=18792, stack(0x000000395c600000,0x000000395cb00000)]
  0x00000155fd6cb000 JavaThread "Service Thread" daemon [_thread_blocked, id=17256, stack(0x000000395c000000,0x000000395c500000)]
  0x00000155fd6c5000 JavaThread "C1 CompilerThread3" daemon [_thread_blocked, id=21760, stack(0x000000395bf00000,0x000000395c000000)]
  0x00000155fd6c1000 JavaThread "C2 CompilerThread2" daemon [_thread_blocked, id=16728, stack(0x000000395be00000,0x000000395bf00000)]
  0x00000155fd6c0000 JavaThread "C2 CompilerThread1" daemon [_thread_blocked, id=20872, stack(0x000000395bd00000,0x000000395be00000)]
  0x00000155fd6be000 JavaThread "C2 CompilerThread0" daemon [_thread_blocked, id=20364, stack(0x000000395bc00000,0x000000395bd00000)]
  0x00000155fd6bd800 JavaThread "Attach Listener" daemon [_thread_blocked, id=18704, stack(0x000000395b700000,0x000000395bc00000)]
  0x00000155fd6ac800 JavaThread "Signal Dispatcher" daemon [_thread_blocked, id=21852, stack(0x000000395b200000,0x000000395b700000)]
  0x00000155fd677800 JavaThread "Finalizer" daemon [_thread_blocked, id=13892, stack(0x000000395ad00000,0x000000395b200000)]
  0x00000155fd656000 JavaThread "Reference Handler" daemon [_thread_blocked, id=22516, stack(0x000000395a800000,0x000000395ad00000)]
  0x00000155ec444800 JavaThread "main" [_thread_blocked, id=18004, stack(0x0000003959e00000,0x0000003959f00000)]

Other Threads:
  0x00000155ec53e000 VMThread [stack: 0x000000395a700000,0x000000395a800000] [id=21812]
  0x00000155fd6ce000 WatcherThread [stack: 0x000000395c500000,0x000000395c600000] [id=13628]

VM state:not at safepoint (normal execution)

VM Mutex/Monitor currently owned by a thread: None

Heap:
 PSYoungGen      total 49664K, used 31510K [0x00000007bc400000, 0x00000007c0000000, 0x00000007c0000000)
  eden space 37376K, 82% used [0x00000007bc400000,0x00000007be218200,0x00000007be880000)
  from space 12288K, 5% used [0x00000007bf400000,0x00000007bf4ad9c0,0x00000007c0000000)
  to   space 11776K, 0% used [0x00000007be880000,0x00000007be880000,0x00000007bf400000)
 ParOldGen       total 103424K, used 48862K [0x0000000700000000, 0x0000000706500000, 0x00000007bc400000)
  object space 103424K, 47% used [0x0000000700000000,0x0000000702fb78a8,0x0000000706500000)
 Metaspace       used 67081K, capacity 67731K, committed 68480K, reserved 1107968K
  class space    used 9415K, capacity 9534K, committed 9600K, reserved 1048576K

Card table byte_map: [0x00000155fb900000,0x00000155fbf10000] byte_map_base: 0x00000155f8100000

Marking Bits: (ParMarkBitMap*) 0x000000005235a6d0
 Begin Bits: [0x0000015580000000, 0x0000015583000000)
 End Bits:   [0x0000015583000000, 0x0000015586000000)

Polling page: 0x00000155e4440000

CodeCache: size=245760Kb used=41492Kb max_used=42519Kb free=204267Kb
 bounds [0x00000155ec540000, 0x00000155eef40000, 0x00000155fb540000]
 total_blobs=11846 nmethods=10955 adapters=798
 compilation: enabled

Compilation events (10 events):
Event: 82.236 Thread 0x00000155fd6c5000 13996       3       java.lang.Throwable$WrappedPrintWriter::println (9 bytes)
Event: 82.237 Thread 0x00000155fd6c5000 nmethod 13996 0x00000155eecc1d90 code [0x00000155eecc1f60, 0x00000155eecc2790]
Event: 82.237 Thread 0x00000155fd6c5000 13997   !   3       java.io.PrintWriter::println (34 bytes)
Event: 82.238 Thread 0x00000155fd6c5000 nmethod 13997 0x00000155ee062c90 code [0x00000155ee062e60, 0x00000155ee0635f0]
Event: 82.238 Thread 0x00000155fd6c5000 13998       3       java.io.PrintWriter::print (13 bytes)
Event: 82.238 Thread 0x00000155fd6c5000 nmethod 13998 0x00000155edd033d0 code [0x00000155edd03540, 0x00000155edd03890]
Event: 82.238 Thread 0x00000155fd6c5000 13993       3       ui.data.m.d.be::ckn (18 bytes)
Event: 82.239 Thread 0x00000155fd6c5000 nmethod 13993 0x00000155ed7f5a90 code [0x00000155ed7f5c00, 0x00000155ed7f5e18]
Event: 82.240 Thread 0x00000155fd6c1000 nmethod 14000 0x00000155eca7d450 code [0x00000155eca7d5a0, 0x00000155eca7d978]
Event: 82.242 Thread 0x00000155fd6c0000 nmethod 13999 0x00000155ecc681d0 code [0x00000155ecc68340, 0x00000155ecc68ab8]

GC Heap History (10 events):
Event: 76.213 GC heap before
{Heap before GC invocations=45 (full 4):
 PSYoungGen      total 48128K, used 35568K [0x00000007bc400000, 0x00000007c0000000, 0x00000007c0000000)
  eden space 34304K, 100% used [0x00000007bc400000,0x00000007be580000,0x00000007be580000)
  from space 13824K, 9% used [0x00000007bf280000,0x00000007bf3bc010,0x00000007c0000000)
  to   space 13312K, 0% used [0x00000007be580000,0x00000007be580000,0x00000007bf280000)
 ParOldGen       total 103424K, used 48679K [0x0000000700000000, 0x0000000706500000, 0x00000007bc400000)
  object space 103424K, 47% used [0x0000000700000000,0x0000000702f89ef8,0x0000000706500000)
 Metaspace       used 66818K, capacity 67447K, committed 68224K, reserved 1107968K
  class space    used 9401K, capacity 9530K, committed 9600K, reserved 1048576K
Event: 76.219 GC heap after
Heap after GC invocations=45 (full 4):
 PSYoungGen      total 47616K, used 1473K [0x00000007bc400000, 0x00000007c0000000, 0x00000007c0000000)
  eden space 34304K, 0% used [0x00000007bc400000,0x00000007bc400000,0x00000007be580000)
  from space 13312K, 11% used [0x00000007be580000,0x00000007be6f04b8,0x00000007bf280000)
  to   space 13312K, 0% used [0x00000007bf300000,0x00000007bf300000,0x00000007c0000000)
 ParOldGen       total 103424K, used 48687K [0x0000000700000000, 0x0000000706500000, 0x00000007bc400000)
  object space 103424K, 47% used [0x0000000700000000,0x0000000702f8bef8,0x0000000706500000)
 Metaspace       used 66818K, capacity 67447K, committed 68224K, reserved 1107968K
  class space    used 9401K, capacity 9530K, committed 9600K, reserved 1048576K
}
Event: 77.142 GC heap before
{Heap before GC invocations=46 (full 4):
 PSYoungGen      total 47616K, used 35777K [0x00000007bc400000, 0x00000007c0000000, 0x00000007c0000000)
  eden space 34304K, 100% used [0x00000007bc400000,0x00000007be580000,0x00000007be580000)
  from space 13312K, 11% used [0x00000007be580000,0x00000007be6f04b8,0x00000007bf280000)
  to   space 13312K, 0% used [0x00000007bf300000,0x00000007bf300000,0x00000007c0000000)
 ParOldGen       total 103424K, used 48687K [0x0000000700000000, 0x0000000706500000, 0x00000007bc400000)
  object space 103424K, 47% used [0x0000000700000000,0x0000000702f8bef8,0x0000000706500000)
 Metaspace       used 66865K, capacity 67511K, committed 68224K, reserved 1107968K
  class space    used 9401K, capacity 9530K, committed 9600K, reserved 1048576K
Event: 77.146 GC heap after
Heap after GC invocations=46 (full 4):
 PSYoungGen      total 48640K, used 2378K [0x00000007bc400000, 0x00000007c0000000, 0x00000007c0000000)
  eden space 35328K, 0% used [0x00000007bc400000,0x00000007bc400000,0x00000007be680000)
  from space 13312K, 17% used [0x00000007bf300000,0x00000007bf552978,0x00000007c0000000)
  to   space 12800K, 0% used [0x00000007be680000,0x00000007be680000,0x00000007bf300000)
 ParOldGen       total 103424K, used 48687K [0x0000000700000000, 0x0000000706500000, 0x00000007bc400000)
  object space 103424K, 47% used [0x0000000700000000,0x0000000702f8bef8,0x0000000706500000)
 Metaspace       used 66865K, capacity 67511K, committed 68224K, reserved 1107968K
  class space    used 9401K, capacity 9530K, committed 9600K, reserved 1048576K
}
Event: 77.213 GC heap before
{Heap before GC invocations=47 (full 4):
 PSYoungGen      total 48640K, used 6873K [0x00000007bc400000, 0x00000007c0000000, 0x00000007c0000000)
  eden space 35328K, 12% used [0x00000007bc400000,0x00000007bc863c90,0x00000007be680000)
  from space 13312K, 17% used [0x00000007bf300000,0x00000007bf552978,0x00000007c0000000)
  to   space 12800K, 0% used [0x00000007be680000,0x00000007be680000,0x00000007bf300000)
 ParOldGen       total 103424K, used 48687K [0x0000000700000000, 0x0000000706500000, 0x00000007bc400000)
  object space 103424K, 47% used [0x0000000700000000,0x0000000702f8bef8,0x0000000706500000)
 Metaspace       used 66890K, capacity 67511K, committed 68224K, reserved 1107968K
  class space    used 9401K, capacity 9530K, committed 9600K, reserved 1048576K
Event: 77.217 GC heap after
Heap after GC invocations=47 (full 4):
 PSYoungGen      total 48128K, used 2090K [0x00000007bc400000, 0x00000007c0000000, 0x00000007c0000000)
  eden space 35328K, 0% used [0x00000007bc400000,0x00000007bc400000,0x00000007be680000)
  from space 12800K, 16% used [0x00000007be680000,0x00000007be88a978,0x00000007bf300000)
  to   space 12288K, 0% used [0x00000007bf400000,0x00000007bf400000,0x00000007c0000000)
 ParOldGen       total 103424K, used 48687K [0x0000000700000000, 0x0000000706500000, 0x00000007bc400000)
  object space 103424K, 47% used [0x0000000700000000,0x0000000702f8bef8,0x0000000706500000)
 Metaspace       used 66890K, capacity 67511K, committed 68224K, reserved 1107968K
  class space    used 9401K, capacity 9530K, committed 9600K, reserved 1048576K
}
Event: 77.217 GC heap before
{Heap before GC invocations=48 (full 5):
 PSYoungGen      total 48128K, used 2090K [0x00000007bc400000, 0x00000007c0000000, 0x00000007c0000000)
  eden space 35328K, 0% used [0x00000007bc400000,0x00000007bc400000,0x00000007be680000)
  from space 12800K, 16% used [0x00000007be680000,0x00000007be88a978,0x00000007bf300000)
  to   space 12288K, 0% used [0x00000007bf400000,0x00000007bf400000,0x00000007c0000000)
 ParOldGen       total 103424K, used 48687K [0x0000000700000000, 0x0000000706500000, 0x00000007bc400000)
  object space 103424K, 47% used [0x0000000700000000,0x0000000702f8bef8,0x0000000706500000)
 Metaspace       used 66890K, capacity 67511K, committed 68224K, reserved 1107968K
  class space    used 9401K, capacity 9530K, committed 9600K, reserved 1048576K
Event: 77.423 GC heap after
Heap after GC invocations=48 (full 5):
 PSYoungGen      total 48128K, used 0K [0x00000007bc400000, 0x00000007c0000000, 0x00000007c0000000)
  eden space 35328K, 0% used [0x00000007bc400000,0x00000007bc400000,0x00000007be680000)
  from space 12800K, 0% used [0x00000007be680000,0x00000007be680000,0x00000007bf300000)
  to   space 12288K, 0% used [0x00000007bf400000,0x00000007bf400000,0x00000007c0000000)
 ParOldGen       total 103424K, used 48854K [0x0000000700000000, 0x0000000706500000, 0x00000007bc400000)
  object space 103424K, 47% used [0x0000000700000000,0x0000000702fb58a8,0x0000000706500000)
 Metaspace       used 66890K, capacity 67511K, committed 68224K, reserved 1107968K
  class space    used 9401K, capacity 9530K, committed 9600K, reserved 1048576K
}
Event: 81.059 GC heap before
{Heap before GC invocations=49 (full 5):
 PSYoungGen      total 48128K, used 35328K [0x00000007bc400000, 0x00000007c0000000, 0x00000007c0000000)
  eden space 35328K, 100% used [0x00000007bc400000,0x00000007be680000,0x00000007be680000)
  from space 12800K, 0% used [0x00000007be680000,0x00000007be680000,0x00000007bf300000)
  to   space 12288K, 0% used [0x00000007bf400000,0x00000007bf400000,0x00000007c0000000)
 ParOldGen       total 103424K, used 48854K [0x0000000700000000, 0x0000000706500000, 0x00000007bc400000)
  object space 103424K, 47% used [0x0000000700000000,0x0000000702fb58a8,0x0000000706500000)
 Metaspace       used 67010K, capacity 67645K, committed 68224K, reserved 1107968K
  class space    used 9410K, capacity 9531K, committed 9600K, reserved 1048576K
Event: 81.062 GC heap after
Heap after GC invocations=49 (full 5):
 PSYoungGen      total 49664K, used 694K [0x00000007bc400000, 0x00000007c0000000, 0x00000007c0000000)
  eden space 37376K, 0% used [0x00000007bc400000,0x00000007bc400000,0x00000007be880000)
  from space 12288K, 5% used [0x00000007bf400000,0x00000007bf4ad9c0,0x00000007c0000000)
  to   space 11776K, 0% used [0x00000007be880000,0x00000007be880000,0x00000007bf400000)
 ParOldGen       total 103424K, used 48862K [0x0000000700000000, 0x0000000706500000, 0x00000007bc400000)
  object space 103424K, 47% used [0x0000000700000000,0x0000000702fb78a8,0x0000000706500000)
 Metaspace       used 67010K, capacity 67645K, committed 68224K, reserved 1107968K
  class space    used 9410K, capacity 9531K, committed 9600K, reserved 1048576K
}

Deoptimization events (10 events):
Event: 80.505 Thread 0x0000015586fe2000 Uncommon trap: reason=unstable_if action=reinterpret pc=0x00000155ed8290cc method=javax.swing.JComponent.getInsets(Ljava/awt/Insets;)Ljava/awt/Insets; @ 30
Event: 80.542 Thread 0x0000015586fe2000 Uncommon trap: reason=class_check action=maybe_recompile pc=0x00000155ed2b2140 method=javax.swing.plaf.synth.ParsedSynthStyle$DelegatingPainter.paintPanelBackground(Ljavax/swing/plaf/synth/SynthContext;Ljava/awt/Graphics;IIII)V @ 16
Event: 80.639 Thread 0x0000015586fe2000 Uncommon trap: reason=class_check action=maybe_recompile pc=0x00000155ed2b2140 method=javax.swing.plaf.synth.ParsedSynthStyle$DelegatingPainter.paintPanelBackground(Ljavax/swing/plaf/synth/SynthContext;Ljava/awt/Graphics;IIII)V @ 16
Event: 81.554 Thread 0x0000015586fe2000 Uncommon trap: reason=class_check action=maybe_recompile pc=0x00000155ed2b2140 method=javax.swing.plaf.synth.ParsedSynthStyle$DelegatingPainter.paintPanelBackground(Ljavax/swing/plaf/synth/SynthContext;Ljava/awt/Graphics;IIII)V @ 16
Event: 81.561 Thread 0x0000015586fe2000 Uncommon trap: reason=unstable_if action=reinterpret pc=0x00000155eecb3a50 method=java.awt.EventQueue.removeSourceEvents(Ljava/lang/Object;Z)V @ 88
Event: 81.561 Thread 0x0000015586fe2000 Uncommon trap: reason=unstable_if action=reinterpret pc=0x00000155ee32be58 method=java.awt.DefaultKeyboardFocusManager.discardKeyEvents(Ljava/awt/Component;)V @ 62
Event: 81.561 Thread 0x0000015586fe2000 Uncommon trap: reason=unstable_if action=reinterpret pc=0x00000155ee5ff3a4 method=java.awt.DefaultKeyboardFocusManager.discardKeyEvents(Ljava/awt/Component;)V @ 62
Event: 81.588 Thread 0x0000015586fe2000 Uncommon trap: reason=unstable_if action=reinterpret pc=0x00000155eed092ac method=java.awt.Component.dispatchEventImpl(Ljava/awt/AWTEvent;)V @ 336
Event: 81.588 Thread 0x0000015586fe2000 Uncommon trap: reason=null_check action=make_not_entrant pc=0x00000155ed9b06c0 method=java.awt.Component.getNativeContainer()Ljava/awt/Container; @ 13
Event: 82.210 Thread 0x0000015586fe2000 Uncommon trap: reason=unstable_if action=reinterpret pc=0x00000155ed317a58 method=java.lang.Throwable.getOurStackTrace()[Ljava/lang/StackTraceElement; @ 7

Internal exceptions (10 events):
Event: 70.548 Thread 0x0000015586fe2000 Exception <a 'java/io/FileNotFoundException'> (0x00000007bd91dc40) thrown at [C:\re\workspace\8-2-build-windows-amd64-cygwin\jdk8u112\7884\hotspot\src\share\vm\prims\jni.cpp, line 709]
Event: 71.356 Thread 0x0000015586fe2000 Implicit null exception at 0x00000155eecc2211 to 0x00000155eecc2428
Event: 75.618 Thread 0x0000015586fe2000 Exception <a 'java/io/FileNotFoundException'> (0x00000007bce165d0) thrown at [C:\re\workspace\8-2-build-windows-amd64-cygwin\jdk8u112\7884\hotspot\src\share\vm\prims\jni.cpp, line 709]
Event: 75.619 Thread 0x0000015586fe2000 Exception <a 'java/io/FileNotFoundException'> (0x00000007bce284b0) thrown at [C:\re\workspace\8-2-build-windows-amd64-cygwin\jdk8u112\7884\hotspot\src\share\vm\prims\jni.cpp, line 709]
Event: 80.547 Thread 0x0000015586fe2000 Exception <a 'java/io/FileNotFoundException'> (0x00000007bd753ff8) thrown at [C:\re\workspace\8-2-build-windows-amd64-cygwin\jdk8u112\7884\hotspot\src\share\vm\prims\jni.cpp, line 709]
Event: 80.644 Thread 0x0000015586fe2000 Exception <a 'java/io/FileNotFoundException'> (0x00000007be0e0640) thrown at [C:\re\workspace\8-2-build-windows-amd64-cygwin\jdk8u112\7884\hotspot\src\share\vm\prims\jni.cpp, line 709]
Event: 81.588 Thread 0x0000015586fe2000 Implicit null exception at 0x00000155eed07420 to 0x00000155eed0928d
Event: 81.588 Thread 0x0000015586fe2000 Implicit null exception at 0x00000155ed9b064c to 0x00000155ed9b06b0
Event: 82.184 Thread 0x0000015586fe2000 Exception <a 'ui/frmwork/CommandFailedException': Unknown exception occurred> (0x00000007be166028) thrown at [C:\re\workspace\8-2-build-windows-amd64-cygwin\jdk8u112\7884\hotspot\src\share\vm\prims\jni.cpp, line 735]
Event: 82.223 Thread 0x0000015586fe2000 Exception <a 'ui/frmwork/CommandFailedException'> (0x00000007be1a7420) thrown at [C:\re\workspace\8-2-build-windows-amd64-cygwin\jdk8u112\7884\hotspot\src\share\vm\prims\jni.cpp, line 709]

Events (10 events):
Event: 81.588 Thread 0x0000015586fe2000 DEOPT UNPACKING pc=0x00000155ec585832 sp=0x000000395edfce20 mode 2
Event: 82.183 loading class ui/frmwork/CommandFailedException
Event: 82.183 loading class ui/frmwork/CommandFailedException done
Event: 82.185 loading class java/awt/IllegalComponentStateException
Event: 82.185 loading class java/awt/IllegalComponentStateException done
Event: 82.185 loading class java/util/NoSuchElementException
Event: 82.185 loading class java/util/NoSuchElementException done
Event: 82.210 Thread 0x0000015586fe2000 Uncommon trap: trap_request=0xffffff65 fr.pc=0x00000155ed317a58
Event: 82.210 Thread 0x0000015586fe2000 DEOPT PACKING pc=0x00000155ed317a58 sp=0x000000395edfc0f0
Event: 82.210 Thread 0x0000015586fe2000 DEOPT UNPACKING pc=0x00000155ec585832 sp=0x000000395edfc0b0 mode 2


Dynamic libraries:
0x00007ff6fc2c0000 - 0x00007ff6fc2f0000 	D:\Xilinx\Vivado\2018.2\bin\unwrapped\win64.o\vivado.exe
0x00007ffd32800000 - 0x00007ffd329f0000 	C:\WINDOWS\SYSTEM32\ntdll.dll
0x00007ffd30b40000 - 0x00007ffd30bf2000 	C:\WINDOWS\System32\KERNEL32.DLL
0x00007ffd2f9b0000 - 0x00007ffd2fc54000 	C:\WINDOWS\System32\KERNELBASE.dll
0x00007ffd306a0000 - 0x00007ffd3079a000 	C:\WINDOWS\System32\ucrtbase.dll
0x00007ffd172e0000 - 0x00007ffd17379000 	C:\WINDOWS\SYSTEM32\MSVCP140.dll
0x00007ffd26680000 - 0x00007ffd26694000 	D:\Xilinx\Vivado\2018.2\lib\win64.o\libboost_signals.dll
0x00007ffce8ee0000 - 0x00007ffce9cf9000 	D:\Xilinx\Vivado\2018.2\lib\win64.o\librdi_common.dll
0x00007ffd266a0000 - 0x00007ffd266b4000 	D:\Xilinx\Vivado\2018.2\lib\win64.o\librdi_commonmain.dll
0x00007ffd1cab0000 - 0x00007ffd1cac6000 	C:\WINDOWS\SYSTEM32\VCRUNTIME140.dll
0x00007ffd32360000 - 0x00007ffd324f4000 	C:\WINDOWS\System32\USER32.dll
0x00007ffd2fea0000 - 0x00007ffd2fec1000 	C:\WINDOWS\System32\win32u.dll
0x00007ffd32790000 - 0x00007ffd327b6000 	C:\WINDOWS\System32\GDI32.dll
0x00007ffce9e00000 - 0x00007ffcea16e000 	D:\Xilinx\Vivado\2018.2\lib\win64.o\libCOIN-all.dll
0x00007ffd2fc60000 - 0x00007ffd2fdf4000 	C:\WINDOWS\System32\gdi32full.dll
0x00007ffd1f420000 - 0x00007ffd1f434000 	D:\Xilinx\Vivado\2018.2\lib\win64.o\libboost_date_time.dll
0x00007ffceb0c0000 - 0x00007ffceb375000 	D:\Xilinx\Vivado\2018.2\lib\win64.o\libXil_lmgr11.dll
0x00007ffd2fe00000 - 0x00007ffd2fe9e000 	C:\WINDOWS\System32\msvcp_win.dll
0x00007ffd30c00000 - 0x00007ffd30cd0000 	C:\WINDOWS\System32\COMDLG32.dll
0x00007ffd31b10000 - 0x00007ffd31bb3000 	C:\WINDOWS\System32\ADVAPI32.dll
0x00007ffd1e6d0000 - 0x00007ffd1e6f6000 	D:\Xilinx\Vivado\2018.2\lib\win64.o\libboost_filesystem.dll
0x00007ffd318b0000 - 0x00007ffd3194e000 	C:\WINDOWS\System32\msvcrt.dll
0x00007ffd1e4c0000 - 0x00007ffd1e53f000 	D:\Xilinx\Vivado\2018.2\lib\win64.o\libboost_program_options.dll
0x00007ffd30aa0000 - 0x00007ffd30b37000 	C:\WINDOWS\System32\sechost.dll
0x00007ffd31440000 - 0x00007ffd31776000 	C:\WINDOWS\System32\combase.dll
0x00007ffcfa450000 - 0x00007ffcfa564000 	D:\Xilinx\Vivado\2018.2\lib\win64.o\libboost_regex.dll
0x00007ffd30cd0000 - 0x00007ffd30df0000 	C:\WINDOWS\System32\RPCRT4.dll
0x00007ffd23dc0000 - 0x00007ffd23dcb000 	D:\Xilinx\Vivado\2018.2\lib\win64.o\libboost_system.dll
0x00007ffd2f790000 - 0x00007ffd2f810000 	C:\WINDOWS\System32\bcryptPrimitives.dll
0x00007ffd31c70000 - 0x00007ffd32354000 	C:\WINDOWS\System32\SHELL32.dll
0x00007ffd1e6a0000 - 0x00007ffd1e6c1000 	D:\Xilinx\Vivado\2018.2\lib\win64.o\libboost_thread.dll
0x00007ffd309f0000 - 0x00007ffd30a99000 	C:\WINDOWS\System32\shcore.dll
0x00007ffd1f340000 - 0x00007ffd1f34f000 	D:\Xilinx\Vivado\2018.2\lib\win64.o\libboost_xilinx.dll
0x00007ffd2f960000 - 0x00007ffd2f9aa000 	C:\WINDOWS\System32\cfgmgr32.dll
0x00007ffd2ff20000 - 0x00007ffd3069e000 	C:\WINDOWS\System32\windows.storage.dll
0x00007ffd326c0000 - 0x00007ffd32712000 	C:\WINDOWS\System32\SHLWAPI.dll
0x00007ffcfa310000 - 0x00007ffcfa392000 	D:\Xilinx\Vivado\2018.2\lib\win64.o\libhdlpsolve.dll
0x00007ffd26590000 - 0x00007ffd2659a000 	D:\Xilinx\Vivado\2018.2\lib\win64.o\librdi_commonversion.dll
0x00007ffd2f6f0000 - 0x00007ffd2f713000 	C:\WINDOWS\System32\profapi.dll
0x00007ffd2f740000 - 0x00007ffd2f78a000 	C:\WINDOWS\System32\powrprof.dll
0x00007ffd30df0000 - 0x00007ffd30eb4000 	C:\WINDOWS\System32\OLEAUT32.dll
0x00007ffd2f6c0000 - 0x00007ffd2f6d0000 	C:\WINDOWS\System32\UMPDC.dll
0x00007ffcfa570000 - 0x00007ffcfa691000 	D:\Xilinx\Vivado\2018.2\lib\win64.o\librdi_commonxillic.dll
0x00007ffcfa3a0000 - 0x00007ffcfa445000 	D:\Xilinx\Vivado\2018.2\lib\win64.o\libhdxml.dll
0x00007ffd2f6d0000 - 0x00007ffd2f6e1000 	C:\WINDOWS\System32\kernel.appcore.dll
0x00007ffd319b0000 - 0x00007ffd31b07000 	C:\WINDOWS\System32\ole32.dll
0x00007ffd2fed0000 - 0x00007ffd2fee7000 	C:\WINDOWS\System32\cryptsp.dll
0x00007ffd32720000 - 0x00007ffd3278f000 	C:\WINDOWS\System32\WS2_32.dll
0x00000000523e0000 - 0x000000005250b000 	D:\Xilinx\Vivado\2018.2\lib\win64.o\tcl85t.dll
0x00007ffcdfc10000 - 0x00007ffce04c3c00 	D:\Xilinx\Vivado\2018.2\lib\win64.o\libisl_iostreams.dll
0x00007ffd130f0000 - 0x00007ffd1311e000 	D:\Xilinx\Vivado\2018.2\lib\win64.o\libisl_sysinfo.dll
0x00007ffd30850000 - 0x00007ffd308ac000 	C:\WINDOWS\System32\WINTRUST.dll
0x0000000051b40000 - 0x00000000523da000 	D:\Xilinx\Vivado\2018.2\tps\win64\jre\bin\server\jvm.dll
0x00007ffd2f720000 - 0x00007ffd2f732000 	C:\WINDOWS\System32\MSASN1.dll
0x00007ffcf9db0000 - 0x00007ffcf9e15000 	D:\Xilinx\Vivado\2018.2\lib\win64.o\liblmx6.0.dll
0x00007ffd2f810000 - 0x00007ffd2f959000 	C:\WINDOWS\System32\CRYPT32.dll
0x00007ffd1f040000 - 0x00007ffd1f05a000 	D:\Xilinx\Vivado\2018.2\lib\win64.o\pthreadVC2.dll
0x00007ffcf2700000 - 0x00007ffcf2851000 	D:\Xilinx\Vivado\2018.2\lib\win64.o\librdi_curl.dll
0x00007ffd13010000 - 0x00007ffd13031000 	D:\Xilinx\Vivado\2018.2\lib\win64.o\librdizlib.dll
0x00007ffd1e360000 - 0x00007ffd1e37c000 	D:\Xilinx\Vivado\2018.2\lib\win64.o\librdiconfig.dll
0x00007ffd326b0000 - 0x00007ffd326b8000 	C:\WINDOWS\System32\PSAPI.DLL
0x0000000012000000 - 0x0000000012272000 	D:\Xilinx\Vivado\2018.2\lib\win64.o\xerces-c_3_1.dll
0x00007ffd1db20000 - 0x00007ffd1db37000 	C:\WINDOWS\SYSTEM32\NETAPI32.dll
0x00007ffd0d870000 - 0x00007ffd0dd45000 	C:\WINDOWS\SYSTEM32\WININET.dll
0x00007ffd27570000 - 0x00007ffd27660000 	C:\WINDOWS\SYSTEM32\WINHTTP.dll
0x00007ffd20410000 - 0x00007ffd205e6000 	C:\WINDOWS\SYSTEM32\urlmon.dll
0x00007ffd1f250000 - 0x00007ffd1f25d000 	D:\Xilinx\Vivado\2018.2\lib\win64.o\libboost_chrono.dll
0x00007ffd1f330000 - 0x00007ffd1f339000 	C:\WINDOWS\SYSTEM32\WSOCK32.dll
0x00007ffd24500000 - 0x00007ffd245a9000 	C:\WINDOWS\WinSxS\amd64_microsoft.windows.common-controls_6595b64144ccf1df_5.82.18362.836_none_2a2600ea466b531c\COMCTL32.dll
0x00007ffcdeba0000 - 0x00007ffcdfa31000 	D:\Xilinx\Vivado\2018.2\lib\win64.o\gurobi65.dll
0x00007ffd04c60000 - 0x00007ffd04c89000 	C:\WINDOWS\SYSTEM32\VCOMP140.DLL
0x00007ffd283f0000 - 0x00007ffd2840c000 	C:\WINDOWS\SYSTEM32\dhcpcsvc.DLL
0x00007ffcfc370000 - 0x00007ffcfc395000 	D:\Xilinx\Vivado\2018.2\lib\win64.o\libisl_iosutils.dll
0x00007ffd30f20000 - 0x00007ffd30f28000 	C:\WINDOWS\System32\NSI.dll
0x00007ffd1d910000 - 0x00007ffd1d92b000 	D:\Xilinx\Vivado\2018.2\lib\win64.o\libboost_iostreams.dll
0x00007ffd278f0000 - 0x00007ffd278fa000 	C:\WINDOWS\SYSTEM32\VERSION.dll
0x0000000051a60000 - 0x0000000051b32000 	C:\WINDOWS\SYSTEM32\MSVCR100.dll
0x00007ffd281b0000 - 0x00007ffd281d4000 	C:\WINDOWS\SYSTEM32\WINMM.dll
0x00007ffd20160000 - 0x00007ffd20406000 	C:\WINDOWS\SYSTEM32\iertutil.dll
0x00007ffd28180000 - 0x00007ffd281ad000 	C:\WINDOWS\SYSTEM32\WINMMBASE.dll
0x00007ffd2f100000 - 0x00007ffd2f10c000 	C:\WINDOWS\SYSTEM32\CRYPTBASE.DLL
0x00007ffd31780000 - 0x00007ffd317ae000 	C:\WINDOWS\System32\IMM32.DLL
0x00007ffce5030000 - 0x00007ffce54bc000 	D:\Xilinx\Vivado\2018.2\lib\win64.o\librdi_commontasks.dll
0x00007ffce5b30000 - 0x00007ffce5da7000 	D:\Xilinx\Vivado\2018.2\lib\win64.o\librdi_sio.dll
0x00007ffd2ec40000 - 0x00007ffd2ec7a000 	C:\WINDOWS\SYSTEM32\IPHLPAPI.DLL
0x00007ffccf2a0000 - 0x00007ffcd149f000 	D:\Xilinx\Vivado\2018.2\lib\win64.o\librdi_tcltasks.dll
0x00007ffcde7c0000 - 0x00007ffcdeb95000 	D:\Xilinx\Vivado\2018.2\lib\win64.o\librdi_bitstream.dll
0x00007ffcf9c50000 - 0x00007ffcf9cba000 	D:\Xilinx\Vivado\2018.2\lib\win64.o\librdi_boarddep.dll
0x00007ffcf2140000 - 0x00007ffcf22be000 	D:\Xilinx\Vivado\2018.2\lib\win64.o\librdi_board.dll
0x00007ffce3310000 - 0x00007ffce3557000 	D:\Xilinx\Vivado\2018.2\lib\win64.o\librdi_chipscope.dll
0x00007ffccd810000 - 0x00007ffccf069000 	D:\Xilinx\Vivado\2018.2\lib\win64.o\librdi_constraints.dll
0x00007ffcf6a90000 - 0x00007ffcf6bb8000 	D:\Xilinx\Vivado\2018.2\lib\win64.o\librdi_containers.dll
0x00007ffcdd6f0000 - 0x00007ffcdddc9000 	D:\Xilinx\Vivado\2018.2\lib\win64.o\librdi_coregenipxact.dll
0x00007ffccbaf0000 - 0x00007ffccd801000 	D:\Xilinx\Vivado\2018.2\lib\win64.o\librdi_coregen.dll
0x00007ffcc4b30000 - 0x00007ffcc8892000 	D:\Xilinx\Vivado\2018.2\lib\win64.o\librdi_designutils.dll
0x00007ffce2200000 - 0x00007ffce2518000 	D:\Xilinx\Vivado\2018.2\lib\win64.o\librdi_dlyest.dll
0x00007ffcaa2c0000 - 0x00007ffcb8ab8000 	D:\Xilinx\Vivado\2018.2\lib\win64.o\librdi_device.dll
0x00007ffcdd1a0000 - 0x00007ffcdd6e1000 	D:\Xilinx\Vivado\2018.2\lib\win64.o\librdi_drc.dll
0x00007ffcdc640000 - 0x00007ffcdcc71000 	D:\Xilinx\Vivado\2018.2\lib\win64.o\librdi_filemgmt.dll
0x00007ffcf2c70000 - 0x00007ffcf2d32000 	D:\Xilinx\Vivado\2018.2\lib\win64.o\librdi_dsp.dll
0x00007ffcfbb70000 - 0x00007ffcfbbc8000 	D:\Xilinx\Vivado\2018.2\lib\win64.o\librdi_hdf.dll
0x00007ffcde4e0000 - 0x00007ffcde7b1000 	D:\Xilinx\Vivado\2018.2\lib\win64.o\librdi_guitools.dll
0x00007ffcd2090000 - 0x00007ffcd32c4000 	D:\Xilinx\Vivado\2018.2\lib\win64.o\librdi_implflow.dll
0x00007ffcc1320000 - 0x00007ffcc4b2a000 	D:\Xilinx\Vivado\2018.2\lib\win64.o\librdi_mig.dll
0x00007ffcd17e0000 - 0x00007ffcd1e31000 	D:\Xilinx\Vivado\2018.2\lib\win64.o\librdi_memdata.dll
0x00007ffccb640000 - 0x00007ffccbae2000 	D:\Xilinx\Vivado\2018.2\lib\win64.o\librdi_netlist.dll
0x00007ffcbef80000 - 0x00007ffcc131e000 	D:\Xilinx\Vivado\2018.2\lib\win64.o\librdi_place.dll
0x00007ffcfa6c0000 - 0x00007ffcfa709000 	D:\Xilinx\Vivado\2018.2\lib\win64.o\librdi_pfi.dll
0x00007ffccb3b0000 - 0x00007ffccb63a000 	D:\Xilinx\Vivado\2018.2\lib\win64.o\librdi_platform.dll
0x00007ffccacc0000 - 0x00007ffccb3ac000 	D:\Xilinx\Vivado\2018.2\lib\win64.o\librdi_power.dll
0x00007ffcca780000 - 0x00007ffccacbd000 	D:\Xilinx\Vivado\2018.2\lib\win64.o\librdi_project.dll
0x00007ffcc9d10000 - 0x00007ffcca3f1000 	D:\Xilinx\Vivado\2018.2\lib\win64.o\librdi_psta.dll
0x00007ffcc96d0000 - 0x00007ffcc9d0e000 	D:\Xilinx\Vivado\2018.2\lib\win64.o\librdi_rsb.dll
0x00007ffcc9300000 - 0x00007ffcc96c3000 	D:\Xilinx\Vivado\2018.2\lib\win64.o\librdi_runs.dll
0x00007ffcebd80000 - 0x00007ffcebe57000 	D:\Xilinx\Vivado\2018.2\lib\win64.o\librdi_runsbase.dll
0x00007ffce15b0000 - 0x00007ffce17d6000 	D:\Xilinx\Vivado\2018.2\lib\win64.o\librdi_simdata.dll
0x00007ffcbe260000 - 0x00007ffcbef7d000 	D:\Xilinx\Vivado\2018.2\lib\win64.o\librdi_timing.dll
0x00007ffcecc70000 - 0x00007ffcecd3b000 	D:\Xilinx\Vivado\2018.2\lib\win64.o\librdi_xhub.dll
0x00007ffcf6690000 - 0x00007ffcf66dc000 	D:\Xilinx\Vivado\2018.2\lib\win64.o\libboost_serialization.dll
0x00007ffce8e30000 - 0x00007ffce8edf000 	D:\Xilinx\Vivado\2018.2\lib\win64.o\librdi_hip_devdesign.dll
0x00007ffcf66e0000 - 0x00007ffcf6746000 	D:\Xilinx\Vivado\2018.2\lib\win64.o\librdi_ipconfig_readwrite.dll
0x00007ffcfbfa0000 - 0x00007ffcfbfd8000 	D:\Xilinx\Vivado\2018.2\lib\win64.o\librdi_noc_frameworks.dll
0x00007ffcbd760000 - 0x00007ffcbe253000 	D:\Xilinx\Vivado\2018.2\lib\win64.o\libverific.dll
0x00007ffce8da0000 - 0x00007ffce8e28000 	D:\Xilinx\Vivado\2018.2\lib\win64.o\librdi_hip_config.dll
0x00007ffcc8db0000 - 0x00007ffcc92fe000 	D:\Xilinx\Vivado\2018.2\lib\win64.o\librdi_xdm.dll
0x00007ffce3aa0000 - 0x00007ffce3b3e000 	D:\Xilinx\Vivado\2018.2\lib\win64.o\libise.dll
0x00007ffcbd1b0000 - 0x00007ffcbd751000 	D:\Xilinx\Vivado\2018.2\lib\win64.o\librdi_wavedata.dll
0x00007ffcf2c20000 - 0x00007ffcf2c69000 	D:\Xilinx\Vivado\2018.2\lib\win64.o\librdi_wavedata_SimpleApi.dll

VM Arguments:
jvm_args: -Dsun.java2d.pmoffscreen=false -Dsun.java2d.xrender=false -Dsun.java2d.d3d=false -Dsun.awt.nopixfmt=true -Xverify:none -Dswing.aatext=true -XX:-UsePerfData -Djdk.map.althashing.threshold=512 -XX:StringTableSize=4072 -XX:NewSize=60m -XX:MaxNewSize=60m -Xms128m -Xmx3072m -Xss5m 
java_command: <unknown>
java_class_path (initial): D:/Xilinx/Vivado/2018.2\lib\classes\alloy.jar;D:/Xilinx/Vivado/2018.2\lib\classes\autopilot.scelaborator.jar;D:/Xilinx/Vivado/2018.2\lib\classes\autopilot.sourceprocessor.jar;D:/Xilinx/Vivado/2018.2\lib\classes\autopilot.tbprocessor.jar;D:/Xilinx/Vivado/2018.2\lib\classes\batik-anim.jar;D:/Xilinx/Vivado/2018.2\lib\classes\batik-awt-util.jar;D:/Xilinx/Vivado/2018.2\lib\classes\batik-bridge.jar;D:/Xilinx/Vivado/2018.2\lib\classes\batik-codec.jar;D:/Xilinx/Vivado/2018.2\lib\classes\batik-css.jar;D:/Xilinx/Vivado/2018.2\lib\classes\batik-dom.jar;D:/Xilinx/Vivado/2018.2\lib\classes\batik-ext.jar;D:/Xilinx/Vivado/2018.2\lib\classes\batik-gui-util.jar;D:/Xilinx/Vivado/2018.2\lib\classes\batik-gvt.jar;D:/Xilinx/Vivado/2018.2\lib\classes\batik-parser.jar;D:/Xilinx/Vivado/2018.2\lib\classes\batik-script.jar;D:/Xilinx/Vivado/2018.2\lib\classes\batik-svg-dom.jar;D:/Xilinx/Vivado/2018.2\lib\classes\batik-swing.jar;D:/Xilinx/Vivado/2018.2\lib\classes\batik-transcoder.jar;D:/Xilinx/Vivado/2018.2\lib\classes\batik-util.jar;D:/Xilinx/Vivado/2018.2\lib\classes\batik-xml.jar;D:/Xilinx/Vivado/2018.2\lib\classes\com.ibm.icu_4.4.2.v20110208.jar;D:/Xilinx/Vivado/2018.2\lib\classes\commons-collections4-4.1.jar;D:/Xilinx/Vivado/2018.2\lib\classes\commons-math-2.2.jar;D:/Xilinx/Vivado/2018.2\lib\classes\dom4j-1.6.1.jar;D:/Xilinx/Vivado/2018.2\lib\classes\guava-18.0.jar;D:/Xilinx/Vivado/2018.2\lib\classes\help.jar;D:/Xilinx/Vivado/2018.2\lib\classes\hsqldb.jar;D:/Xilinx/Vivado/2018.2\lib\classes\jargs.jar;D:/Xilinx/Vivado/2018.2\lib\classes\jh.jar;D:/Xilinx/Vivado/2018.2\lib\classes\jide-action.jar;D:/Xilinx/Vivado/2018.2\lib\classes\jide-charts.jar;D:/Xilinx/Vivado/2018.2\lib\classes\jide-common.jar;D:/Xilinx/Vivado/2018.2\lib\classes\jide-components.jar;D:/Xilinx/Vivado/2018.2\lib\classes\jide-dashboard.jar;D:/Xilinx/Vivado/2018.2\lib\classes\jide-data.jar;D:/Xilinx/Vivado/2018.2\lib\classes\jide-dialogs.jar;D:/Xilinx/Vivado/2018.2\lib\classes\jide-diff.jar;D:/X
Launcher Type: generic

Environment Variables:
JAVA_HOME=F:\java
CLASSPATH=.;F:\java\lib\dt.jar;F:\java\lib\tools.jar;F:\apache-tomcat-7.0.103\lib\servlet-api.jar
PATH=D:/Xilinx/Vivado/2018.2/bin;D:/Xilinx/Vivado/2018.2/lib/win64.o;D:/Xilinx/Vivado/2018.2/tps/win64/jre/bin/server;D:/Xilinx/Vivado/2018.2/tps/win64/jre/bin;D:/Xilinx/SDK/2018.2/bin;D:/Xilinx/Vivado/2018.2/ids_lite/ISE/bin/nt64;D:/Xilinx/Vivado/2018.2/ids_lite/ISE/lib/nt64;C:\Program Files (x86)\Common Files\Oracle\Java\javapath;C:\Program Files (x86)\Common Files\Intel\Shared Libraries\redist\intel64\compiler;C:\Program Files (x86)\Intel\iCLS Client\;C:\Program Files\Intel\iCLS Client\;C:\Windows\system32;C:\Windows;C:\Windows\System32\Wbem;C:\Windows\System32\WindowsPowerShell\v1.0\;C:\Program Files (x86)\Intel\Intel(R) Management Engine Components\DAL;C:\Program Files\Intel\Intel(R) Management Engine Components\DAL;C:\Program Files (x86)\Intel\Intel(R) Management Engine Components\IPT;C:\Program Files\Intel\Intel(R) Management Engine Components\IPT;C:\Program Files (x86)\NVIDIA Corporation\PhysX\Common;D:\codeblocks-16.01mingw-nosetup\MinGW\bin;C:\Program Files\Common Files\Autodesk Shared\;C:\Program Files (x86)\Autodesk\Backburner\;C:\Program Files\Microsoft SQL Server\130\Tools\Binn\;C:\WINDOWS\System32\OpenSSH\;C:\Program Files (x86)\NVIDIA Corporation\Cg\bin;C:\Program Files (x86)\NVIDIA Corporation\Cg\bin.x64;F:\Git\cmd;F:\MinGW\bin;D:\Node.js\;C:\Program Files\NVIDIA Corporation\NVIDIA NvDLISR;F:\MySQL\mysql-8.0.19-winx64\bin;F:\Sqlite;F:\apache-tomcat-7.0.103\bin;F:\java\bin;F:\apache-tomcat-7.0.103\lib;D:\Node.js\node_global;F:\python\Scripts;C:\Users\fr\scoop\shims;F:\python\;C:\Users\fr\AppData\Local\Microsoft\WindowsApps;E:\bandzip\;D:\Microsoft VS Code\bin;D:\texlive\2018\bin\win32;F:\mingw64\bin;F:\LLVM\bin;C:\Users\fr\AppData\Roaming\npm;;D:/Xilinx/Vivado/2018.2\tps\mingw\6.2.0\win64.o\nt\bin;D:/Xilinx/Vivado/2018.2\tps\mingw\6.2.0\win64.o\nt\libexec\gcc\x86_64-w64-mingw32\6.2.0
USERNAME=fr
OS=Windows_NT
PROCESSOR_IDENTIFIER=Intel64 Family 6 Model 158 Stepping 9, GenuineIntel



---------------  S Y S T E M  ---------------

OS: Windows 10.0 , 64 bit Build 18362 (10.0.18362.778)

CPU:total 8 (4 cores per cpu, 2 threads per core) family 6 model 158 stepping 9, cmov, cx8, fxsr, mmx, sse, sse2, sse3, ssse3, sse4.1, sse4.2, popcnt, avx, avx2, aes, clmul, erms, 3dnowpref, lzcnt, ht, tsc, tscinvbit, bmi1, bmi2, adx

Memory: 4k page, physical 8269908k(2579084k free), swap 16539816k(6540360k free)

vm_info: Java HotSpot(TM) 64-Bit Server VM (25.112-b15) for windows-amd64 JRE (1.8.0_112-b15), built on Sep 22 2016 21:31:56 by "java_re" with MS VC++ 10.0 (VS2010)

time: Tue May 19 18:55:25 2020
elapsed time: 82 seconds (0d 0h 1m 22s)

